<?xml version="1.0" encoding="UTF-8"?>
<coverage generated="1761618862789" clover="3.2.0">
  <project timestamp="1761618862789" name="All files">
    <metrics statements="511" coveredstatements="308" conditionals="318" coveredconditionals="217" methods="82" coveredmethods="51" elements="911" coveredelements="576" complexity="0" loc="511" ncloc="511" packages="23" files="39" classes="39"/>
    <package name="src">
      <metrics statements="33" coveredstatements="9" conditionals="16" coveredconditionals="3" methods="4" coveredmethods="3"/>
      <file name="app.controller.ts" path="C:\wamp64\www\newway\case-task-manager\case-task-manager-api\src\app.controller.ts">
        <metrics statements="6" coveredstatements="6" conditionals="4" coveredconditionals="3" methods="2" coveredmethods="2"/>
        <line num="1" count="1" type="stmt"/>
        <line num="2" count="1" type="stmt"/>
        <line num="5" count="1" type="stmt"/>
        <line num="6" count="5" type="cond" truecount="3" falsecount="1"/>
        <line num="9" count="1" type="stmt"/>
        <line num="10" count="4" type="stmt"/>
      </file>
      <file name="app.module.ts" path="C:\wamp64\www\newway\case-task-manager\case-task-manager-api\src\app.module.ts">
        <metrics statements="9" coveredstatements="0" conditionals="10" coveredconditionals="0" methods="0" coveredmethods="0"/>
        <line num="1" count="0" type="stmt"/>
        <line num="2" count="0" type="stmt"/>
        <line num="3" count="0" type="stmt"/>
        <line num="4" count="0" type="stmt"/>
        <line num="5" count="0" type="stmt"/>
        <line num="6" count="0" type="stmt"/>
        <line num="7" count="0" type="stmt"/>
        <line num="8" count="0" type="stmt"/>
        <line num="35" count="0" type="stmt"/>
      </file>
      <file name="app.service.ts" path="C:\wamp64\www\newway\case-task-manager\case-task-manager-api\src\app.service.ts">
        <metrics statements="3" coveredstatements="3" conditionals="0" coveredconditionals="0" methods="1" coveredmethods="1"/>
        <line num="1" count="2" type="stmt"/>
        <line num="4" count="2" type="stmt"/>
        <line num="6" count="6" type="stmt"/>
      </file>
      <file name="main.ts" path="C:\wamp64\www\newway\case-task-manager\case-task-manager-api\src\main.ts">
        <metrics statements="15" coveredstatements="0" conditionals="2" coveredconditionals="0" methods="1" coveredmethods="0"/>
        <line num="1" count="0" type="stmt"/>
        <line num="2" count="0" type="stmt"/>
        <line num="3" count="0" type="stmt"/>
        <line num="4" count="0" type="stmt"/>
        <line num="7" count="0" type="stmt"/>
        <line num="10" count="0" type="stmt"/>
        <line num="13" count="0" type="stmt"/>
        <line num="16" count="0" type="stmt"/>
        <line num="25" count="0" type="stmt"/>
        <line num="32" count="0" type="stmt"/>
        <line num="33" count="0" type="stmt"/>
        <line num="35" count="0" type="cond" truecount="0" falsecount="2"/>
        <line num="36" count="0" type="stmt"/>
        <line num="37" count="0" type="stmt"/>
        <line num="39" count="0" type="stmt"/>
      </file>
    </package>
    <package name="src.api.auth">
      <metrics statements="16" coveredstatements="0" conditionals="4" coveredconditionals="0" methods="2" coveredmethods="0"/>
      <file name="auth.module.ts" path="C:\wamp64\www\newway\case-task-manager\case-task-manager-api\src\api\auth\auth.module.ts">
        <metrics statements="10" coveredstatements="0" conditionals="2" coveredconditionals="0" methods="1" coveredmethods="0"/>
        <line num="1" count="0" type="stmt"/>
        <line num="2" count="0" type="stmt"/>
        <line num="3" count="0" type="stmt"/>
        <line num="4" count="0" type="stmt"/>
        <line num="5" count="0" type="stmt"/>
        <line num="6" count="0" type="stmt"/>
        <line num="7" count="0" type="stmt"/>
        <line num="8" count="0" type="stmt"/>
        <line num="16" count="0" type="stmt"/>
        <line num="27" count="0" type="stmt"/>
      </file>
      <file name="constants.ts" path="C:\wamp64\www\newway\case-task-manager\case-task-manager-api\src\api\auth\constants.ts">
        <metrics statements="6" coveredstatements="0" conditionals="2" coveredconditionals="0" methods="1" coveredmethods="0"/>
        <line num="1" count="0" type="stmt"/>
        <line num="2" count="0" type="stmt"/>
        <line num="3" count="0" type="stmt"/>
        <line num="5" count="0" type="cond" truecount="0" falsecount="2"/>
        <line num="6" count="0" type="stmt"/>
        <line num="7" count="0" type="stmt"/>
      </file>
    </package>
    <package name="src.api.auth.controllers">
      <metrics statements="17" coveredstatements="17" conditionals="28" coveredconditionals="21" methods="4" coveredmethods="4"/>
      <file name="auth.controller.ts" path="C:\wamp64\www\newway\case-task-manager\case-task-manager-api\src\api\auth\controllers\auth.controller.ts">
        <metrics statements="17" coveredstatements="17" conditionals="28" coveredconditionals="21" methods="4" coveredmethods="4"/>
        <line num="1" count="1" type="stmt"/>
        <line num="2" count="1" type="stmt"/>
        <line num="3" count="1" type="stmt"/>
        <line num="4" count="1" type="stmt"/>
        <line num="5" count="1" type="stmt"/>
        <line num="6" count="1" type="stmt"/>
        <line num="7" count="1" type="stmt"/>
        <line num="8" count="1" type="stmt"/>
        <line num="9" count="1" type="stmt"/>
        <line num="13" count="1" type="stmt"/>
        <line num="14" count="10" type="cond" truecount="3" falsecount="1"/>
        <line num="28" count="1" type="cond" truecount="6" falsecount="2"/>
        <line num="29" count="3" type="stmt"/>
        <line num="45" count="1" type="cond" truecount="6" falsecount="2"/>
        <line num="46" count="4" type="stmt"/>
        <line num="62" count="1" type="cond" truecount="6" falsecount="2"/>
        <line num="63" count="3" type="stmt"/>
      </file>
    </package>
    <package name="src.api.auth.decorators">
      <metrics statements="7" coveredstatements="5" conditionals="0" coveredconditionals="0" methods="2" coveredmethods="0"/>
      <file name="current-user.decorator.ts" path="C:\wamp64\www\newway\case-task-manager\case-task-manager-api\src\api\auth\decorators\current-user.decorator.ts">
        <metrics statements="4" coveredstatements="2" conditionals="0" coveredconditionals="0" methods="1" coveredmethods="0"/>
        <line num="1" count="2" type="stmt"/>
        <line num="4" count="2" type="stmt"/>
        <line num="6" count="0" type="stmt"/>
        <line num="7" count="0" type="stmt"/>
      </file>
      <file name="roles.decorator.ts" path="C:\wamp64\www\newway\case-task-manager\case-task-manager-api\src\api\auth\decorators\roles.decorator.ts">
        <metrics statements="3" coveredstatements="3" conditionals="0" coveredconditionals="0" methods="1" coveredmethods="0"/>
        <line num="1" count="1" type="stmt"/>
        <line num="4" count="1" type="stmt"/>
        <line num="5" count="1" type="stmt"/>
      </file>
    </package>
    <package name="src.api.auth.dtos">
      <metrics statements="17" coveredstatements="17" conditionals="8" coveredconditionals="6" methods="0" coveredmethods="0"/>
      <file name="auth-response.dto.ts" path="C:\wamp64\www\newway\case-task-manager\case-task-manager-api\src\api\auth\dtos\auth-response.dto.ts">
        <metrics statements="10" coveredstatements="10" conditionals="8" coveredconditionals="6" methods="0" coveredmethods="0"/>
        <line num="1" count="1" type="stmt"/>
        <line num="2" count="1" type="stmt"/>
        <line num="4" count="1" type="stmt"/>
        <line num="9" count="1" type="stmt"/>
        <line num="15" count="1" type="stmt"/>
        <line num="21" count="1" type="cond" truecount="3" falsecount="1"/>
        <line num="24" count="1" type="stmt"/>
        <line num="29" count="1" type="stmt"/>
        <line num="35" count="1" type="stmt"/>
        <line num="41" count="1" type="cond" truecount="3" falsecount="1"/>
      </file>
      <file name="index.ts" path="C:\wamp64\www\newway\case-task-manager\case-task-manager-api\src\api\auth\dtos\index.ts">
        <metrics statements="2" coveredstatements="2" conditionals="0" coveredconditionals="0" methods="0" coveredmethods="0"/>
        <line num="1" count="1" type="stmt"/>
        <line num="2" count="1" type="stmt"/>
      </file>
      <file name="login-user.dto.ts" path="C:\wamp64\www\newway\case-task-manager\case-task-manager-api\src\api\auth\dtos\login-user.dto.ts">
        <metrics statements="5" coveredstatements="5" conditionals="0" coveredconditionals="0" methods="0" coveredmethods="0"/>
        <line num="1" count="1" type="stmt"/>
        <line num="2" count="1" type="stmt"/>
        <line num="4" count="1" type="stmt"/>
        <line num="10" count="1" type="stmt"/>
        <line num="18" count="1" type="stmt"/>
      </file>
    </package>
    <package name="src.api.auth.guards">
      <metrics statements="13" coveredstatements="13" conditionals="6" coveredconditionals="5" methods="3" coveredmethods="3"/>
      <file name="jwt-auth.guard.ts" path="C:\wamp64\www\newway\case-task-manager\case-task-manager-api\src\api\auth\guards\jwt-auth.guard.ts">
        <metrics statements="3" coveredstatements="3" conditionals="0" coveredconditionals="0" methods="0" coveredmethods="0"/>
        <line num="1" count="2" type="stmt"/>
        <line num="2" count="2" type="stmt"/>
        <line num="5" count="2" type="stmt"/>
      </file>
      <file name="roles.guard.ts" path="C:\wamp64\www\newway\case-task-manager\case-task-manager-api\src\api\auth\guards\roles.guard.ts">
        <metrics statements="10" coveredstatements="10" conditionals="6" coveredconditionals="5" methods="3" coveredmethods="3"/>
        <line num="1" count="1" type="stmt"/>
        <line num="2" count="1" type="stmt"/>
        <line num="3" count="1" type="stmt"/>
        <line num="7" count="1" type="stmt"/>
        <line num="8" count="10" type="cond" truecount="3" falsecount="1"/>
        <line num="11" count="10" type="stmt"/>
        <line num="16" count="10" type="cond" truecount="2" falsecount="0"/>
        <line num="17" count="1" type="stmt"/>
        <line num="20" count="9" type="stmt"/>
        <line num="21" count="9" type="stmt"/>
      </file>
    </package>
    <package name="src.api.auth.services">
      <metrics statements="26" coveredstatements="26" conditionals="14" coveredconditionals="12" methods="4" coveredmethods="4"/>
      <file name="auth.service.ts" path="C:\wamp64\www\newway\case-task-manager\case-task-manager-api\src\api\auth\services\auth.service.ts">
        <metrics statements="26" coveredstatements="26" conditionals="14" coveredconditionals="12" methods="4" coveredmethods="4"/>
        <line num="1" count="3" type="stmt"/>
        <line num="2" count="3" type="stmt"/>
        <line num="3" count="3" type="stmt"/>
        <line num="7" count="3" type="stmt"/>
        <line num="8" count="3" type="stmt"/>
        <line num="11" count="3" type="stmt"/>
        <line num="13" count="10" type="cond" truecount="6" falsecount="2"/>
        <line num="14" count="10" type="stmt"/>
        <line num="19" count="3" type="stmt"/>
        <line num="20" count="3" type="cond" truecount="2" falsecount="0"/>
        <line num="21" count="1" type="stmt"/>
        <line num="25" count="2" type="stmt"/>
        <line num="26" count="2" type="stmt"/>
        <line num="29" count="1" type="stmt"/>
        <line num="34" count="1" type="stmt"/>
        <line num="36" count="1" type="stmt"/>
        <line num="45" count="4" type="stmt"/>
        <line num="46" count="4" type="cond" truecount="2" falsecount="0"/>
        <line num="47" count="1" type="stmt"/>
        <line num="51" count="3" type="stmt"/>
        <line num="52" count="2" type="cond" truecount="2" falsecount="0"/>
        <line num="53" count="1" type="stmt"/>
        <line num="57" count="1" type="stmt"/>
        <line num="62" count="1" type="stmt"/>
        <line num="64" count="1" type="stmt"/>
        <line num="72" count="3" type="stmt"/>
      </file>
    </package>
    <package name="src.api.auth.strategies">
      <metrics statements="13" coveredstatements="13" conditionals="12" coveredconditionals="10" methods="2" coveredmethods="2"/>
      <file name="jwt.strategy.ts" path="C:\wamp64\www\newway\case-task-manager\case-task-manager-api\src\api\auth\strategies\jwt.strategy.ts">
        <metrics statements="13" coveredstatements="13" conditionals="12" coveredconditionals="10" methods="2" coveredmethods="2"/>
        <line num="1" count="1" type="stmt"/>
        <line num="2" count="1" type="stmt"/>
        <line num="3" count="1" type="stmt"/>
        <line num="4" count="1" type="stmt"/>
        <line num="5" count="1" type="stmt"/>
        <line num="16" count="1" type="stmt"/>
        <line num="18" count="10" type="cond" truecount="6" falsecount="2"/>
        <line num="19" count="10" type="stmt"/>
        <line num="21" count="10" type="stmt"/>
        <line num="29" count="6" type="stmt"/>
        <line num="30" count="5" type="cond" truecount="2" falsecount="0"/>
        <line num="31" count="1" type="stmt"/>
        <line num="33" count="4" type="stmt"/>
      </file>
    </package>
    <package name="src.api.tasks">
      <metrics statements="7" coveredstatements="0" conditionals="0" coveredconditionals="0" methods="0" coveredmethods="0"/>
      <file name="tasks.module.ts" path="C:\wamp64\www\newway\case-task-manager\case-task-manager-api\src\api\tasks\tasks.module.ts">
        <metrics statements="7" coveredstatements="0" conditionals="0" coveredconditionals="0" methods="0" coveredmethods="0"/>
        <line num="1" count="0" type="stmt"/>
        <line num="2" count="0" type="stmt"/>
        <line num="3" count="0" type="stmt"/>
        <line num="4" count="0" type="stmt"/>
        <line num="5" count="0" type="stmt"/>
        <line num="6" count="0" type="stmt"/>
        <line num="14" count="0" type="stmt"/>
      </file>
    </package>
    <package name="src.api.tasks.controllers">
      <metrics statements="20" coveredstatements="20" conditionals="52" coveredconditionals="39" methods="6" coveredmethods="6"/>
      <file name="tasks.controller.ts" path="C:\wamp64\www\newway\case-task-manager\case-task-manager-api\src\api\tasks\controllers\tasks.controller.ts">
        <metrics statements="20" coveredstatements="20" conditionals="52" coveredconditionals="39" methods="6" coveredmethods="6"/>
        <line num="1" count="1" type="stmt"/>
        <line num="12" count="1" type="stmt"/>
        <line num="20" count="1" type="stmt"/>
        <line num="21" count="1" type="stmt"/>
        <line num="22" count="1" type="stmt"/>
        <line num="23" count="1" type="stmt"/>
        <line num="24" count="1" type="stmt"/>
        <line num="25" count="1" type="stmt"/>
        <line num="31" count="1" type="stmt"/>
        <line num="32" count="17" type="cond" truecount="3" falsecount="1"/>
        <line num="46" count="1" type="stmt"/>
        <line num="50" count="2" type="stmt"/>
        <line num="67" count="1" type="cond" truecount="6" falsecount="2"/>
        <line num="68" count="3" type="stmt"/>
        <line num="91" count="1" type="stmt"/>
        <line num="95" count="3" type="stmt"/>
        <line num="119" count="1" type="stmt"/>
        <line num="124" count="4" type="stmt"/>
        <line num="146" count="1" type="stmt"/>
        <line num="150" count="4" type="stmt"/>
      </file>
    </package>
    <package name="src.api.tasks.dtos">
      <metrics statements="17" coveredstatements="16" conditionals="8" coveredconditionals="6" methods="1" coveredmethods="0"/>
      <file name="create-task.dto.ts" path="C:\wamp64\www\newway\case-task-manager\case-task-manager-api\src\api\tasks\dtos\create-task.dto.ts">
        <metrics statements="12" coveredstatements="11" conditionals="8" coveredconditionals="6" methods="1" coveredmethods="0"/>
        <line num="1" count="1" type="stmt"/>
        <line num="2" count="1" type="stmt"/>
        <line num="3" count="1" type="stmt"/>
        <line num="4" count="1" type="stmt"/>
        <line num="6" count="1" type="stmt"/>
        <line num="15" count="1" type="stmt"/>
        <line num="24" count="1" type="stmt"/>
        <line num="34" count="1" type="cond" truecount="3" falsecount="1"/>
        <line num="44" count="1" type="cond" truecount="3" falsecount="1"/>
        <line num="53" count="1" type="stmt"/>
        <line num="63" count="0" type="stmt"/>
        <line num="64" count="1" type="stmt"/>
      </file>
      <file name="index.ts" path="C:\wamp64\www\newway\case-task-manager\case-task-manager-api\src\api\tasks\dtos\index.ts">
        <metrics statements="2" coveredstatements="2" conditionals="0" coveredconditionals="0" methods="0" coveredmethods="0"/>
        <line num="1" count="1" type="stmt"/>
        <line num="2" count="1" type="stmt"/>
      </file>
      <file name="update-task.dto.ts" path="C:\wamp64\www\newway\case-task-manager\case-task-manager-api\src\api\tasks\dtos\update-task.dto.ts">
        <metrics statements="3" coveredstatements="3" conditionals="0" coveredconditionals="0" methods="0" coveredmethods="0"/>
        <line num="1" count="1" type="stmt"/>
        <line num="2" count="1" type="stmt"/>
        <line num="4" count="1" type="stmt"/>
      </file>
    </package>
    <package name="src.api.tasks.entities">
      <metrics statements="31" coveredstatements="27" conditionals="28" coveredconditionals="24" methods="7" coveredmethods="2"/>
      <file name="task.entity.ts" path="C:\wamp64\www\newway\case-task-manager\case-task-manager-api\src\api\tasks\entities\task.entity.ts">
        <metrics statements="31" coveredstatements="27" conditionals="28" coveredconditionals="24" methods="7" coveredmethods="2"/>
        <line num="1" count="10" type="stmt"/>
        <line num="11" count="10" type="stmt"/>
        <line num="12" count="10" type="stmt"/>
        <line num="14" count="10" type="cond" truecount="2" falsecount="0"/>
        <line num="15" count="10" type="stmt"/>
        <line num="16" count="10" type="stmt"/>
        <line num="17" count="10" type="stmt"/>
        <line num="18" count="10" type="stmt"/>
        <line num="21" count="10" type="cond" truecount="2" falsecount="0"/>
        <line num="22" count="10" type="stmt"/>
        <line num="23" count="10" type="stmt"/>
        <line num="24" count="10" type="stmt"/>
        <line num="25" count="10" type="stmt"/>
        <line num="29" count="10" type="stmt"/>
        <line num="32" count="10" type="stmt"/>
        <line num="36" count="10" type="stmt"/>
        <line num="40" count="10" type="stmt"/>
        <line num="52" count="10" type="stmt"/>
        <line num="64" count="10" type="stmt"/>
        <line num="68" count="10" type="cond" truecount="3" falsecount="1"/>
        <line num="76" count="10" type="stmt"/>
        <line num="79" count="10" type="stmt"/>
        <line num="83" count="10" type="cond" truecount="3" falsecount="1"/>
        <line num="87" count="10" type="cond" truecount="3" falsecount="1"/>
        <line num="90" count="10" type="cond" truecount="3" falsecount="1"/>
        <line num="94" count="0" type="stmt"/>
        <line num="96" count="0" type="stmt"/>
        <line num="98" count="10" type="cond" truecount="4" falsecount="0"/>
        <line num="102" count="0" type="stmt"/>
        <line num="105" count="0" type="stmt"/>
        <line num="107" count="10" type="cond" truecount="4" falsecount="0"/>
      </file>
    </package>
    <package name="src.api.tasks.repositories">
      <metrics statements="16" coveredstatements="5" conditionals="4" coveredconditionals="3" methods="9" coveredmethods="0"/>
      <file name="task.repository.ts" path="C:\wamp64\www\newway\case-task-manager\case-task-manager-api\src\api\tasks\repositories\task.repository.ts">
        <metrics statements="16" coveredstatements="5" conditionals="4" coveredconditionals="3" methods="9" coveredmethods="0"/>
        <line num="1" count="2" type="stmt"/>
        <line num="2" count="2" type="stmt"/>
        <line num="3" count="2" type="stmt"/>
        <line num="4" count="2" type="stmt"/>
        <line num="10" count="2" type="stmt"/>
        <line num="13" count="0" type="cond" truecount="3" falsecount="1"/>
        <line num="17" count="0" type="stmt"/>
        <line num="21" count="0" type="stmt"/>
        <line num="25" count="0" type="stmt"/>
        <line num="33" count="0" type="stmt"/>
        <line num="44" count="0" type="stmt"/>
        <line num="51" count="0" type="stmt"/>
        <line num="62" count="0" type="stmt"/>
        <line num="63" count="0" type="stmt"/>
        <line num="67" count="0" type="stmt"/>
        <line num="71" count="0" type="stmt"/>
      </file>
    </package>
    <package name="src.api.tasks.services">
      <metrics statements="26" coveredstatements="23" conditionals="20" coveredconditionals="16" methods="6" coveredmethods="6"/>
      <file name="tasks.service.ts" path="C:\wamp64\www\newway\case-task-manager\case-task-manager-api\src\api\tasks\services\tasks.service.ts">
        <metrics statements="26" coveredstatements="23" conditionals="20" coveredconditionals="16" methods="6" coveredmethods="6"/>
        <line num="1" count="2" type="stmt"/>
        <line num="2" count="2" type="stmt"/>
        <line num="6" count="2" type="stmt"/>
        <line num="9" count="2" type="stmt"/>
        <line num="10" count="14" type="cond" truecount="3" falsecount="1"/>
        <line num="13" count="2" type="stmt"/>
        <line num="17" count="2" type="cond" truecount="2" falsecount="0"/>
        <line num="18" count="1" type="stmt"/>
        <line num="21" count="1" type="stmt"/>
        <line num="27" count="9" type="cond" truecount="2" falsecount="0"/>
        <line num="28" count="3" type="stmt"/>
        <line num="30" count="6" type="stmt"/>
        <line num="33" count="9" type="cond" truecount="2" falsecount="0"/>
        <line num="34" count="3" type="stmt"/>
        <line num="37" count="6" type="stmt"/>
        <line num="41" count="3" type="stmt"/>
        <line num="43" count="2" type="cond" truecount="3" falsecount="1"/>
        <line num="44" count="0" type="stmt"/>
        <line num="47" count="2" type="stmt"/>
        <line num="49" count="2" type="cond" truecount="1" falsecount="1"/>
        <line num="50" count="0" type="stmt"/>
        <line num="53" count="2" type="stmt"/>
        <line num="57" count="3" type="stmt"/>
        <line num="59" count="2" type="cond" truecount="3" falsecount="1"/>
        <line num="60" count="0" type="stmt"/>
        <line num="63" count="2" type="stmt"/>
      </file>
    </package>
    <package name="src.api.users">
      <metrics statements="13" coveredstatements="1" conditionals="0" coveredconditionals="0" methods="1" coveredmethods="0"/>
      <file name="constants.ts" path="C:\wamp64\www\newway\case-task-manager\case-task-manager-api\src\api\users\constants.ts">
        <metrics statements="1" coveredstatements="1" conditionals="0" coveredconditionals="0" methods="0" coveredmethods="0"/>
        <line num="1" count="6" type="stmt"/>
      </file>
      <file name="users.module.ts" path="C:\wamp64\www\newway\case-task-manager\case-task-manager-api\src\api\users\users.module.ts">
        <metrics statements="7" coveredstatements="0" conditionals="0" coveredconditionals="0" methods="0" coveredmethods="0"/>
        <line num="1" count="0" type="stmt"/>
        <line num="2" count="0" type="stmt"/>
        <line num="3" count="0" type="stmt"/>
        <line num="4" count="0" type="stmt"/>
        <line num="5" count="0" type="stmt"/>
        <line num="6" count="0" type="stmt"/>
        <line num="14" count="0" type="stmt"/>
      </file>
      <file name="users.provider.ts" path="C:\wamp64\www\newway\case-task-manager\case-task-manager-api\src\api\users\users.provider.ts">
        <metrics statements="5" coveredstatements="0" conditionals="0" coveredconditionals="0" methods="1" coveredmethods="0"/>
        <line num="1" count="0" type="stmt"/>
        <line num="2" count="0" type="stmt"/>
        <line num="3" count="0" type="stmt"/>
        <line num="5" count="0" type="stmt"/>
        <line num="8" count="0" type="stmt"/>
      </file>
    </package>
    <package name="src.api.users.controllers">
      <metrics statements="18" coveredstatements="18" conditionals="32" coveredconditionals="24" methods="6" coveredmethods="6"/>
      <file name="users.controller.ts" path="C:\wamp64\www\newway\case-task-manager\case-task-manager-api\src\api\users\controllers\users.controller.ts">
        <metrics statements="18" coveredstatements="18" conditionals="32" coveredconditionals="24" methods="6" coveredmethods="6"/>
        <line num="1" count="1" type="stmt"/>
        <line num="13" count="1" type="stmt"/>
        <line num="20" count="1" type="stmt"/>
        <line num="21" count="1" type="stmt"/>
        <line num="22" count="1" type="stmt"/>
        <line num="23" count="1" type="stmt"/>
        <line num="28" count="1" type="stmt"/>
        <line num="29" count="21" type="cond" truecount="3" falsecount="1"/>
        <line num="43" count="1" type="cond" truecount="6" falsecount="2"/>
        <line num="44" count="4" type="stmt"/>
        <line num="54" count="1" type="cond" truecount="3" falsecount="1"/>
        <line num="55" count="3" type="stmt"/>
        <line num="70" count="1" type="cond" truecount="3" falsecount="1"/>
        <line num="71" count="3" type="stmt"/>
        <line num="91" count="1" type="stmt"/>
        <line num="95" count="6" type="stmt"/>
        <line num="109" count="1" type="cond" truecount="3" falsecount="1"/>
        <line num="110" count="5" type="stmt"/>
      </file>
    </package>
    <package name="src.api.users.dtos">
      <metrics statements="29" coveredstatements="29" conditionals="16" coveredconditionals="12" methods="1" coveredmethods="1"/>
      <file name="create-user.dto.ts" path="C:\wamp64\www\newway\case-task-manager\case-task-manager-api\src\api\users\dtos\create-user.dto.ts">
        <metrics statements="11" coveredstatements="11" conditionals="4" coveredconditionals="3" methods="0" coveredmethods="0"/>
        <line num="1" count="2" type="stmt"/>
        <line num="2" count="2" type="stmt"/>
        <line num="3" count="2" type="stmt"/>
        <line num="5" count="2" type="stmt"/>
        <line num="12" count="2" type="stmt"/>
        <line num="22" count="2" type="stmt"/>
        <line num="30" count="2" type="stmt"/>
        <line num="40" count="2" type="cond" truecount="3" falsecount="1"/>
        <line num="49" count="2" type="stmt"/>
        <line num="58" count="2" type="stmt"/>
        <line num="67" count="2" type="stmt"/>
      </file>
      <file name="update-user.dto.ts" path="C:\wamp64\www\newway\case-task-manager\case-task-manager-api\src\api\users\dtos\update-user.dto.ts">
        <metrics statements="3" coveredstatements="3" conditionals="0" coveredconditionals="0" methods="0" coveredmethods="0"/>
        <line num="1" count="1" type="stmt"/>
        <line num="2" count="1" type="stmt"/>
        <line num="4" count="1" type="stmt"/>
      </file>
      <file name="user-response.dto.ts" path="C:\wamp64\www\newway\case-task-manager\case-task-manager-api\src\api\users\dtos\user-response.dto.ts">
        <metrics statements="15" coveredstatements="15" conditionals="12" coveredconditionals="9" methods="1" coveredmethods="1"/>
        <line num="1" count="6" type="stmt"/>
        <line num="2" count="6" type="stmt"/>
        <line num="3" count="6" type="stmt"/>
        <line num="5" count="6" type="stmt"/>
        <line num="8" count="6" type="stmt"/>
        <line num="12" count="6" type="stmt"/>
        <line num="16" count="6" type="stmt"/>
        <line num="19" count="6" type="stmt"/>
        <line num="26" count="6" type="cond" truecount="3" falsecount="1"/>
        <line num="33" count="6" type="stmt"/>
        <line num="40" count="6" type="stmt"/>
        <line num="47" count="6" type="stmt"/>
        <line num="51" count="6" type="cond" truecount="3" falsecount="1"/>
        <line num="55" count="6" type="cond" truecount="3" falsecount="1"/>
        <line num="58" count="17" type="stmt"/>
      </file>
    </package>
    <package name="src.api.users.entities">
      <metrics statements="21" coveredstatements="19" conditionals="14" coveredconditionals="11" methods="4" coveredmethods="1"/>
      <file name="user.entity.ts" path="C:\wamp64\www\newway\case-task-manager\case-task-manager-api\src\api\users\entities\user.entity.ts">
        <metrics statements="21" coveredstatements="19" conditionals="14" coveredconditionals="11" methods="4" coveredmethods="1"/>
        <line num="1" count="10" type="stmt"/>
        <line num="10" count="10" type="stmt"/>
        <line num="11" count="10" type="stmt"/>
        <line num="13" count="10" type="cond" truecount="2" falsecount="0"/>
        <line num="14" count="10" type="stmt"/>
        <line num="15" count="10" type="stmt"/>
        <line num="19" count="10" type="stmt"/>
        <line num="22" count="10" type="stmt"/>
        <line num="26" count="10" type="stmt"/>
        <line num="30" count="10" type="stmt"/>
        <line num="33" count="10" type="stmt"/>
        <line num="45" count="10" type="stmt"/>
        <line num="52" count="10" type="stmt"/>
        <line num="59" count="10" type="stmt"/>
        <line num="66" count="10" type="stmt"/>
        <line num="70" count="10" type="cond" truecount="3" falsecount="1"/>
        <line num="74" count="10" type="cond" truecount="3" falsecount="1"/>
        <line num="77" count="10" type="cond" truecount="3" falsecount="1"/>
        <line num="81" count="0" type="stmt"/>
        <line num="83" count="0" type="stmt"/>
        <line num="84" count="10" type="stmt"/>
      </file>
    </package>
    <package name="src.api.users.repositories">
      <metrics statements="9" coveredstatements="9" conditionals="4" coveredconditionals="3" methods="4" coveredmethods="4"/>
      <file name="user.repository.ts" path="C:\wamp64\www\newway\case-task-manager\case-task-manager-api\src\api\users\repositories\user.repository.ts">
        <metrics statements="9" coveredstatements="9" conditionals="4" coveredconditionals="3" methods="4" coveredmethods="4"/>
        <line num="1" count="7" type="stmt"/>
        <line num="2" count="7" type="stmt"/>
        <line num="3" count="7" type="stmt"/>
        <line num="6" count="7" type="stmt"/>
        <line num="7" count="16" type="cond" truecount="3" falsecount="1"/>
        <line num="8" count="16" type="stmt"/>
        <line num="12" count="4" type="stmt"/>
        <line num="16" count="4" type="stmt"/>
        <line num="20" count="6" type="stmt"/>
      </file>
    </package>
    <package name="src.api.users.services">
      <metrics statements="42" coveredstatements="41" conditionals="24" coveredconditionals="22" methods="9" coveredmethods="9"/>
      <file name="users.service.ts" path="C:\wamp64\www\newway\case-task-manager\case-task-manager-api\src\api\users\services\users.service.ts">
        <metrics statements="42" coveredstatements="41" conditionals="24" coveredconditionals="22" methods="9" coveredmethods="9"/>
        <line num="1" count="6" type="stmt"/>
        <line num="2" count="6" type="stmt"/>
        <line num="3" count="6" type="stmt"/>
        <line num="6" count="6" type="stmt"/>
        <line num="8" count="6" type="stmt"/>
        <line num="9" count="6" type="stmt"/>
        <line num="12" count="6" type="stmt"/>
        <line num="15" count="29" type="cond" truecount="3" falsecount="1"/>
        <line num="19" count="4" type="stmt"/>
        <line num="21" count="4" type="cond" truecount="2" falsecount="0"/>
        <line num="22" count="2" type="stmt"/>
        <line num="25" count="2" type="stmt"/>
        <line num="27" count="2" type="stmt"/>
        <line num="32" count="2" type="stmt"/>
        <line num="33" count="2" type="stmt"/>
        <line num="37" count="3" type="stmt"/>
        <line num="38" count="3" type="stmt"/>
        <line num="42" count="4" type="stmt"/>
        <line num="46" count="4" type="cond" truecount="2" falsecount="0"/>
        <line num="50" count="2" type="stmt"/>
        <line num="54" count="2" type="cond" truecount="2" falsecount="0"/>
        <line num="55" count="1" type="stmt"/>
        <line num="58" count="1" type="stmt"/>
        <line num="62" count="2" type="stmt"/>
        <line num="66" count="8" type="stmt"/>
        <line num="70" count="8" type="cond" truecount="2" falsecount="0"/>
        <line num="71" count="2" type="stmt"/>
        <line num="74" count="6" type="cond" truecount="4" falsecount="0"/>
        <line num="75" count="4" type="stmt"/>
        <line num="76" count="4" type="cond" truecount="2" falsecount="0"/>
        <line num="77" count="2" type="stmt"/>
        <line num="81" count="4" type="cond" truecount="2" falsecount="0"/>
        <line num="82" count="1" type="stmt"/>
        <line num="85" count="4" type="stmt"/>
        <line num="86" count="4" type="stmt"/>
        <line num="88" count="4" type="cond" truecount="1" falsecount="1"/>
        <line num="89" count="0" type="stmt"/>
        <line num="92" count="4" type="stmt"/>
        <line num="96" count="4" type="stmt"/>
        <line num="100" count="4" type="cond" truecount="2" falsecount="0"/>
        <line num="101" count="2" type="stmt"/>
        <line num="104" count="2" type="stmt"/>
      </file>
    </package>
    <package name="src.database">
      <metrics statements="4" coveredstatements="0" conditionals="10" coveredconditionals="0" methods="0" coveredmethods="0"/>
      <file name="data-source.ts" path="C:\wamp64\www\newway\case-task-manager\case-task-manager-api\src\database\data-source.ts">
        <metrics statements="4" coveredstatements="0" conditionals="10" coveredconditionals="0" methods="0" coveredmethods="0"/>
        <line num="1" count="0" type="stmt"/>
        <line num="3" count="0" type="stmt"/>
        <line num="6" count="0" type="stmt"/>
        <line num="8" count="0" type="stmt"/>
      </file>
    </package>
    <package name="src.database.migrations">
      <metrics statements="68" coveredstatements="0" conditionals="0" coveredconditionals="0" methods="6" coveredmethods="0"/>
      <file name="1729845172000-CreateUsersAndTasks.ts" path="C:\wamp64\www\newway\case-task-manager\case-task-manager-api\src\database\migrations\1729845172000-CreateUsersAndTasks.ts">
        <metrics statements="16" coveredstatements="0" conditionals="0" coveredconditionals="0" methods="2" coveredmethods="0"/>
        <line num="3" count="0" type="stmt"/>
        <line num="4" count="0" type="stmt"/>
        <line num="7" count="0" type="stmt"/>
        <line num="11" count="0" type="stmt"/>
        <line num="25" count="0" type="stmt"/>
        <line num="29" count="0" type="stmt"/>
        <line num="33" count="0" type="stmt"/>
        <line num="50" count="0" type="stmt"/>
        <line num="56" count="0" type="stmt"/>
        <line num="64" count="0" type="stmt"/>
        <line num="68" count="0" type="stmt"/>
        <line num="72" count="0" type="stmt"/>
        <line num="73" count="0" type="stmt"/>
        <line num="74" count="0" type="stmt"/>
        <line num="75" count="0" type="stmt"/>
        <line num="76" count="0" type="stmt"/>
      </file>
      <file name="1761589174874-AddNameToUsers.ts" path="C:\wamp64\www\newway\case-task-manager\case-task-manager-api\src\database\migrations\1761589174874-AddNameToUsers.ts">
        <metrics statements="44" coveredstatements="0" conditionals="0" coveredconditionals="0" methods="2" coveredmethods="0"/>
        <line num="3" count="0" type="stmt"/>
        <line num="4" count="0" type="stmt"/>
        <line num="7" count="0" type="stmt"/>
        <line num="8" count="0" type="stmt"/>
        <line num="9" count="0" type="stmt"/>
        <line num="10" count="0" type="stmt"/>
        <line num="11" count="0" type="stmt"/>
        <line num="12" count="0" type="stmt"/>
        <line num="13" count="0" type="stmt"/>
        <line num="14" count="0" type="stmt"/>
        <line num="15" count="0" type="stmt"/>
        <line num="16" count="0" type="stmt"/>
        <line num="17" count="0" type="stmt"/>
        <line num="18" count="0" type="stmt"/>
        <line num="19" count="0" type="stmt"/>
        <line num="20" count="0" type="stmt"/>
        <line num="21" count="0" type="stmt"/>
        <line num="22" count="0" type="stmt"/>
        <line num="23" count="0" type="stmt"/>
        <line num="24" count="0" type="stmt"/>
        <line num="25" count="0" type="stmt"/>
        <line num="26" count="0" type="stmt"/>
        <line num="27" count="0" type="stmt"/>
        <line num="31" count="0" type="stmt"/>
        <line num="32" count="0" type="stmt"/>
        <line num="33" count="0" type="stmt"/>
        <line num="34" count="0" type="stmt"/>
        <line num="35" count="0" type="stmt"/>
        <line num="36" count="0" type="stmt"/>
        <line num="37" count="0" type="stmt"/>
        <line num="38" count="0" type="stmt"/>
        <line num="39" count="0" type="stmt"/>
        <line num="40" count="0" type="stmt"/>
        <line num="41" count="0" type="stmt"/>
        <line num="42" count="0" type="stmt"/>
        <line num="43" count="0" type="stmt"/>
        <line num="44" count="0" type="stmt"/>
        <line num="45" count="0" type="stmt"/>
        <line num="46" count="0" type="stmt"/>
        <line num="47" count="0" type="stmt"/>
        <line num="48" count="0" type="stmt"/>
        <line num="49" count="0" type="stmt"/>
        <line num="50" count="0" type="stmt"/>
        <line num="51" count="0" type="stmt"/>
      </file>
      <file name="1761608583785-AddProfileFieldsToUsers.ts" path="C:\wamp64\www\newway\case-task-manager\case-task-manager-api\src\database\migrations\1761608583785-AddProfileFieldsToUsers.ts">
        <metrics statements="8" coveredstatements="0" conditionals="0" coveredconditionals="0" methods="2" coveredmethods="0"/>
        <line num="3" count="0" type="stmt"/>
        <line num="4" count="0" type="stmt"/>
        <line num="7" count="0" type="stmt"/>
        <line num="8" count="0" type="stmt"/>
        <line num="9" count="0" type="stmt"/>
        <line num="13" count="0" type="stmt"/>
        <line num="14" count="0" type="stmt"/>
        <line num="15" count="0" type="stmt"/>
      </file>
    </package>
    <package name="src.database.seeds">
      <metrics statements="48" coveredstatements="0" conditionals="18" coveredconditionals="0" methods="1" coveredmethods="0"/>
      <file name="seed.ts" path="C:\wamp64\www\newway\case-task-manager\case-task-manager-api\src\database\seeds\seed.ts">
        <metrics statements="48" coveredstatements="0" conditionals="18" coveredconditionals="0" methods="1" coveredmethods="0"/>
        <line num="1" count="0" type="stmt"/>
        <line num="2" count="0" type="stmt"/>
        <line num="3" count="0" type="stmt"/>
        <line num="4" count="0" type="stmt"/>
        <line num="5" count="0" type="stmt"/>
        <line num="8" count="0" type="stmt"/>
        <line num="10" count="0" type="stmt"/>
        <line num="22" count="0" type="stmt"/>
        <line num="23" count="0" type="stmt"/>
        <line num="26" count="0" type="stmt"/>
        <line num="27" count="0" type="stmt"/>
        <line num="29" count="0" type="stmt"/>
        <line num="30" count="0" type="stmt"/>
        <line num="33" count="0" type="stmt"/>
        <line num="36" count="0" type="stmt"/>
        <line num="37" count="0" type="stmt"/>
        <line num="43" count="0" type="cond" truecount="0" falsecount="2"/>
        <line num="44" count="0" type="stmt"/>
        <line num="50" count="0" type="stmt"/>
        <line num="51" count="0" type="stmt"/>
        <line num="53" count="0" type="stmt"/>
        <line num="54" count="0" type="stmt"/>
        <line num="58" count="0" type="cond" truecount="0" falsecount="2"/>
        <line num="59" count="0" type="stmt"/>
        <line num="65" count="0" type="stmt"/>
        <line num="66" count="0" type="stmt"/>
        <line num="68" count="0" type="stmt"/>
        <line num="69" count="0" type="stmt"/>
        <line num="73" count="0" type="stmt"/>
        <line num="133" count="0" type="stmt"/>
        <line num="134" count="0" type="stmt"/>
        <line num="138" count="0" type="cond" truecount="0" falsecount="2"/>
        <line num="139" count="0" type="stmt"/>
        <line num="140" count="0" type="stmt"/>
        <line num="141" count="0" type="stmt"/>
        <line num="143" count="0" type="stmt"/>
        <line num="147" count="0" type="stmt"/>
        <line num="148" count="0" type="stmt"/>
        <line num="149" count="0" type="stmt"/>
        <line num="150" count="0" type="stmt"/>
        <line num="151" count="0" type="stmt"/>
        <line num="152" count="0" type="stmt"/>
        <line num="155" count="0" type="stmt"/>
        <line num="156" count="0" type="stmt"/>
        <line num="159" count="0" type="cond" truecount="0" falsecount="2"/>
        <line num="160" count="0" type="stmt"/>
        <line num="161" count="0" type="stmt"/>
        <line num="167" count="0" type="stmt"/>
      </file>
    </package>
  </project>
</coverage>
