{"C:\\wamp64\\www\\newway\\case-task-manager\\case-task-manager-api\\src\\app.controller.ts": {"path":"C:\\wamp64\\www\\newway\\case-task-manager\\case-task-manager-api\\src\\app.controller.ts","statementMap":{"0":{"start":{"line":1,"column":0},"end":{"line":1,"column":49}},"1":{"start":{"line":2,"column":0},"end":{"line":2,"column":43}},"2":{"start":{"line":5,"column":7},"end":{"line":12,"column":null}},"3":{"start":{"line":6,"column":31},"end":{"line":6,"column":43}},"4":{"start":{"line":10,"column":4},"end":{"line":10,"column":38}},"5":{"start":{"line":5,"column":13},"end":{"line":5,"column":26}},"6":{"start":{"line":9,"column":2},"end":{"line":11,"column":null}},"7":{"start":{"line":5,"column":13},"end":{"line":12,"column":null}}},"fnMap":{"0":{"name":"(anonymous_2)","decl":{"start":{"line":6,"column":2},"end":{"line":6,"column":31}},"loc":{"start":{"line":6,"column":53},"end":{"line":6,"column":57}}},"1":{"name":"(anonymous_3)","decl":{"start":{"line":9,"column":2},"end":{"line":9,"column":10}},"loc":{"start":{"line":9,"column":10},"end":{"line":11,"column":3}}}},"branchMap":{"0":{"loc":{"start":{"line":6,"column":43},"end":{"line":6,"column":56}},"type":"cond-expr","locations":[{"start":{"line":6,"column":53},"end":{"line":6,"column":56}},{"start":{"line":6,"column":53},"end":{"line":6,"column":56}}]},"1":{"loc":{"start":{"line":6,"column":43},"end":{"line":6,"column":53}},"type":"binary-expr","locations":[{"start":{"line":6,"column":43},"end":{"line":6,"column":56}},{"start":{"line":6,"column":43},"end":{"line":6,"column":53}}]}},"s":{"0":1,"1":1,"2":1,"3":5,"4":4,"5":1,"6":1,"7":1},"f":{"0":5,"1":4},"b":{"0":[1,0],"1":[1,1]}}
,"C:\\wamp64\\www\\newway\\case-task-manager\\case-task-manager-api\\src\\app.module.ts": {"path":"C:\\wamp64\\www\\newway\\case-task-manager\\case-task-manager-api\\src\\app.module.ts","statementMap":{"0":{"start":{"line":1,"column":0},"end":{"line":1,"column":40}},"1":{"start":{"line":2,"column":0},"end":{"line":2,"column":46}},"2":{"start":{"line":3,"column":0},"end":{"line":3,"column":48}},"3":{"start":{"line":4,"column":0},"end":{"line":4,"column":49}},"4":{"start":{"line":5,"column":0},"end":{"line":5,"column":43}},"5":{"start":{"line":6,"column":0},"end":{"line":6,"column":55}},"6":{"start":{"line":7,"column":0},"end":{"line":7,"column":52}},"7":{"start":{"line":8,"column":0},"end":{"line":8,"column":55}},"8":{"start":{"line":35,"column":7},"end":{"line":35,"column":null}},"9":{"start":{"line":35,"column":13},"end":{"line":35,"column":22}},"10":{"start":{"line":35,"column":13},"end":{"line":35,"column":null}}},"fnMap":{},"branchMap":{"0":{"loc":{"start":{"line":18,"column":12},"end":{"line":18,"column":46}},"type":"binary-expr","locations":[{"start":{"line":18,"column":12},"end":{"line":18,"column":31}},{"start":{"line":18,"column":35},"end":{"line":18,"column":46}}]},"1":{"loc":{"start":{"line":19,"column":21},"end":{"line":19,"column":50}},"type":"binary-expr","locations":[{"start":{"line":19,"column":21},"end":{"line":19,"column":40}},{"start":{"line":19,"column":44},"end":{"line":19,"column":50}}]},"2":{"loc":{"start":{"line":20,"column":16},"end":{"line":20,"column":53}},"type":"binary-expr","locations":[{"start":{"line":20,"column":16},"end":{"line":20,"column":39}},{"start":{"line":20,"column":43},"end":{"line":20,"column":53}}]},"3":{"loc":{"start":{"line":21,"column":16},"end":{"line":21,"column":53}},"type":"binary-expr","locations":[{"start":{"line":21,"column":16},"end":{"line":21,"column":39}},{"start":{"line":21,"column":43},"end":{"line":21,"column":53}}]},"4":{"loc":{"start":{"line":22,"column":16},"end":{"line":22,"column":58}},"type":"binary-expr","locations":[{"start":{"line":22,"column":16},"end":{"line":22,"column":35}},{"start":{"line":22,"column":39},"end":{"line":22,"column":58}}]}},"s":{"0":0,"1":0,"2":0,"3":0,"4":0,"5":0,"6":0,"7":0,"8":0,"9":0,"10":0},"f":{},"b":{"0":[0,0],"1":[0,0],"2":[0,0],"3":[0,0],"4":[0,0]}}
,"C:\\wamp64\\www\\newway\\case-task-manager\\case-task-manager-api\\src\\app.service.ts": {"path":"C:\\wamp64\\www\\newway\\case-task-manager\\case-task-manager-api\\src\\app.service.ts","statementMap":{"0":{"start":{"line":1,"column":0},"end":{"line":1,"column":44}},"1":{"start":{"line":4,"column":7},"end":{"line":8,"column":null}},"2":{"start":{"line":6,"column":4},"end":{"line":6,"column":26}},"3":{"start":{"line":4,"column":13},"end":{"line":4,"column":23}},"4":{"start":{"line":4,"column":13},"end":{"line":8,"column":null}}},"fnMap":{"0":{"name":"(anonymous_1)","decl":{"start":{"line":5,"column":2},"end":{"line":5,"column":10}},"loc":{"start":{"line":5,"column":10},"end":{"line":7,"column":3}}}},"branchMap":{},"s":{"0":2,"1":2,"2":6,"3":2,"4":2},"f":{"0":6},"b":{}}
,"C:\\wamp64\\www\\newway\\case-task-manager\\case-task-manager-api\\src\\main.ts": {"path":"C:\\wamp64\\www\\newway\\case-task-manager\\case-task-manager-api\\src\\main.ts","statementMap":{"0":{"start":{"line":1,"column":0},"end":{"line":1,"column":43}},"1":{"start":{"line":2,"column":0},"end":{"line":2,"column":48}},"2":{"start":{"line":3,"column":0},"end":{"line":3,"column":65}},"3":{"start":{"line":4,"column":0},"end":{"line":4,"column":41}},"4":{"start":{"line":7,"column":14},"end":{"line":7,"column":49}},"5":{"start":{"line":10,"column":2},"end":{"line":10,"column":19}},"6":{"start":{"line":13,"column":2},"end":{"line":13,"column":29}},"7":{"start":{"line":16,"column":2},"end":{"line":22,"column":4}},"8":{"start":{"line":25,"column":17},"end":{"line":30,"column":12}},"9":{"start":{"line":32,"column":19},"end":{"line":32,"column":60}},"10":{"start":{"line":33,"column":2},"end":{"line":33,"column":44}},"11":{"start":{"line":35,"column":2},"end":{"line":35,"column":45}},"12":{"start":{"line":36,"column":2},"end":{"line":36,"column":66}},"13":{"start":{"line":37,"column":2},"end":{"line":37,"column":79}},"14":{"start":{"line":39,"column":0},"end":{"line":39,"column":12}}},"fnMap":{"0":{"name":"bootstrap","decl":{"start":{"line":6,"column":15},"end":{"line":6,"column":24}},"loc":{"start":{"line":6,"column":24},"end":{"line":38,"column":1}}}},"branchMap":{"0":{"loc":{"start":{"line":35,"column":19},"end":{"line":35,"column":43}},"type":"binary-expr","locations":[{"start":{"line":35,"column":19},"end":{"line":35,"column":35}},{"start":{"line":35,"column":39},"end":{"line":35,"column":43}}]}},"s":{"0":0,"1":0,"2":0,"3":0,"4":0,"5":0,"6":0,"7":0,"8":0,"9":0,"10":0,"11":0,"12":0,"13":0,"14":0},"f":{"0":0},"b":{"0":[0,0]}}
,"C:\\wamp64\\www\\newway\\case-task-manager\\case-task-manager-api\\src\\api\\auth\\auth.module.ts": {"path":"C:\\wamp64\\www\\newway\\case-task-manager\\case-task-manager-api\\src\\api\\auth\\auth.module.ts","statementMap":{"0":{"start":{"line":1,"column":0},"end":{"line":1,"column":40}},"1":{"start":{"line":2,"column":0},"end":{"line":2,"column":40}},"2":{"start":{"line":3,"column":0},"end":{"line":3,"column":50}},"3":{"start":{"line":4,"column":0},"end":{"line":4,"column":61}},"4":{"start":{"line":5,"column":0},"end":{"line":5,"column":54}},"5":{"start":{"line":6,"column":0},"end":{"line":6,"column":63}},"6":{"start":{"line":7,"column":0},"end":{"line":7,"column":56}},"7":{"start":{"line":8,"column":0},"end":{"line":8,"column":52}},"8":{"start":{"line":27,"column":7},"end":{"line":27,"column":null}},"9":{"start":{"line":27,"column":13},"end":{"line":27,"column":23}},"10":{"start":{"line":27,"column":13},"end":{"line":27,"column":null}},"11":{"start":{"line":16,"column":59},"end":{"line":19,"column":8}}},"fnMap":{"0":{"name":"(anonymous_1)","decl":{"start":{"line":16,"column":18},"end":{"line":16,"column":23}},"loc":{"start":{"line":16,"column":59},"end":{"line":19,"column":8}}}},"branchMap":{"0":{"loc":{"start":{"line":17,"column":16},"end":{"line":17,"column":76}},"type":"binary-expr","locations":[{"start":{"line":17,"column":16},"end":{"line":17,"column":55}},{"start":{"line":17,"column":59},"end":{"line":17,"column":76}}]}},"s":{"0":0,"1":0,"2":0,"3":0,"4":0,"5":0,"6":0,"7":0,"8":0,"9":0,"10":0,"11":0},"f":{"0":0},"b":{"0":[0,0]}}
,"C:\\wamp64\\www\\newway\\case-task-manager\\case-task-manager-api\\src\\api\\auth\\constants.ts": {"path":"C:\\wamp64\\www\\newway\\case-task-manager\\case-task-manager-api\\src\\api\\auth\\constants.ts","statementMap":{"0":{"start":{"line":1,"column":13},"end":{"line":1,"column":49}},"1":{"start":{"line":2,"column":13},"end":{"line":2,"column":39}},"2":{"start":{"line":3,"column":13},"end":{"line":3,"column":36}},"3":{"start":{"line":5,"column":0},"end":{"line":5,"column":null}},"4":{"start":{"line":6,"column":2},"end":{"line":6,"column":null}},"5":{"start":{"line":7,"column":2},"end":{"line":7,"column":null}}},"fnMap":{"0":{"name":"(anonymous_0)","decl":{"start":{"line":5,"column":0},"end":{"line":5,"column":12}},"loc":{"start":{"line":5,"column":16},"end":{"line":8,"column":1}}}},"branchMap":{"0":{"loc":{"start":{"line":5,"column":12},"end":{"line":5,"column":null}},"type":"binary-expr","locations":[{"start":{"line":5,"column":12},"end":{"line":5,"column":16}},{"start":{"line":5,"column":16},"end":{"line":5,"column":null}}]}},"s":{"0":0,"1":0,"2":0,"3":0,"4":0,"5":0},"f":{"0":0},"b":{"0":[0,0]}}
,"C:\\wamp64\\www\\newway\\case-task-manager\\case-task-manager-api\\src\\api\\auth\\controllers\\auth.controller.ts": {"path":"C:\\wamp64\\www\\newway\\case-task-manager\\case-task-manager-api\\src\\api\\auth\\controllers\\auth.controller.ts","statementMap":{"0":{"start":{"line":1,"column":0},"end":{"line":1,"column":94}},"1":{"start":{"line":2,"column":0},"end":{"line":2,"column":93}},"2":{"start":{"line":3,"column":0},"end":{"line":3,"column":55}},"3":{"start":{"line":4,"column":0},"end":{"line":4,"column":65}},"4":{"start":{"line":5,"column":0},"end":{"line":5,"column":77}},"5":{"start":{"line":6,"column":0},"end":{"line":6,"column":56}},"6":{"start":{"line":7,"column":0},"end":{"line":7,"column":67}},"7":{"start":{"line":8,"column":0},"end":{"line":8,"column":56}},"8":{"start":{"line":9,"column":0},"end":{"line":9,"column":69}},"9":{"start":{"line":13,"column":7},"end":{"line":65,"column":null}},"10":{"start":{"line":14,"column":31},"end":{"line":14,"column":44}},"11":{"start":{"line":29,"column":4},"end":{"line":29,"column":52}},"12":{"start":{"line":46,"column":4},"end":{"line":46,"column":48}},"13":{"start":{"line":63,"column":4},"end":{"line":63,"column":37}},"14":{"start":{"line":13,"column":13},"end":{"line":13,"column":27}},"15":{"start":{"line":28,"column":8},"end":{"line":30,"column":null}},"16":{"start":{"line":45,"column":8},"end":{"line":47,"column":null}},"17":{"start":{"line":62,"column":8},"end":{"line":64,"column":null}},"18":{"start":{"line":13,"column":13},"end":{"line":65,"column":null}}},"fnMap":{"0":{"name":"(anonymous_4)","decl":{"start":{"line":14,"column":2},"end":{"line":14,"column":31}},"loc":{"start":{"line":14,"column":55},"end":{"line":14,"column":59}}},"1":{"name":"(anonymous_5)","decl":{"start":{"line":28,"column":8},"end":{"line":28,"column":16}},"loc":{"start":{"line":28,"column":53},"end":{"line":30,"column":3}}},"2":{"name":"(anonymous_6)","decl":{"start":{"line":45,"column":8},"end":{"line":45,"column":13}},"loc":{"start":{"line":45,"column":48},"end":{"line":47,"column":3}}},"3":{"name":"(anonymous_7)","decl":{"start":{"line":62,"column":8},"end":{"line":62,"column":22}},"loc":{"start":{"line":62,"column":48},"end":{"line":64,"column":3}}}},"branchMap":{"0":{"loc":{"start":{"line":28,"column":40},"end":{"line":28,"column":56}},"type":"cond-expr","locations":[{"start":{"line":28,"column":53},"end":{"line":28,"column":56}},{"start":{"line":28,"column":53},"end":{"line":28,"column":56}}]},"1":{"loc":{"start":{"line":28,"column":40},"end":{"line":28,"column":53}},"type":"binary-expr","locations":[{"start":{"line":28,"column":40},"end":{"line":28,"column":56}},{"start":{"line":28,"column":40},"end":{"line":28,"column":53}}]},"2":{"loc":{"start":{"line":28,"column":56},"end":{"line":28,"column":null}},"type":"cond-expr","locations":[{"start":{"line":28,"column":63},"end":{"line":28,"column":null}},{"start":{"line":28,"column":63},"end":{"line":28,"column":null}}]},"3":{"loc":{"start":{"line":28,"column":56},"end":{"line":28,"column":63}},"type":"binary-expr","locations":[{"start":{"line":28,"column":56},"end":{"line":28,"column":null}},{"start":{"line":28,"column":56},"end":{"line":28,"column":63}}]},"4":{"loc":{"start":{"line":45,"column":36},"end":{"line":45,"column":51}},"type":"cond-expr","locations":[{"start":{"line":45,"column":48},"end":{"line":45,"column":51}},{"start":{"line":45,"column":48},"end":{"line":45,"column":51}}]},"5":{"loc":{"start":{"line":45,"column":36},"end":{"line":45,"column":48}},"type":"binary-expr","locations":[{"start":{"line":45,"column":36},"end":{"line":45,"column":51}},{"start":{"line":45,"column":36},"end":{"line":45,"column":48}}]},"6":{"loc":{"start":{"line":45,"column":51},"end":{"line":45,"column":null}},"type":"cond-expr","locations":[{"start":{"line":45,"column":58},"end":{"line":45,"column":null}},{"start":{"line":45,"column":58},"end":{"line":45,"column":null}}]},"7":{"loc":{"start":{"line":45,"column":51},"end":{"line":45,"column":58}},"type":"binary-expr","locations":[{"start":{"line":45,"column":51},"end":{"line":45,"column":null}},{"start":{"line":45,"column":51},"end":{"line":45,"column":58}}]},"8":{"loc":{"start":{"line":62,"column":44},"end":{"line":62,"column":51}},"type":"cond-expr","locations":[{"start":{"line":62,"column":48},"end":{"line":62,"column":51}},{"start":{"line":62,"column":48},"end":{"line":62,"column":51}}]},"9":{"loc":{"start":{"line":62,"column":44},"end":{"line":62,"column":48}},"type":"binary-expr","locations":[{"start":{"line":62,"column":44},"end":{"line":62,"column":51}},{"start":{"line":62,"column":44},"end":{"line":62,"column":48}}]},"10":{"loc":{"start":{"line":62,"column":51},"end":{"line":62,"column":null}},"type":"cond-expr","locations":[{"start":{"line":62,"column":58},"end":{"line":62,"column":null}},{"start":{"line":62,"column":58},"end":{"line":62,"column":null}}]},"11":{"loc":{"start":{"line":62,"column":51},"end":{"line":62,"column":58}},"type":"binary-expr","locations":[{"start":{"line":62,"column":51},"end":{"line":62,"column":null}},{"start":{"line":62,"column":51},"end":{"line":62,"column":58}}]},"12":{"loc":{"start":{"line":14,"column":44},"end":{"line":14,"column":58}},"type":"cond-expr","locations":[{"start":{"line":14,"column":55},"end":{"line":14,"column":58}},{"start":{"line":14,"column":55},"end":{"line":14,"column":58}}]},"13":{"loc":{"start":{"line":14,"column":44},"end":{"line":14,"column":55}},"type":"binary-expr","locations":[{"start":{"line":14,"column":44},"end":{"line":14,"column":58}},{"start":{"line":14,"column":44},"end":{"line":14,"column":55}}]}},"s":{"0":1,"1":1,"2":1,"3":1,"4":1,"5":1,"6":1,"7":1,"8":1,"9":1,"10":10,"11":3,"12":4,"13":3,"14":1,"15":1,"16":1,"17":1,"18":1},"f":{"0":10,"1":3,"2":4,"3":3},"b":{"0":[1,0],"1":[1,1],"2":[1,0],"3":[1,1],"4":[1,0],"5":[1,1],"6":[1,0],"7":[1,1],"8":[1,0],"9":[1,1],"10":[1,0],"11":[1,1],"12":[1,0],"13":[1,1]}}
,"C:\\wamp64\\www\\newway\\case-task-manager\\case-task-manager-api\\src\\api\\auth\\decorators\\current-user.decorator.ts": {"path":"C:\\wamp64\\www\\newway\\case-task-manager\\case-task-manager-api\\src\\api\\auth\\decorators\\current-user.decorator.ts","statementMap":{"0":{"start":{"line":1,"column":0},"end":{"line":1,"column":72}},"1":{"start":{"line":4,"column":13},"end":{"line":9,"column":2}},"2":{"start":{"line":6,"column":20},"end":{"line":6,"column":51}},"3":{"start":{"line":7,"column":4},"end":{"line":7,"column":24}}},"fnMap":{"0":{"name":"(anonymous_0)","decl":{"start":{"line":5,"column":2},"end":{"line":5,"column":3}},"loc":{"start":{"line":5,"column":49},"end":{"line":8,"column":3}}}},"branchMap":{},"s":{"0":2,"1":2,"2":0,"3":0},"f":{"0":0},"b":{}}
,"C:\\wamp64\\www\\newway\\case-task-manager\\case-task-manager-api\\src\\api\\auth\\decorators\\roles.decorator.ts": {"path":"C:\\wamp64\\www\\newway\\case-task-manager\\case-task-manager-api\\src\\api\\auth\\decorators\\roles.decorator.ts","statementMap":{"0":{"start":{"line":1,"column":0},"end":{"line":1,"column":45}},"1":{"start":{"line":4,"column":13},"end":{"line":4,"column":33}},"2":{"start":{"line":5,"column":21},"end":{"line":5,"column":76}},"3":{"start":{"line":5,"column":47},"end":{"line":5,"column":76}},"4":{"start":{"line":5,"column":13},"end":{"line":5,"column":21}}},"fnMap":{"0":{"name":"(anonymous_0)","decl":{"start":{"line":5,"column":21},"end":{"line":5,"column":22}},"loc":{"start":{"line":5,"column":47},"end":{"line":5,"column":76}}}},"branchMap":{},"s":{"0":1,"1":1,"2":1,"3":0,"4":1},"f":{"0":0},"b":{}}
,"C:\\wamp64\\www\\newway\\case-task-manager\\case-task-manager-api\\src\\api\\auth\\dtos\\auth-response.dto.ts": {"path":"C:\\wamp64\\www\\newway\\case-task-manager\\case-task-manager-api\\src\\api\\auth\\dtos\\auth-response.dto.ts","statementMap":{"0":{"start":{"line":1,"column":0},"end":{"line":1,"column":46}},"1":{"start":{"line":2,"column":0},"end":{"line":2,"column":69}},"2":{"start":{"line":4,"column":0},"end":{"line":4,"column":13}},"3":{"start":{"line":9,"column":2},"end":{"line":9,"column":null}},"4":{"start":{"line":15,"column":2},"end":{"line":15,"column":null}},"5":{"start":{"line":21,"column":2},"end":{"line":21,"column":null}},"6":{"start":{"line":24,"column":0},"end":{"line":24,"column":13}},"7":{"start":{"line":29,"column":2},"end":{"line":29,"column":null}},"8":{"start":{"line":35,"column":2},"end":{"line":35,"column":null}},"9":{"start":{"line":41,"column":2},"end":{"line":41,"column":null}}},"fnMap":{},"branchMap":{"0":{"loc":{"start":{"line":21,"column":8},"end":{"line":21,"column":24}},"type":"cond-expr","locations":[{"start":{"line":21,"column":23},"end":{"line":21,"column":24}},{"start":{"line":21,"column":23},"end":{"line":21,"column":24}}]},"1":{"loc":{"start":{"line":21,"column":8},"end":{"line":21,"column":23}},"type":"binary-expr","locations":[{"start":{"line":21,"column":8},"end":{"line":21,"column":24}},{"start":{"line":21,"column":8},"end":{"line":21,"column":23}}]},"2":{"loc":{"start":{"line":41,"column":8},"end":{"line":41,"column":24}},"type":"cond-expr","locations":[{"start":{"line":41,"column":23},"end":{"line":41,"column":24}},{"start":{"line":41,"column":23},"end":{"line":41,"column":24}}]},"3":{"loc":{"start":{"line":41,"column":8},"end":{"line":41,"column":23}},"type":"binary-expr","locations":[{"start":{"line":41,"column":8},"end":{"line":41,"column":24}},{"start":{"line":41,"column":8},"end":{"line":41,"column":23}}]}},"s":{"0":1,"1":1,"2":1,"3":1,"4":1,"5":1,"6":1,"7":1,"8":1,"9":1},"f":{},"b":{"0":[1,0],"1":[1,1],"2":[1,0],"3":[1,1]}}
,"C:\\wamp64\\www\\newway\\case-task-manager\\case-task-manager-api\\src\\api\\auth\\dtos\\index.ts": {"path":"C:\\wamp64\\www\\newway\\case-task-manager\\case-task-manager-api\\src\\api\\auth\\dtos\\index.ts","statementMap":{"0":{"start":{"line":1,"column":0},"end":{"line":1,"column":33}},"1":{"start":{"line":2,"column":0},"end":{"line":2,"column":36}}},"fnMap":{},"branchMap":{},"s":{"0":1,"1":1},"f":{},"b":{}}
,"C:\\wamp64\\www\\newway\\case-task-manager\\case-task-manager-api\\src\\api\\auth\\dtos\\login-user.dto.ts": {"path":"C:\\wamp64\\www\\newway\\case-task-manager\\case-task-manager-api\\src\\api\\auth\\dtos\\login-user.dto.ts","statementMap":{"0":{"start":{"line":1,"column":0},"end":{"line":1,"column":64}},"1":{"start":{"line":2,"column":0},"end":{"line":2,"column":46}},"2":{"start":{"line":4,"column":0},"end":{"line":4,"column":13}},"3":{"start":{"line":10,"column":2},"end":{"line":10,"column":null}},"4":{"start":{"line":18,"column":2},"end":{"line":18,"column":null}}},"fnMap":{},"branchMap":{},"s":{"0":1,"1":1,"2":1,"3":1,"4":1},"f":{},"b":{}}
,"C:\\wamp64\\www\\newway\\case-task-manager\\case-task-manager-api\\src\\api\\auth\\guards\\jwt-auth.guard.ts": {"path":"C:\\wamp64\\www\\newway\\case-task-manager\\case-task-manager-api\\src\\api\\auth\\guards\\jwt-auth.guard.ts","statementMap":{"0":{"start":{"line":1,"column":0},"end":{"line":1,"column":44}},"1":{"start":{"line":2,"column":0},"end":{"line":2,"column":45}},"2":{"start":{"line":5,"column":7},"end":{"line":5,"column":null}},"3":{"start":{"line":5,"column":13},"end":{"line":5,"column":25}},"4":{"start":{"line":5,"column":13},"end":{"line":5,"column":null}}},"fnMap":{},"branchMap":{},"s":{"0":2,"1":2,"2":2,"3":2,"4":2},"f":{},"b":{}}
,"C:\\wamp64\\www\\newway\\case-task-manager\\case-task-manager-api\\src\\api\\auth\\guards\\roles.guard.ts": {"path":"C:\\wamp64\\www\\newway\\case-task-manager\\case-task-manager-api\\src\\api\\auth\\guards\\roles.guard.ts","statementMap":{"0":{"start":{"line":1,"column":0},"end":{"line":1,"column":75}},"1":{"start":{"line":2,"column":0},"end":{"line":2,"column":41}},"2":{"start":{"line":3,"column":0},"end":{"line":3,"column":58}},"3":{"start":{"line":7,"column":7},"end":{"line":23,"column":null}},"4":{"start":{"line":8,"column":22},"end":{"line":8,"column":33}},"5":{"start":{"line":11,"column":26},"end":{"line":14,"column":6}},"6":{"start":{"line":16,"column":4},"end":{"line":18,"column":5}},"7":{"start":{"line":17,"column":6},"end":{"line":17,"column":18}},"8":{"start":{"line":20,"column":21},"end":{"line":20,"column":56}},"9":{"start":{"line":21,"column":4},"end":{"line":21,"column":60}},"10":{"start":{"line":21,"column":40},"end":{"line":21,"column":58}},"11":{"start":{"line":7,"column":13},"end":{"line":7,"column":23}},"12":{"start":{"line":7,"column":13},"end":{"line":23,"column":null}}},"fnMap":{"0":{"name":"(anonymous_2)","decl":{"start":{"line":8,"column":2},"end":{"line":8,"column":22}},"loc":{"start":{"line":8,"column":42},"end":{"line":8,"column":46}}},"1":{"name":"(anonymous_3)","decl":{"start":{"line":10,"column":2},"end":{"line":10,"column":13}},"loc":{"start":{"line":10,"column":39},"end":{"line":22,"column":3}}},"2":{"name":"(anonymous_4)","decl":{"start":{"line":21,"column":30},"end":{"line":21,"column":31}},"loc":{"start":{"line":21,"column":40},"end":{"line":21,"column":58}}}},"branchMap":{"0":{"loc":{"start":{"line":16,"column":4},"end":{"line":18,"column":5}},"type":"if","locations":[{"start":{"line":16,"column":4},"end":{"line":18,"column":5}},{"start":{},"end":{}}]},"1":{"loc":{"start":{"line":8,"column":33},"end":{"line":8,"column":45}},"type":"cond-expr","locations":[{"start":{"line":8,"column":42},"end":{"line":8,"column":45}},{"start":{"line":8,"column":42},"end":{"line":8,"column":45}}]},"2":{"loc":{"start":{"line":8,"column":33},"end":{"line":8,"column":42}},"type":"binary-expr","locations":[{"start":{"line":8,"column":33},"end":{"line":8,"column":45}},{"start":{"line":8,"column":33},"end":{"line":8,"column":42}}]}},"s":{"0":1,"1":1,"2":1,"3":1,"4":10,"5":10,"6":10,"7":1,"8":9,"9":9,"10":9,"11":1,"12":1},"f":{"0":10,"1":10,"2":9},"b":{"0":[1,9],"1":[1,0],"2":[1,1]}}
,"C:\\wamp64\\www\\newway\\case-task-manager\\case-task-manager-api\\src\\api\\auth\\services\\auth.service.ts": {"path":"C:\\wamp64\\www\\newway\\case-task-manager\\case-task-manager-api\\src\\api\\auth\\services\\auth.service.ts","statementMap":{"0":{"start":{"line":1,"column":0},"end":{"line":1,"column":86}},"1":{"start":{"line":2,"column":0},"end":{"line":2,"column":41}},"2":{"start":{"line":3,"column":0},"end":{"line":3,"column":66}},"3":{"start":{"line":7,"column":0},"end":{"line":7,"column":69}},"4":{"start":{"line":8,"column":0},"end":{"line":8,"column":33}},"5":{"start":{"line":11,"column":7},"end":{"line":74,"column":null}},"6":{"start":{"line":13,"column":21},"end":{"line":13,"column":35}},"7":{"start":{"line":14,"column":21},"end":{"line":14,"column":33}},"8":{"start":{"line":19,"column":25},"end":{"line":19,"column":81}},"9":{"start":{"line":20,"column":4},"end":{"line":22,"column":5}},"10":{"start":{"line":21,"column":6},"end":{"line":21,"column":70}},"11":{"start":{"line":25,"column":23},"end":{"line":25,"column":25}},"12":{"start":{"line":26,"column":27},"end":{"line":26,"column":80}},"13":{"start":{"line":29,"column":21},"end":{"line":32,"column":6}},"14":{"start":{"line":34,"column":17},"end":{"line":34,"column":57}},"15":{"start":{"line":36,"column":4},"end":{"line":40,"column":6}},"16":{"start":{"line":45,"column":17},"end":{"line":45,"column":72}},"17":{"start":{"line":46,"column":4},"end":{"line":48,"column":5}},"18":{"start":{"line":47,"column":6},"end":{"line":47,"column":63}},"19":{"start":{"line":51,"column":28},"end":{"line":51,"column":86}},"20":{"start":{"line":52,"column":4},"end":{"line":54,"column":5}},"21":{"start":{"line":53,"column":6},"end":{"line":53,"column":63}},"22":{"start":{"line":57,"column":20},"end":{"line":61,"column":6}},"23":{"start":{"line":62,"column":25},"end":{"line":62,"column":54}},"24":{"start":{"line":64,"column":4},"end":{"line":68,"column":6}},"25":{"start":{"line":72,"column":4},"end":{"line":72,"column":51}},"26":{"start":{"line":11,"column":13},"end":{"line":11,"column":24}},"27":{"start":{"line":11,"column":13},"end":{"line":74,"column":null}}},"fnMap":{"0":{"name":"(anonymous_11)","decl":{"start":{"line":12,"column":2},"end":{"line":12,"column":null}},"loc":{"start":{"line":14,"column":43},"end":{"line":15,"column":6}}},"1":{"name":"(anonymous_12)","decl":{"start":{"line":17,"column":2},"end":{"line":17,"column":7}},"loc":{"start":{"line":17,"column":45},"end":{"line":41,"column":3}}},"2":{"name":"(anonymous_13)","decl":{"start":{"line":43,"column":2},"end":{"line":43,"column":7}},"loc":{"start":{"line":43,"column":40},"end":{"line":69,"column":3}}},"3":{"name":"(anonymous_14)","decl":{"start":{"line":71,"column":2},"end":{"line":71,"column":7}},"loc":{"start":{"line":71,"column":35},"end":{"line":73,"column":3}}}},"branchMap":{"0":{"loc":{"start":{"line":20,"column":4},"end":{"line":22,"column":5}},"type":"if","locations":[{"start":{"line":20,"column":4},"end":{"line":22,"column":5}},{"start":{},"end":{}}]},"1":{"loc":{"start":{"line":46,"column":4},"end":{"line":48,"column":5}},"type":"if","locations":[{"start":{"line":46,"column":4},"end":{"line":48,"column":5}},{"start":{},"end":{}}]},"2":{"loc":{"start":{"line":52,"column":4},"end":{"line":54,"column":5}},"type":"if","locations":[{"start":{"line":52,"column":4},"end":{"line":54,"column":5}},{"start":{},"end":{}}]},"3":{"loc":{"start":{"line":13,"column":35},"end":{"line":13,"column":null}},"type":"cond-expr","locations":[{"start":{"line":13,"column":47},"end":{"line":13,"column":null}},{"start":{"line":13,"column":47},"end":{"line":13,"column":null}}]},"4":{"loc":{"start":{"line":13,"column":35},"end":{"line":13,"column":47}},"type":"binary-expr","locations":[{"start":{"line":13,"column":35},"end":{"line":13,"column":null}},{"start":{"line":13,"column":35},"end":{"line":13,"column":47}}]},"5":{"loc":{"start":{"line":13,"column":47},"end":{"line":14,"column":null}},"type":"cond-expr","locations":[{"start":{"line":14,"column":43},"end":{"line":14,"column":null}},{"start":{"line":14,"column":43},"end":{"line":14,"column":null}}]},"6":{"loc":{"start":{"line":13,"column":47},"end":{"line":14,"column":43}},"type":"binary-expr","locations":[{"start":{"line":13,"column":47},"end":{"line":14,"column":null}},{"start":{"line":14,"column":33},"end":{"line":14,"column":43}}]}},"s":{"0":3,"1":3,"2":3,"3":3,"4":3,"5":3,"6":10,"7":10,"8":3,"9":3,"10":1,"11":2,"12":2,"13":1,"14":1,"15":1,"16":4,"17":4,"18":1,"19":3,"20":2,"21":1,"22":1,"23":1,"24":1,"25":3,"26":3,"27":3},"f":{"0":10,"1":3,"2":4,"3":3},"b":{"0":[1,2],"1":[1,3],"2":[1,1],"3":[3,0],"4":[3,3],"5":[3,0],"6":[3,3]}}
,"C:\\wamp64\\www\\newway\\case-task-manager\\case-task-manager-api\\src\\api\\auth\\strategies\\jwt.strategy.ts": {"path":"C:\\wamp64\\www\\newway\\case-task-manager\\case-task-manager-api\\src\\api\\auth\\strategies\\jwt.strategy.ts","statementMap":{"0":{"start":{"line":1,"column":0},"end":{"line":1,"column":67}},"1":{"start":{"line":2,"column":0},"end":{"line":2,"column":52}},"2":{"start":{"line":3,"column":0},"end":{"line":3,"column":52}},"3":{"start":{"line":4,"column":0},"end":{"line":4,"column":47}},"4":{"start":{"line":5,"column":0},"end":{"line":5,"column":55}},"5":{"start":{"line":16,"column":7},"end":{"line":35,"column":null}},"6":{"start":{"line":21,"column":4},"end":{"line":25,"column":7}},"7":{"start":{"line":18,"column":21},"end":{"line":18,"column":36}},"8":{"start":{"line":19,"column":21},"end":{"line":19,"column":34}},"9":{"start":{"line":29,"column":17},"end":{"line":29,"column":65}},"10":{"start":{"line":30,"column":4},"end":{"line":32,"column":5}},"11":{"start":{"line":31,"column":6},"end":{"line":31,"column":56}},"12":{"start":{"line":33,"column":4},"end":{"line":33,"column":16}},"13":{"start":{"line":16,"column":13},"end":{"line":16,"column":24}},"14":{"start":{"line":16,"column":13},"end":{"line":35,"column":null}}},"fnMap":{"0":{"name":"(anonymous_2)","decl":{"start":{"line":17,"column":2},"end":{"line":17,"column":null}},"loc":{"start":{"line":19,"column":45},"end":{"line":26,"column":3}}},"1":{"name":"(anonymous_3)","decl":{"start":{"line":28,"column":2},"end":{"line":28,"column":7}},"loc":{"start":{"line":28,"column":36},"end":{"line":34,"column":3}}}},"branchMap":{"0":{"loc":{"start":{"line":24,"column":19},"end":{"line":24,"column":79}},"type":"binary-expr","locations":[{"start":{"line":24,"column":19},"end":{"line":24,"column":58}},{"start":{"line":24,"column":62},"end":{"line":24,"column":79}}]},"1":{"loc":{"start":{"line":30,"column":4},"end":{"line":32,"column":5}},"type":"if","locations":[{"start":{"line":30,"column":4},"end":{"line":32,"column":5}},{"start":{},"end":{}}]},"2":{"loc":{"start":{"line":18,"column":36},"end":{"line":18,"column":null}},"type":"cond-expr","locations":[{"start":{"line":18,"column":49},"end":{"line":18,"column":null}},{"start":{"line":18,"column":49},"end":{"line":18,"column":null}}]},"3":{"loc":{"start":{"line":18,"column":36},"end":{"line":18,"column":49}},"type":"binary-expr","locations":[{"start":{"line":18,"column":36},"end":{"line":18,"column":null}},{"start":{"line":18,"column":36},"end":{"line":18,"column":49}}]},"4":{"loc":{"start":{"line":18,"column":49},"end":{"line":19,"column":null}},"type":"cond-expr","locations":[{"start":{"line":19,"column":45},"end":{"line":19,"column":null}},{"start":{"line":19,"column":45},"end":{"line":19,"column":null}}]},"5":{"loc":{"start":{"line":18,"column":49},"end":{"line":19,"column":45}},"type":"binary-expr","locations":[{"start":{"line":18,"column":49},"end":{"line":19,"column":null}},{"start":{"line":19,"column":34},"end":{"line":19,"column":45}}]}},"s":{"0":1,"1":1,"2":1,"3":1,"4":1,"5":1,"6":10,"7":10,"8":10,"9":6,"10":5,"11":1,"12":4,"13":1,"14":1},"f":{"0":10,"1":6},"b":{"0":[10,9],"1":[1,4],"2":[1,0],"3":[1,1],"4":[1,0],"5":[1,1]}}
,"C:\\wamp64\\www\\newway\\case-task-manager\\case-task-manager-api\\src\\api\\tasks\\tasks.module.ts": {"path":"C:\\wamp64\\www\\newway\\case-task-manager\\case-task-manager-api\\src\\api\\tasks\\tasks.module.ts","statementMap":{"0":{"start":{"line":1,"column":0},"end":{"line":1,"column":40}},"1":{"start":{"line":2,"column":0},"end":{"line":2,"column":48}},"2":{"start":{"line":3,"column":0},"end":{"line":3,"column":56}},"3":{"start":{"line":4,"column":0},"end":{"line":4,"column":65}},"4":{"start":{"line":5,"column":0},"end":{"line":5,"column":64}},"5":{"start":{"line":6,"column":0},"end":{"line":6,"column":46}},"6":{"start":{"line":14,"column":7},"end":{"line":14,"column":null}},"7":{"start":{"line":14,"column":13},"end":{"line":14,"column":24}},"8":{"start":{"line":14,"column":13},"end":{"line":14,"column":null}}},"fnMap":{},"branchMap":{},"s":{"0":0,"1":0,"2":0,"3":0,"4":0,"5":0,"6":0,"7":0,"8":0},"f":{},"b":{}}
,"C:\\wamp64\\www\\newway\\case-task-manager\\case-task-manager-api\\src\\api\\tasks\\controllers\\tasks.controller.ts": {"path":"C:\\wamp64\\www\\newway\\case-task-manager\\case-task-manager-api\\src\\api\\tasks\\controllers\\tasks.controller.ts","statementMap":{"0":{"start":{"line":1,"column":0},"end":{"line":1,"column":null}},"1":{"start":{"line":12,"column":0},"end":{"line":12,"column":null}},"2":{"start":{"line":20,"column":0},"end":{"line":20,"column":57}},"3":{"start":{"line":21,"column":0},"end":{"line":21,"column":55}},"4":{"start":{"line":22,"column":0},"end":{"line":22,"column":64}},"5":{"start":{"line":23,"column":0},"end":{"line":23,"column":75}},"6":{"start":{"line":24,"column":0},"end":{"line":24,"column":56}},"7":{"start":{"line":25,"column":0},"end":{"line":25,"column":47}},"8":{"start":{"line":31,"column":7},"end":{"line":152,"column":null}},"9":{"start":{"line":32,"column":31},"end":{"line":32,"column":45}},"10":{"start":{"line":50,"column":4},"end":{"line":50,"column":57}},"11":{"start":{"line":68,"column":4},"end":{"line":68,"column":43}},"12":{"start":{"line":95,"column":4},"end":{"line":95,"column":47}},"13":{"start":{"line":124,"column":4},"end":{"line":124,"column":61}},"14":{"start":{"line":150,"column":4},"end":{"line":150,"column":46}},"15":{"start":{"line":31,"column":13},"end":{"line":31,"column":28}},"16":{"start":{"line":46,"column":8},"end":{"line":51,"column":null}},"17":{"start":{"line":67,"column":8},"end":{"line":69,"column":null}},"18":{"start":{"line":91,"column":8},"end":{"line":96,"column":null}},"19":{"start":{"line":119,"column":8},"end":{"line":125,"column":null}},"20":{"start":{"line":146,"column":8},"end":{"line":151,"column":null}},"21":{"start":{"line":31,"column":13},"end":{"line":152,"column":null}}},"fnMap":{"0":{"name":"(anonymous_4)","decl":{"start":{"line":32,"column":2},"end":{"line":32,"column":31}},"loc":{"start":{"line":32,"column":57},"end":{"line":32,"column":61}}},"1":{"name":"(anonymous_5)","decl":{"start":{"line":46,"column":8},"end":{"line":46,"column":14}},"loc":{"start":{"line":48,"column":29},"end":{"line":51,"column":3}}},"2":{"name":"(anonymous_6)","decl":{"start":{"line":67,"column":8},"end":{"line":67,"column":15}},"loc":{"start":{"line":67,"column":41},"end":{"line":69,"column":3}}},"3":{"name":"(anonymous_7)","decl":{"start":{"line":91,"column":8},"end":{"line":91,"column":15}},"loc":{"start":{"line":93,"column":29},"end":{"line":96,"column":3}}},"4":{"name":"(anonymous_8)","decl":{"start":{"line":119,"column":8},"end":{"line":119,"column":14}},"loc":{"start":{"line":122,"column":29},"end":{"line":125,"column":3}}},"5":{"name":"(anonymous_9)","decl":{"start":{"line":146,"column":8},"end":{"line":146,"column":14}},"loc":{"start":{"line":148,"column":29},"end":{"line":151,"column":3}}}},"branchMap":{"0":{"loc":{"start":{"line":47,"column":27},"end":{"line":47,"column":null}},"type":"cond-expr","locations":[{"start":{"line":47,"column":40},"end":{"line":47,"column":null}},{"start":{"line":47,"column":40},"end":{"line":47,"column":null}}]},"1":{"loc":{"start":{"line":47,"column":27},"end":{"line":47,"column":40}},"type":"binary-expr","locations":[{"start":{"line":47,"column":27},"end":{"line":47,"column":null}},{"start":{"line":47,"column":27},"end":{"line":47,"column":40}}]},"2":{"loc":{"start":{"line":47,"column":40},"end":{"line":48,"column":null}},"type":"cond-expr","locations":[{"start":{"line":48,"column":29},"end":{"line":48,"column":null}},{"start":{"line":48,"column":29},"end":{"line":48,"column":null}}]},"3":{"loc":{"start":{"line":47,"column":40},"end":{"line":48,"column":29}},"type":"binary-expr","locations":[{"start":{"line":47,"column":40},"end":{"line":48,"column":null}},{"start":{"line":48,"column":25},"end":{"line":48,"column":29}}]},"4":{"loc":{"start":{"line":49,"column":5},"end":{"line":49,"column":null}},"type":"cond-expr","locations":[{"start":{"line":49,"column":12},"end":{"line":49,"column":null}},{"start":{"line":49,"column":12},"end":{"line":49,"column":null}}]},"5":{"loc":{"start":{"line":49,"column":5},"end":{"line":49,"column":12}},"type":"binary-expr","locations":[{"start":{"line":49,"column":5},"end":{"line":49,"column":null}},{"start":{"line":49,"column":5},"end":{"line":49,"column":12}}]},"6":{"loc":{"start":{"line":67,"column":37},"end":{"line":67,"column":44}},"type":"cond-expr","locations":[{"start":{"line":67,"column":41},"end":{"line":67,"column":44}},{"start":{"line":67,"column":41},"end":{"line":67,"column":44}}]},"7":{"loc":{"start":{"line":67,"column":37},"end":{"line":67,"column":41}},"type":"binary-expr","locations":[{"start":{"line":67,"column":37},"end":{"line":67,"column":44}},{"start":{"line":67,"column":37},"end":{"line":67,"column":41}}]},"8":{"loc":{"start":{"line":67,"column":44},"end":{"line":67,"column":null}},"type":"cond-expr","locations":[{"start":{"line":67,"column":51},"end":{"line":67,"column":null}},{"start":{"line":67,"column":51},"end":{"line":67,"column":null}}]},"9":{"loc":{"start":{"line":67,"column":44},"end":{"line":67,"column":51}},"type":"binary-expr","locations":[{"start":{"line":67,"column":44},"end":{"line":67,"column":null}},{"start":{"line":67,"column":44},"end":{"line":67,"column":51}}]},"10":{"loc":{"start":{"line":93,"column":25},"end":{"line":93,"column":null}},"type":"cond-expr","locations":[{"start":{"line":93,"column":29},"end":{"line":93,"column":null}},{"start":{"line":93,"column":29},"end":{"line":93,"column":null}}]},"11":{"loc":{"start":{"line":93,"column":25},"end":{"line":93,"column":29}},"type":"binary-expr","locations":[{"start":{"line":93,"column":25},"end":{"line":93,"column":null}},{"start":{"line":93,"column":25},"end":{"line":93,"column":29}}]},"12":{"loc":{"start":{"line":94,"column":5},"end":{"line":94,"column":null}},"type":"cond-expr","locations":[{"start":{"line":94,"column":12},"end":{"line":94,"column":null}},{"start":{"line":94,"column":12},"end":{"line":94,"column":null}}]},"13":{"loc":{"start":{"line":94,"column":5},"end":{"line":94,"column":12}},"type":"binary-expr","locations":[{"start":{"line":94,"column":5},"end":{"line":94,"column":null}},{"start":{"line":94,"column":5},"end":{"line":94,"column":12}}]},"14":{"loc":{"start":{"line":121,"column":27},"end":{"line":121,"column":null}},"type":"cond-expr","locations":[{"start":{"line":121,"column":40},"end":{"line":121,"column":null}},{"start":{"line":121,"column":40},"end":{"line":121,"column":null}}]},"15":{"loc":{"start":{"line":121,"column":27},"end":{"line":121,"column":40}},"type":"binary-expr","locations":[{"start":{"line":121,"column":27},"end":{"line":121,"column":null}},{"start":{"line":121,"column":27},"end":{"line":121,"column":40}}]},"16":{"loc":{"start":{"line":121,"column":40},"end":{"line":122,"column":null}},"type":"cond-expr","locations":[{"start":{"line":122,"column":29},"end":{"line":122,"column":null}},{"start":{"line":122,"column":29},"end":{"line":122,"column":null}}]},"17":{"loc":{"start":{"line":121,"column":40},"end":{"line":122,"column":29}},"type":"binary-expr","locations":[{"start":{"line":121,"column":40},"end":{"line":122,"column":null}},{"start":{"line":122,"column":25},"end":{"line":122,"column":29}}]},"18":{"loc":{"start":{"line":123,"column":5},"end":{"line":123,"column":null}},"type":"cond-expr","locations":[{"start":{"line":123,"column":12},"end":{"line":123,"column":null}},{"start":{"line":123,"column":12},"end":{"line":123,"column":null}}]},"19":{"loc":{"start":{"line":123,"column":5},"end":{"line":123,"column":12}},"type":"binary-expr","locations":[{"start":{"line":123,"column":5},"end":{"line":123,"column":null}},{"start":{"line":123,"column":5},"end":{"line":123,"column":12}}]},"20":{"loc":{"start":{"line":148,"column":25},"end":{"line":148,"column":null}},"type":"cond-expr","locations":[{"start":{"line":148,"column":29},"end":{"line":148,"column":null}},{"start":{"line":148,"column":29},"end":{"line":148,"column":null}}]},"21":{"loc":{"start":{"line":148,"column":25},"end":{"line":148,"column":29}},"type":"binary-expr","locations":[{"start":{"line":148,"column":25},"end":{"line":148,"column":null}},{"start":{"line":148,"column":25},"end":{"line":148,"column":29}}]},"22":{"loc":{"start":{"line":149,"column":5},"end":{"line":149,"column":null}},"type":"cond-expr","locations":[{"start":{"line":149,"column":12},"end":{"line":149,"column":null}},{"start":{"line":149,"column":12},"end":{"line":149,"column":null}}]},"23":{"loc":{"start":{"line":149,"column":5},"end":{"line":149,"column":12}},"type":"binary-expr","locations":[{"start":{"line":149,"column":5},"end":{"line":149,"column":null}},{"start":{"line":149,"column":5},"end":{"line":149,"column":12}}]},"24":{"loc":{"start":{"line":32,"column":45},"end":{"line":32,"column":60}},"type":"cond-expr","locations":[{"start":{"line":32,"column":57},"end":{"line":32,"column":60}},{"start":{"line":32,"column":57},"end":{"line":32,"column":60}}]},"25":{"loc":{"start":{"line":32,"column":45},"end":{"line":32,"column":57}},"type":"binary-expr","locations":[{"start":{"line":32,"column":45},"end":{"line":32,"column":60}},{"start":{"line":32,"column":45},"end":{"line":32,"column":57}}]}},"s":{"0":1,"1":1,"2":1,"3":1,"4":1,"5":1,"6":1,"7":1,"8":1,"9":17,"10":2,"11":3,"12":3,"13":4,"14":4,"15":1,"16":1,"17":1,"18":1,"19":1,"20":1,"21":1},"f":{"0":17,"1":2,"2":3,"3":3,"4":4,"5":4},"b":{"0":[1,0],"1":[1,1],"2":[1,0],"3":[1,1],"4":[1,0],"5":[1,1],"6":[1,0],"7":[1,1],"8":[1,0],"9":[1,1],"10":[1,0],"11":[1,1],"12":[1,0],"13":[1,1],"14":[1,0],"15":[1,1],"16":[1,0],"17":[1,1],"18":[1,0],"19":[1,1],"20":[1,0],"21":[1,1],"22":[1,0],"23":[1,1],"24":[1,0],"25":[1,1]}}
,"C:\\wamp64\\www\\newway\\case-task-manager\\case-task-manager-api\\src\\api\\tasks\\dtos\\create-task.dto.ts": {"path":"C:\\wamp64\\www\\newway\\case-task-manager\\case-task-manager-api\\src\\api\\tasks\\dtos\\create-task.dto.ts","statementMap":{"0":{"start":{"line":1,"column":0},"end":{"line":1,"column":110}},"1":{"start":{"line":2,"column":0},"end":{"line":2,"column":46}},"2":{"start":{"line":3,"column":0},"end":{"line":3,"column":67}},"3":{"start":{"line":4,"column":0},"end":{"line":4,"column":41}},"4":{"start":{"line":34,"column":24},"end":{"line":34,"column":42}},"5":{"start":{"line":44,"column":28},"end":{"line":44,"column":47}},"6":{"start":{"line":6,"column":0},"end":{"line":6,"column":13}},"7":{"start":{"line":15,"column":2},"end":{"line":15,"column":null}},"8":{"start":{"line":24,"column":2},"end":{"line":24,"column":null}},"9":{"start":{"line":34,"column":2},"end":{"line":34,"column":null}},"10":{"start":{"line":44,"column":2},"end":{"line":44,"column":null}},"11":{"start":{"line":53,"column":2},"end":{"line":53,"column":null}},"12":{"start":{"line":64,"column":2},"end":{"line":64,"column":null}},"13":{"start":{"line":63,"column":14},"end":{"line":63,"column":20}}},"fnMap":{"0":{"name":"(anonymous_2)","decl":{"start":{"line":63,"column":8},"end":{"line":63,"column":11}},"loc":{"start":{"line":63,"column":14},"end":{"line":63,"column":20}}}},"branchMap":{"0":{"loc":{"start":{"line":34,"column":11},"end":{"line":34,"column":24}},"type":"cond-expr","locations":[{"start":{"line":34,"column":21},"end":{"line":34,"column":24}},{"start":{"line":34,"column":21},"end":{"line":34,"column":24}}]},"1":{"loc":{"start":{"line":34,"column":11},"end":{"line":34,"column":21}},"type":"binary-expr","locations":[{"start":{"line":34,"column":11},"end":{"line":34,"column":24}},{"start":{"line":34,"column":11},"end":{"line":34,"column":21}}]},"2":{"loc":{"start":{"line":44,"column":13},"end":{"line":44,"column":28}},"type":"cond-expr","locations":[{"start":{"line":44,"column":25},"end":{"line":44,"column":28}},{"start":{"line":44,"column":25},"end":{"line":44,"column":28}}]},"3":{"loc":{"start":{"line":44,"column":13},"end":{"line":44,"column":25}},"type":"binary-expr","locations":[{"start":{"line":44,"column":13},"end":{"line":44,"column":28}},{"start":{"line":44,"column":13},"end":{"line":44,"column":25}}]}},"s":{"0":1,"1":1,"2":1,"3":1,"4":0,"5":0,"6":1,"7":1,"8":1,"9":1,"10":1,"11":1,"12":1,"13":0},"f":{"0":0},"b":{"0":[0,1],"1":[1,1],"2":[0,1],"3":[1,1]}}
,"C:\\wamp64\\www\\newway\\case-task-manager\\case-task-manager-api\\src\\api\\tasks\\dtos\\index.ts": {"path":"C:\\wamp64\\www\\newway\\case-task-manager\\case-task-manager-api\\src\\api\\tasks\\dtos\\index.ts","statementMap":{"0":{"start":{"line":1,"column":0},"end":{"line":1,"column":34}},"1":{"start":{"line":2,"column":0},"end":{"line":2,"column":34}}},"fnMap":{},"branchMap":{},"s":{"0":1,"1":1},"f":{},"b":{}}
,"C:\\wamp64\\www\\newway\\case-task-manager\\case-task-manager-api\\src\\api\\tasks\\dtos\\update-task.dto.ts": {"path":"C:\\wamp64\\www\\newway\\case-task-manager\\case-task-manager-api\\src\\api\\tasks\\dtos\\update-task.dto.ts","statementMap":{"0":{"start":{"line":1,"column":0},"end":{"line":1,"column":46}},"1":{"start":{"line":2,"column":0},"end":{"line":2,"column":50}},"2":{"start":{"line":4,"column":0},"end":{"line":4,"column":13}}},"fnMap":{},"branchMap":{},"s":{"0":1,"1":1,"2":1},"f":{},"b":{}}
,"C:\\wamp64\\www\\newway\\case-task-manager\\case-task-manager-api\\src\\api\\tasks\\entities\\task.entity.ts": {"path":"C:\\wamp64\\www\\newway\\case-task-manager\\case-task-manager-api\\src\\api\\tasks\\entities\\task.entity.ts","statementMap":{"0":{"start":{"line":1,"column":0},"end":{"line":1,"column":null}},"1":{"start":{"line":11,"column":0},"end":{"line":11,"column":46}},"2":{"start":{"line":12,"column":0},"end":{"line":12,"column":56}},"3":{"start":{"line":14,"column":0},"end":{"line":14,"column":null}},"4":{"start":{"line":15,"column":2},"end":{"line":15,"column":null}},"5":{"start":{"line":16,"column":2},"end":{"line":16,"column":null}},"6":{"start":{"line":17,"column":2},"end":{"line":17,"column":null}},"7":{"start":{"line":18,"column":2},"end":{"line":18,"column":null}},"8":{"start":{"line":21,"column":0},"end":{"line":21,"column":null}},"9":{"start":{"line":22,"column":2},"end":{"line":22,"column":null}},"10":{"start":{"line":23,"column":2},"end":{"line":23,"column":null}},"11":{"start":{"line":24,"column":2},"end":{"line":24,"column":null}},"12":{"start":{"line":25,"column":2},"end":{"line":25,"column":null}},"13":{"start":{"line":29,"column":7},"end":{"line":108,"column":null}},"14":{"start":{"line":29,"column":13},"end":{"line":29,"column":17}},"15":{"start":{"line":32,"column":2},"end":{"line":32,"column":null}},"16":{"start":{"line":36,"column":2},"end":{"line":36,"column":null}},"17":{"start":{"line":40,"column":2},"end":{"line":40,"column":null}},"18":{"start":{"line":52,"column":2},"end":{"line":52,"column":null}},"19":{"start":{"line":64,"column":2},"end":{"line":64,"column":null}},"20":{"start":{"line":68,"column":2},"end":{"line":68,"column":null}},"21":{"start":{"line":76,"column":2},"end":{"line":76,"column":null}},"22":{"start":{"line":79,"column":2},"end":{"line":79,"column":null}},"23":{"start":{"line":83,"column":2},"end":{"line":83,"column":null}},"24":{"start":{"line":87,"column":2},"end":{"line":87,"column":null}},"25":{"start":{"line":90,"column":2},"end":{"line":90,"column":null}},"26":{"start":{"line":98,"column":2},"end":{"line":98,"column":null}},"27":{"start":{"line":94,"column":16},"end":{"line":94,"column":20}},"28":{"start":{"line":96,"column":19},"end":{"line":96,"column":23}},"29":{"start":{"line":96,"column":35},"end":{"line":96,"column":45}},"30":{"start":{"line":107,"column":2},"end":{"line":107,"column":null}},"31":{"start":{"line":102,"column":16},"end":{"line":102,"column":20}},"32":{"start":{"line":105,"column":19},"end":{"line":105,"column":23}},"33":{"start":{"line":29,"column":13},"end":{"line":108,"column":null}}},"fnMap":{"0":{"name":"(anonymous_2)","decl":{"start":{"line":14,"column":0},"end":{"line":14,"column":12}},"loc":{"start":{"line":14,"column":22},"end":{"line":19,"column":1}}},"1":{"name":"(anonymous_3)","decl":{"start":{"line":21,"column":0},"end":{"line":21,"column":12}},"loc":{"start":{"line":21,"column":24},"end":{"line":26,"column":1}}},"2":{"name":"(anonymous_4)","decl":{"start":{"line":94,"column":10},"end":{"line":94,"column":13}},"loc":{"start":{"line":94,"column":16},"end":{"line":94,"column":20}}},"3":{"name":"(anonymous_5)","decl":{"start":{"line":96,"column":13},"end":{"line":96,"column":16}},"loc":{"start":{"line":96,"column":19},"end":{"line":96,"column":23}}},"4":{"name":"(anonymous_6)","decl":{"start":{"line":96,"column":25},"end":{"line":96,"column":26}},"loc":{"start":{"line":96,"column":35},"end":{"line":96,"column":45}}},"5":{"name":"(anonymous_7)","decl":{"start":{"line":102,"column":10},"end":{"line":102,"column":13}},"loc":{"start":{"line":102,"column":16},"end":{"line":102,"column":20}}},"6":{"name":"(anonymous_8)","decl":{"start":{"line":105,"column":13},"end":{"line":105,"column":16}},"loc":{"start":{"line":105,"column":19},"end":{"line":105,"column":23}}}},"branchMap":{"0":{"loc":{"start":{"line":14,"column":12},"end":{"line":14,"column":null}},"type":"binary-expr","locations":[{"start":{"line":14,"column":12},"end":{"line":14,"column":22}},{"start":{"line":14,"column":22},"end":{"line":14,"column":null}}]},"1":{"loc":{"start":{"line":21,"column":12},"end":{"line":21,"column":null}},"type":"binary-expr","locations":[{"start":{"line":21,"column":12},"end":{"line":21,"column":24}},{"start":{"line":21,"column":24},"end":{"line":21,"column":null}}]},"2":{"loc":{"start":{"line":68,"column":11},"end":{"line":68,"column":16}},"type":"cond-expr","locations":[{"start":{"line":68,"column":15},"end":{"line":68,"column":16}},{"start":{"line":68,"column":15},"end":{"line":68,"column":16}}]},"3":{"loc":{"start":{"line":68,"column":11},"end":{"line":68,"column":15}},"type":"binary-expr","locations":[{"start":{"line":68,"column":11},"end":{"line":68,"column":16}},{"start":{"line":68,"column":11},"end":{"line":68,"column":15}}]},"4":{"loc":{"start":{"line":83,"column":13},"end":{"line":83,"column":18}},"type":"cond-expr","locations":[{"start":{"line":83,"column":17},"end":{"line":83,"column":18}},{"start":{"line":83,"column":17},"end":{"line":83,"column":18}}]},"5":{"loc":{"start":{"line":83,"column":13},"end":{"line":83,"column":17}},"type":"binary-expr","locations":[{"start":{"line":83,"column":13},"end":{"line":83,"column":18}},{"start":{"line":83,"column":13},"end":{"line":83,"column":17}}]},"6":{"loc":{"start":{"line":87,"column":13},"end":{"line":87,"column":18}},"type":"cond-expr","locations":[{"start":{"line":87,"column":17},"end":{"line":87,"column":18}},{"start":{"line":87,"column":17},"end":{"line":87,"column":18}}]},"7":{"loc":{"start":{"line":87,"column":13},"end":{"line":87,"column":17}},"type":"binary-expr","locations":[{"start":{"line":87,"column":13},"end":{"line":87,"column":18}},{"start":{"line":87,"column":13},"end":{"line":87,"column":17}}]},"8":{"loc":{"start":{"line":90,"column":13},"end":{"line":90,"column":18}},"type":"cond-expr","locations":[{"start":{"line":90,"column":17},"end":{"line":90,"column":18}},{"start":{"line":90,"column":17},"end":{"line":90,"column":18}}]},"9":{"loc":{"start":{"line":90,"column":13},"end":{"line":90,"column":17}},"type":"binary-expr","locations":[{"start":{"line":90,"column":13},"end":{"line":90,"column":18}},{"start":{"line":90,"column":13},"end":{"line":90,"column":17}}]},"10":{"loc":{"start":{"line":98,"column":8},"end":{"line":98,"column":13}},"type":"cond-expr","locations":[{"start":{"line":98,"column":12},"end":{"line":98,"column":13}},{"start":{"line":98,"column":12},"end":{"line":98,"column":13}}]},"11":{"loc":{"start":{"line":98,"column":8},"end":{"line":98,"column":12}},"type":"binary-expr","locations":[{"start":{"line":98,"column":8},"end":{"line":98,"column":13}},{"start":{"line":98,"column":8},"end":{"line":98,"column":12}}]},"12":{"loc":{"start":{"line":107,"column":12},"end":{"line":107,"column":17}},"type":"cond-expr","locations":[{"start":{"line":107,"column":16},"end":{"line":107,"column":17}},{"start":{"line":107,"column":16},"end":{"line":107,"column":17}}]},"13":{"loc":{"start":{"line":107,"column":12},"end":{"line":107,"column":16}},"type":"binary-expr","locations":[{"start":{"line":107,"column":12},"end":{"line":107,"column":17}},{"start":{"line":107,"column":12},"end":{"line":107,"column":16}}]}},"s":{"0":10,"1":10,"2":10,"3":10,"4":10,"5":10,"6":10,"7":10,"8":10,"9":10,"10":10,"11":10,"12":10,"13":10,"14":10,"15":10,"16":10,"17":10,"18":10,"19":10,"20":10,"21":10,"22":10,"23":10,"24":10,"25":10,"26":10,"27":0,"28":0,"29":0,"30":10,"31":0,"32":0,"33":10},"f":{"0":10,"1":10,"2":0,"3":0,"4":0,"5":0,"6":0},"b":{"0":[10,10],"1":[10,10],"2":[10,0],"3":[10,10],"4":[10,0],"5":[10,10],"6":[10,0],"7":[10,10],"8":[10,0],"9":[10,10],"10":[2,8],"11":[10,2],"12":[2,8],"13":[10,2]}}
,"C:\\wamp64\\www\\newway\\case-task-manager\\case-task-manager-api\\src\\api\\tasks\\repositories\\task.repository.ts": {"path":"C:\\wamp64\\www\\newway\\case-task-manager\\case-task-manager-api\\src\\api\\tasks\\repositories\\task.repository.ts","statementMap":{"0":{"start":{"line":1,"column":0},"end":{"line":1,"column":44}},"1":{"start":{"line":2,"column":0},"end":{"line":2,"column":51}},"2":{"start":{"line":3,"column":0},"end":{"line":3,"column":45}},"3":{"start":{"line":4,"column":0},"end":{"line":4,"column":47}},"4":{"start":{"line":10,"column":7},"end":{"line":73,"column":null}},"5":{"start":{"line":13,"column":21},"end":{"line":13,"column":33}},"6":{"start":{"line":17,"column":17},"end":{"line":20,"column":6}},"7":{"start":{"line":21,"column":4},"end":{"line":21,"column":38}},"8":{"start":{"line":25,"column":4},"end":{"line":29,"column":7}},"9":{"start":{"line":33,"column":4},"end":{"line":40,"column":7}},"10":{"start":{"line":44,"column":4},"end":{"line":47,"column":7}},"11":{"start":{"line":51,"column":4},"end":{"line":58,"column":7}},"12":{"start":{"line":62,"column":4},"end":{"line":62,"column":52}},"13":{"start":{"line":63,"column":4},"end":{"line":63,"column":28}},"14":{"start":{"line":67,"column":4},"end":{"line":67,"column":64}},"15":{"start":{"line":71,"column":4},"end":{"line":71,"column":37}},"16":{"start":{"line":10,"column":13},"end":{"line":10,"column":27}},"17":{"start":{"line":10,"column":13},"end":{"line":73,"column":null}}},"fnMap":{"0":{"name":"(anonymous_4)","decl":{"start":{"line":11,"column":2},"end":{"line":11,"column":null}},"loc":{"start":{"line":13,"column":49},"end":{"line":14,"column":6}}},"1":{"name":"(anonymous_5)","decl":{"start":{"line":16,"column":2},"end":{"line":16,"column":7}},"loc":{"start":{"line":16,"column":55},"end":{"line":22,"column":3}}},"2":{"name":"(anonymous_6)","decl":{"start":{"line":24,"column":2},"end":{"line":24,"column":7}},"loc":{"start":{"line":24,"column":15},"end":{"line":30,"column":3}}},"3":{"name":"(anonymous_7)","decl":{"start":{"line":32,"column":2},"end":{"line":32,"column":7}},"loc":{"start":{"line":32,"column":33},"end":{"line":41,"column":3}}},"4":{"name":"(anonymous_8)","decl":{"start":{"line":43,"column":2},"end":{"line":43,"column":7}},"loc":{"start":{"line":43,"column":26},"end":{"line":48,"column":3}}},"5":{"name":"(anonymous_9)","decl":{"start":{"line":50,"column":2},"end":{"line":50,"column":7}},"loc":{"start":{"line":50,"column":48},"end":{"line":59,"column":3}}},"6":{"name":"(anonymous_10)","decl":{"start":{"line":61,"column":2},"end":{"line":61,"column":7}},"loc":{"start":{"line":61,"column":55},"end":{"line":64,"column":3}}},"7":{"name":"(anonymous_11)","decl":{"start":{"line":66,"column":2},"end":{"line":66,"column":7}},"loc":{"start":{"line":66,"column":29},"end":{"line":68,"column":3}}},"8":{"name":"(anonymous_12)","decl":{"start":{"line":70,"column":2},"end":{"line":70,"column":7}},"loc":{"start":{"line":70,"column":25},"end":{"line":72,"column":3}}}},"branchMap":{"0":{"loc":{"start":{"line":13,"column":33},"end":{"line":13,"column":49}},"type":"cond-expr","locations":[{"start":{"line":13,"column":43},"end":{"line":13,"column":49}},{"start":{"line":13,"column":43},"end":{"line":13,"column":49}}]},"1":{"loc":{"start":{"line":13,"column":33},"end":{"line":13,"column":43}},"type":"binary-expr","locations":[{"start":{"line":13,"column":33},"end":{"line":13,"column":49}},{"start":{"line":13,"column":33},"end":{"line":13,"column":43}}]}},"s":{"0":2,"1":2,"2":2,"3":2,"4":2,"5":0,"6":0,"7":0,"8":0,"9":0,"10":0,"11":0,"12":0,"13":0,"14":0,"15":0,"16":2,"17":2},"f":{"0":0,"1":0,"2":0,"3":0,"4":0,"5":0,"6":0,"7":0,"8":0},"b":{"0":[2,0],"1":[2,2]}}
,"C:\\wamp64\\www\\newway\\case-task-manager\\case-task-manager-api\\src\\api\\tasks\\services\\tasks.service.ts": {"path":"C:\\wamp64\\www\\newway\\case-task-manager\\case-task-manager-api\\src\\api\\tasks\\services\\tasks.service.ts","statementMap":{"0":{"start":{"line":1,"column":0},"end":{"line":1,"column":83}},"1":{"start":{"line":2,"column":0},"end":{"line":2,"column":65}},"2":{"start":{"line":6,"column":0},"end":{"line":6,"column":66}},"3":{"start":{"line":9,"column":7},"end":{"line":65,"column":null}},"4":{"start":{"line":10,"column":31},"end":{"line":10,"column":47}},"5":{"start":{"line":13,"column":4},"end":{"line":13,"column":59}},"6":{"start":{"line":17,"column":4},"end":{"line":19,"column":5}},"7":{"start":{"line":18,"column":6},"end":{"line":18,"column":43}},"8":{"start":{"line":21,"column":4},"end":{"line":21,"column":51}},"9":{"start":{"line":27,"column":4},"end":{"line":31,"column":5}},"10":{"start":{"line":28,"column":6},"end":{"line":28,"column":51}},"11":{"start":{"line":30,"column":6},"end":{"line":30,"column":66}},"12":{"start":{"line":33,"column":4},"end":{"line":35,"column":5}},"13":{"start":{"line":34,"column":6},"end":{"line":34,"column":59}},"14":{"start":{"line":37,"column":4},"end":{"line":37,"column":16}},"15":{"start":{"line":41,"column":17},"end":{"line":41,"column":45}},"16":{"start":{"line":43,"column":4},"end":{"line":45,"column":5}},"17":{"start":{"line":44,"column":6},"end":{"line":44,"column":88}},"18":{"start":{"line":47,"column":24},"end":{"line":47,"column":75}},"19":{"start":{"line":49,"column":4},"end":{"line":51,"column":5}},"20":{"start":{"line":50,"column":6},"end":{"line":50,"column":59}},"21":{"start":{"line":53,"column":4},"end":{"line":53,"column":23}},"22":{"start":{"line":57,"column":17},"end":{"line":57,"column":45}},"23":{"start":{"line":59,"column":4},"end":{"line":61,"column":5}},"24":{"start":{"line":60,"column":6},"end":{"line":60,"column":86}},"25":{"start":{"line":63,"column":4},"end":{"line":63,"column":45}},"26":{"start":{"line":9,"column":13},"end":{"line":9,"column":25}},"27":{"start":{"line":9,"column":13},"end":{"line":65,"column":null}}},"fnMap":{"0":{"name":"(anonymous_2)","decl":{"start":{"line":10,"column":2},"end":{"line":10,"column":31}},"loc":{"start":{"line":10,"column":61},"end":{"line":10,"column":65}}},"1":{"name":"(anonymous_3)","decl":{"start":{"line":12,"column":2},"end":{"line":12,"column":7}},"loc":{"start":{"line":12,"column":55},"end":{"line":14,"column":3}}},"2":{"name":"(anonymous_4)","decl":{"start":{"line":16,"column":2},"end":{"line":16,"column":7}},"loc":{"start":{"line":16,"column":26},"end":{"line":22,"column":3}}},"3":{"name":"(anonymous_5)","decl":{"start":{"line":24,"column":2},"end":{"line":24,"column":7}},"loc":{"start":{"line":24,"column":38},"end":{"line":38,"column":3}}},"4":{"name":"(anonymous_6)","decl":{"start":{"line":40,"column":2},"end":{"line":40,"column":7}},"loc":{"start":{"line":40,"column":67},"end":{"line":54,"column":3}}},"5":{"name":"(anonymous_7)","decl":{"start":{"line":56,"column":2},"end":{"line":56,"column":7}},"loc":{"start":{"line":56,"column":37},"end":{"line":64,"column":3}}}},"branchMap":{"0":{"loc":{"start":{"line":17,"column":4},"end":{"line":19,"column":5}},"type":"if","locations":[{"start":{"line":17,"column":4},"end":{"line":19,"column":5}},{"start":{},"end":{}}]},"1":{"loc":{"start":{"line":27,"column":4},"end":{"line":31,"column":5}},"type":"if","locations":[{"start":{"line":27,"column":4},"end":{"line":31,"column":5}},{"start":{"line":29,"column":11},"end":{"line":31,"column":5}}]},"2":{"loc":{"start":{"line":33,"column":4},"end":{"line":35,"column":5}},"type":"if","locations":[{"start":{"line":33,"column":4},"end":{"line":35,"column":5}},{"start":{},"end":{}}]},"3":{"loc":{"start":{"line":43,"column":4},"end":{"line":45,"column":5}},"type":"if","locations":[{"start":{"line":43,"column":4},"end":{"line":45,"column":5}},{"start":{},"end":{}}]},"4":{"loc":{"start":{"line":43,"column":8},"end":{"line":43,"column":64}},"type":"binary-expr","locations":[{"start":{"line":43,"column":8},"end":{"line":43,"column":36}},{"start":{"line":43,"column":40},"end":{"line":43,"column":64}}]},"5":{"loc":{"start":{"line":49,"column":4},"end":{"line":51,"column":5}},"type":"if","locations":[{"start":{"line":49,"column":4},"end":{"line":51,"column":5}},{"start":{},"end":{}}]},"6":{"loc":{"start":{"line":59,"column":4},"end":{"line":61,"column":5}},"type":"if","locations":[{"start":{"line":59,"column":4},"end":{"line":61,"column":5}},{"start":{},"end":{}}]},"7":{"loc":{"start":{"line":59,"column":8},"end":{"line":59,"column":64}},"type":"binary-expr","locations":[{"start":{"line":59,"column":8},"end":{"line":59,"column":36}},{"start":{"line":59,"column":40},"end":{"line":59,"column":64}}]},"8":{"loc":{"start":{"line":10,"column":47},"end":{"line":10,"column":64}},"type":"cond-expr","locations":[{"start":{"line":10,"column":61},"end":{"line":10,"column":64}},{"start":{"line":10,"column":61},"end":{"line":10,"column":64}}]},"9":{"loc":{"start":{"line":10,"column":47},"end":{"line":10,"column":61}},"type":"binary-expr","locations":[{"start":{"line":10,"column":47},"end":{"line":10,"column":64}},{"start":{"line":10,"column":47},"end":{"line":10,"column":61}}]}},"s":{"0":2,"1":2,"2":2,"3":2,"4":14,"5":2,"6":2,"7":1,"8":1,"9":9,"10":3,"11":6,"12":9,"13":3,"14":6,"15":3,"16":2,"17":0,"18":2,"19":2,"20":0,"21":2,"22":3,"23":2,"24":0,"25":2,"26":2,"27":2},"f":{"0":14,"1":2,"2":2,"3":9,"4":3,"5":3},"b":{"0":[1,1],"1":[3,6],"2":[3,6],"3":[0,2],"4":[2,1],"5":[0,2],"6":[0,2],"7":[2,1],"8":[2,0],"9":[2,2]}}
,"C:\\wamp64\\www\\newway\\case-task-manager\\case-task-manager-api\\src\\api\\users\\constants.ts": {"path":"C:\\wamp64\\www\\newway\\case-task-manager\\case-task-manager-api\\src\\api\\users\\constants.ts","statementMap":{"0":{"start":{"line":1,"column":13},"end":{"line":1,"column":49}}},"fnMap":{},"branchMap":{},"s":{"0":6},"f":{},"b":{}}
,"C:\\wamp64\\www\\newway\\case-task-manager\\case-task-manager-api\\src\\api\\users\\users.module.ts": {"path":"C:\\wamp64\\www\\newway\\case-task-manager\\case-task-manager-api\\src\\api\\users\\users.module.ts","statementMap":{"0":{"start":{"line":1,"column":0},"end":{"line":1,"column":40}},"1":{"start":{"line":2,"column":0},"end":{"line":2,"column":48}},"2":{"start":{"line":3,"column":0},"end":{"line":3,"column":56}},"3":{"start":{"line":4,"column":0},"end":{"line":4,"column":65}},"4":{"start":{"line":5,"column":0},"end":{"line":5,"column":46}},"5":{"start":{"line":6,"column":0},"end":{"line":6,"column":50}},"6":{"start":{"line":14,"column":7},"end":{"line":14,"column":null}},"7":{"start":{"line":14,"column":13},"end":{"line":14,"column":24}},"8":{"start":{"line":14,"column":13},"end":{"line":14,"column":null}}},"fnMap":{},"branchMap":{},"s":{"0":0,"1":0,"2":0,"3":0,"4":0,"5":0,"6":0,"7":0,"8":0},"f":{},"b":{}}
,"C:\\wamp64\\www\\newway\\case-task-manager\\case-task-manager-api\\src\\api\\users\\users.provider.ts": {"path":"C:\\wamp64\\www\\newway\\case-task-manager\\case-task-manager-api\\src\\api\\users\\users.provider.ts","statementMap":{"0":{"start":{"line":1,"column":0},"end":{"line":1,"column":37}},"1":{"start":{"line":2,"column":0},"end":{"line":2,"column":64}},"2":{"start":{"line":3,"column":0},"end":{"line":3,"column":46}},"3":{"start":{"line":5,"column":13},"end":{"line":11,"column":2}},"4":{"start":{"line":8,"column":44},"end":{"line":8,"column":74}}},"fnMap":{"0":{"name":"(anonymous_0)","decl":{"start":{"line":8,"column":16},"end":{"line":8,"column":17}},"loc":{"start":{"line":8,"column":44},"end":{"line":8,"column":74}}}},"branchMap":{},"s":{"0":0,"1":0,"2":0,"3":0,"4":0},"f":{"0":0},"b":{}}
,"C:\\wamp64\\www\\newway\\case-task-manager\\case-task-manager-api\\src\\api\\users\\controllers\\users.controller.ts": {"path":"C:\\wamp64\\www\\newway\\case-task-manager\\case-task-manager-api\\src\\api\\users\\controllers\\users.controller.ts","statementMap":{"0":{"start":{"line":1,"column":0},"end":{"line":1,"column":null}},"1":{"start":{"line":13,"column":0},"end":{"line":13,"column":null}},"2":{"start":{"line":20,"column":0},"end":{"line":20,"column":57}},"3":{"start":{"line":21,"column":0},"end":{"line":21,"column":56}},"4":{"start":{"line":22,"column":0},"end":{"line":22,"column":56}},"5":{"start":{"line":23,"column":0},"end":{"line":23,"column":60}},"6":{"start":{"line":28,"column":7},"end":{"line":112,"column":null}},"7":{"start":{"line":29,"column":31},"end":{"line":29,"column":45}},"8":{"start":{"line":44,"column":4},"end":{"line":44,"column":51}},"9":{"start":{"line":55,"column":4},"end":{"line":55,"column":39}},"10":{"start":{"line":71,"column":4},"end":{"line":71,"column":52}},"11":{"start":{"line":95,"column":4},"end":{"line":95,"column":55}},"12":{"start":{"line":110,"column":4},"end":{"line":110,"column":40}},"13":{"start":{"line":28,"column":13},"end":{"line":28,"column":28}},"14":{"start":{"line":43,"column":8},"end":{"line":45,"column":null}},"15":{"start":{"line":54,"column":8},"end":{"line":56,"column":null}},"16":{"start":{"line":70,"column":8},"end":{"line":72,"column":null}},"17":{"start":{"line":91,"column":8},"end":{"line":96,"column":null}},"18":{"start":{"line":109,"column":8},"end":{"line":111,"column":null}},"19":{"start":{"line":28,"column":13},"end":{"line":112,"column":null}}},"fnMap":{"0":{"name":"(anonymous_4)","decl":{"start":{"line":29,"column":2},"end":{"line":29,"column":31}},"loc":{"start":{"line":29,"column":57},"end":{"line":29,"column":61}}},"1":{"name":"(anonymous_5)","decl":{"start":{"line":43,"column":8},"end":{"line":43,"column":14}},"loc":{"start":{"line":43,"column":51},"end":{"line":45,"column":3}}},"2":{"name":"(anonymous_6)","decl":{"start":{"line":54,"column":8},"end":{"line":54,"column":15}},"loc":{"start":{"line":54,"column":15},"end":{"line":56,"column":3}}},"3":{"name":"(anonymous_7)","decl":{"start":{"line":70,"column":8},"end":{"line":70,"column":15}},"loc":{"start":{"line":70,"column":53},"end":{"line":72,"column":3}}},"4":{"name":"(anonymous_8)","decl":{"start":{"line":91,"column":8},"end":{"line":91,"column":14}},"loc":{"start":{"line":93,"column":40},"end":{"line":96,"column":3}}},"5":{"name":"(anonymous_9)","decl":{"start":{"line":109,"column":8},"end":{"line":109,"column":14}},"loc":{"start":{"line":109,"column":52},"end":{"line":111,"column":3}}}},"branchMap":{"0":{"loc":{"start":{"line":43,"column":38},"end":{"line":43,"column":54}},"type":"cond-expr","locations":[{"start":{"line":43,"column":51},"end":{"line":43,"column":54}},{"start":{"line":43,"column":51},"end":{"line":43,"column":54}}]},"1":{"loc":{"start":{"line":43,"column":38},"end":{"line":43,"column":51}},"type":"binary-expr","locations":[{"start":{"line":43,"column":38},"end":{"line":43,"column":54}},{"start":{"line":43,"column":38},"end":{"line":43,"column":51}}]},"2":{"loc":{"start":{"line":43,"column":54},"end":{"line":43,"column":null}},"type":"cond-expr","locations":[{"start":{"line":43,"column":61},"end":{"line":43,"column":null}},{"start":{"line":43,"column":61},"end":{"line":43,"column":null}}]},"3":{"loc":{"start":{"line":43,"column":54},"end":{"line":43,"column":61}},"type":"binary-expr","locations":[{"start":{"line":43,"column":54},"end":{"line":43,"column":null}},{"start":{"line":43,"column":54},"end":{"line":43,"column":61}}]},"4":{"loc":{"start":{"line":54,"column":19},"end":{"line":54,"column":null}},"type":"cond-expr","locations":[{"start":{"line":54,"column":26},"end":{"line":54,"column":null}},{"start":{"line":54,"column":26},"end":{"line":54,"column":null}}]},"5":{"loc":{"start":{"line":54,"column":19},"end":{"line":54,"column":26}},"type":"binary-expr","locations":[{"start":{"line":54,"column":19},"end":{"line":54,"column":null}},{"start":{"line":54,"column":19},"end":{"line":54,"column":26}}]},"6":{"loc":{"start":{"line":70,"column":56},"end":{"line":70,"column":null}},"type":"cond-expr","locations":[{"start":{"line":70,"column":63},"end":{"line":70,"column":null}},{"start":{"line":70,"column":63},"end":{"line":70,"column":null}}]},"7":{"loc":{"start":{"line":70,"column":56},"end":{"line":70,"column":63}},"type":"binary-expr","locations":[{"start":{"line":70,"column":56},"end":{"line":70,"column":null}},{"start":{"line":70,"column":56},"end":{"line":70,"column":63}}]},"8":{"loc":{"start":{"line":93,"column":27},"end":{"line":93,"column":null}},"type":"cond-expr","locations":[{"start":{"line":93,"column":40},"end":{"line":93,"column":null}},{"start":{"line":93,"column":40},"end":{"line":93,"column":null}}]},"9":{"loc":{"start":{"line":93,"column":27},"end":{"line":93,"column":40}},"type":"binary-expr","locations":[{"start":{"line":93,"column":27},"end":{"line":93,"column":null}},{"start":{"line":93,"column":27},"end":{"line":93,"column":40}}]},"10":{"loc":{"start":{"line":94,"column":5},"end":{"line":94,"column":null}},"type":"cond-expr","locations":[{"start":{"line":94,"column":12},"end":{"line":94,"column":null}},{"start":{"line":94,"column":12},"end":{"line":94,"column":null}}]},"11":{"loc":{"start":{"line":94,"column":5},"end":{"line":94,"column":12}},"type":"binary-expr","locations":[{"start":{"line":94,"column":5},"end":{"line":94,"column":null}},{"start":{"line":94,"column":5},"end":{"line":94,"column":12}}]},"12":{"loc":{"start":{"line":109,"column":55},"end":{"line":109,"column":null}},"type":"cond-expr","locations":[{"start":{"line":109,"column":62},"end":{"line":109,"column":null}},{"start":{"line":109,"column":62},"end":{"line":109,"column":null}}]},"13":{"loc":{"start":{"line":109,"column":55},"end":{"line":109,"column":62}},"type":"binary-expr","locations":[{"start":{"line":109,"column":55},"end":{"line":109,"column":null}},{"start":{"line":109,"column":55},"end":{"line":109,"column":62}}]},"14":{"loc":{"start":{"line":29,"column":45},"end":{"line":29,"column":60}},"type":"cond-expr","locations":[{"start":{"line":29,"column":57},"end":{"line":29,"column":60}},{"start":{"line":29,"column":57},"end":{"line":29,"column":60}}]},"15":{"loc":{"start":{"line":29,"column":45},"end":{"line":29,"column":57}},"type":"binary-expr","locations":[{"start":{"line":29,"column":45},"end":{"line":29,"column":60}},{"start":{"line":29,"column":45},"end":{"line":29,"column":57}}]}},"s":{"0":1,"1":1,"2":1,"3":1,"4":1,"5":1,"6":1,"7":21,"8":4,"9":3,"10":3,"11":6,"12":5,"13":1,"14":1,"15":1,"16":1,"17":1,"18":1,"19":1},"f":{"0":21,"1":4,"2":3,"3":3,"4":6,"5":5},"b":{"0":[1,0],"1":[1,1],"2":[1,0],"3":[1,1],"4":[1,0],"5":[1,1],"6":[1,0],"7":[1,1],"8":[1,0],"9":[1,1],"10":[1,0],"11":[1,1],"12":[1,0],"13":[1,1],"14":[1,0],"15":[1,1]}}
,"C:\\wamp64\\www\\newway\\case-task-manager\\case-task-manager-api\\src\\api\\users\\dtos\\create-user.dto.ts": {"path":"C:\\wamp64\\www\\newway\\case-task-manager\\case-task-manager-api\\src\\api\\users\\dtos\\create-user.dto.ts","statementMap":{"0":{"start":{"line":1,"column":0},"end":{"line":1,"column":95}},"1":{"start":{"line":2,"column":0},"end":{"line":2,"column":46}},"2":{"start":{"line":3,"column":0},"end":{"line":3,"column":51}},"3":{"start":{"line":40,"column":20},"end":{"line":40,"column":33}},"4":{"start":{"line":5,"column":0},"end":{"line":5,"column":13}},"5":{"start":{"line":12,"column":2},"end":{"line":12,"column":null}},"6":{"start":{"line":22,"column":2},"end":{"line":22,"column":null}},"7":{"start":{"line":30,"column":2},"end":{"line":30,"column":null}},"8":{"start":{"line":40,"column":2},"end":{"line":40,"column":null}},"9":{"start":{"line":49,"column":2},"end":{"line":49,"column":null}},"10":{"start":{"line":58,"column":2},"end":{"line":58,"column":null}},"11":{"start":{"line":67,"column":2},"end":{"line":67,"column":null}}},"fnMap":{},"branchMap":{"0":{"loc":{"start":{"line":40,"column":9},"end":{"line":40,"column":20}},"type":"cond-expr","locations":[{"start":{"line":40,"column":17},"end":{"line":40,"column":20}},{"start":{"line":40,"column":17},"end":{"line":40,"column":20}}]},"1":{"loc":{"start":{"line":40,"column":9},"end":{"line":40,"column":17}},"type":"binary-expr","locations":[{"start":{"line":40,"column":9},"end":{"line":40,"column":20}},{"start":{"line":40,"column":9},"end":{"line":40,"column":17}}]}},"s":{"0":2,"1":2,"2":2,"3":0,"4":2,"5":2,"6":2,"7":2,"8":2,"9":2,"10":2,"11":2},"f":{},"b":{"0":[0,2],"1":[2,2]}}
,"C:\\wamp64\\www\\newway\\case-task-manager\\case-task-manager-api\\src\\api\\users\\dtos\\update-user.dto.ts": {"path":"C:\\wamp64\\www\\newway\\case-task-manager\\case-task-manager-api\\src\\api\\users\\dtos\\update-user.dto.ts","statementMap":{"0":{"start":{"line":1,"column":0},"end":{"line":1,"column":46}},"1":{"start":{"line":2,"column":0},"end":{"line":2,"column":50}},"2":{"start":{"line":4,"column":0},"end":{"line":4,"column":13}}},"fnMap":{},"branchMap":{},"s":{"0":1,"1":1,"2":1},"f":{},"b":{}}
,"C:\\wamp64\\www\\newway\\case-task-manager\\case-task-manager-api\\src\\api\\users\\dtos\\user-response.dto.ts": {"path":"C:\\wamp64\\www\\newway\\case-task-manager\\case-task-manager-api\\src\\api\\users\\dtos\\user-response.dto.ts","statementMap":{"0":{"start":{"line":1,"column":0},"end":{"line":1,"column":52}},"1":{"start":{"line":2,"column":0},"end":{"line":2,"column":46}},"2":{"start":{"line":3,"column":0},"end":{"line":3,"column":51}},"3":{"start":{"line":58,"column":4},"end":{"line":58,"column":33}},"4":{"start":{"line":5,"column":0},"end":{"line":5,"column":13}},"5":{"start":{"line":8,"column":2},"end":{"line":8,"column":null}},"6":{"start":{"line":12,"column":2},"end":{"line":12,"column":null}},"7":{"start":{"line":16,"column":2},"end":{"line":16,"column":null}},"8":{"start":{"line":19,"column":2},"end":{"line":19,"column":null}},"9":{"start":{"line":26,"column":2},"end":{"line":26,"column":null}},"10":{"start":{"line":33,"column":2},"end":{"line":33,"column":null}},"11":{"start":{"line":40,"column":2},"end":{"line":40,"column":null}},"12":{"start":{"line":47,"column":2},"end":{"line":47,"column":null}},"13":{"start":{"line":51,"column":2},"end":{"line":51,"column":null}},"14":{"start":{"line":55,"column":2},"end":{"line":55,"column":null}}},"fnMap":{"0":{"name":"(anonymous_2)","decl":{"start":{"line":57,"column":2},"end":{"line":57,"column":14}},"loc":{"start":{"line":57,"column":47},"end":{"line":59,"column":3}}}},"branchMap":{"0":{"loc":{"start":{"line":26,"column":8},"end":{"line":26,"column":17}},"type":"cond-expr","locations":[{"start":{"line":26,"column":16},"end":{"line":26,"column":17}},{"start":{"line":26,"column":16},"end":{"line":26,"column":17}}]},"1":{"loc":{"start":{"line":26,"column":8},"end":{"line":26,"column":16}},"type":"binary-expr","locations":[{"start":{"line":26,"column":8},"end":{"line":26,"column":17}},{"start":{"line":26,"column":8},"end":{"line":26,"column":16}}]},"2":{"loc":{"start":{"line":51,"column":13},"end":{"line":51,"column":18}},"type":"cond-expr","locations":[{"start":{"line":51,"column":17},"end":{"line":51,"column":18}},{"start":{"line":51,"column":17},"end":{"line":51,"column":18}}]},"3":{"loc":{"start":{"line":51,"column":13},"end":{"line":51,"column":17}},"type":"binary-expr","locations":[{"start":{"line":51,"column":13},"end":{"line":51,"column":18}},{"start":{"line":51,"column":13},"end":{"line":51,"column":17}}]},"4":{"loc":{"start":{"line":55,"column":13},"end":{"line":55,"column":18}},"type":"cond-expr","locations":[{"start":{"line":55,"column":17},"end":{"line":55,"column":18}},{"start":{"line":55,"column":17},"end":{"line":55,"column":18}}]},"5":{"loc":{"start":{"line":55,"column":13},"end":{"line":55,"column":17}},"type":"binary-expr","locations":[{"start":{"line":55,"column":13},"end":{"line":55,"column":18}},{"start":{"line":55,"column":13},"end":{"line":55,"column":17}}]}},"s":{"0":6,"1":6,"2":6,"3":17,"4":6,"5":6,"6":6,"7":6,"8":6,"9":6,"10":6,"11":6,"12":6,"13":6,"14":6},"f":{"0":17},"b":{"0":[0,6],"1":[6,6],"2":[6,0],"3":[6,6],"4":[6,0],"5":[6,6]}}
,"C:\\wamp64\\www\\newway\\case-task-manager\\case-task-manager-api\\src\\api\\users\\entities\\user.entity.ts": {"path":"C:\\wamp64\\www\\newway\\case-task-manager\\case-task-manager-api\\src\\api\\users\\entities\\user.entity.ts","statementMap":{"0":{"start":{"line":1,"column":0},"end":{"line":1,"column":null}},"1":{"start":{"line":10,"column":0},"end":{"line":10,"column":46}},"2":{"start":{"line":11,"column":0},"end":{"line":11,"column":56}},"3":{"start":{"line":13,"column":0},"end":{"line":13,"column":null}},"4":{"start":{"line":14,"column":2},"end":{"line":14,"column":null}},"5":{"start":{"line":15,"column":2},"end":{"line":15,"column":null}},"6":{"start":{"line":19,"column":7},"end":{"line":85,"column":null}},"7":{"start":{"line":19,"column":13},"end":{"line":19,"column":17}},"8":{"start":{"line":22,"column":2},"end":{"line":22,"column":null}},"9":{"start":{"line":26,"column":2},"end":{"line":26,"column":null}},"10":{"start":{"line":30,"column":2},"end":{"line":30,"column":null}},"11":{"start":{"line":33,"column":2},"end":{"line":33,"column":null}},"12":{"start":{"line":45,"column":2},"end":{"line":45,"column":null}},"13":{"start":{"line":52,"column":2},"end":{"line":52,"column":null}},"14":{"start":{"line":59,"column":2},"end":{"line":59,"column":null}},"15":{"start":{"line":66,"column":2},"end":{"line":66,"column":null}},"16":{"start":{"line":70,"column":2},"end":{"line":70,"column":null}},"17":{"start":{"line":74,"column":2},"end":{"line":74,"column":null}},"18":{"start":{"line":77,"column":2},"end":{"line":77,"column":null}},"19":{"start":{"line":84,"column":2},"end":{"line":84,"column":null}},"20":{"start":{"line":81,"column":16},"end":{"line":81,"column":22}},"21":{"start":{"line":83,"column":19},"end":{"line":83,"column":23}},"22":{"start":{"line":83,"column":35},"end":{"line":83,"column":44}},"23":{"start":{"line":19,"column":13},"end":{"line":85,"column":null}}},"fnMap":{"0":{"name":"(anonymous_2)","decl":{"start":{"line":13,"column":0},"end":{"line":13,"column":12}},"loc":{"start":{"line":13,"column":20},"end":{"line":16,"column":1}}},"1":{"name":"(anonymous_3)","decl":{"start":{"line":81,"column":10},"end":{"line":81,"column":13}},"loc":{"start":{"line":81,"column":16},"end":{"line":81,"column":22}}},"2":{"name":"(anonymous_4)","decl":{"start":{"line":83,"column":13},"end":{"line":83,"column":16}},"loc":{"start":{"line":83,"column":19},"end":{"line":83,"column":23}}},"3":{"name":"(anonymous_5)","decl":{"start":{"line":83,"column":25},"end":{"line":83,"column":26}},"loc":{"start":{"line":83,"column":35},"end":{"line":83,"column":44}}}},"branchMap":{"0":{"loc":{"start":{"line":13,"column":12},"end":{"line":13,"column":null}},"type":"binary-expr","locations":[{"start":{"line":13,"column":12},"end":{"line":13,"column":20}},{"start":{"line":13,"column":20},"end":{"line":13,"column":null}}]},"1":{"loc":{"start":{"line":70,"column":13},"end":{"line":70,"column":18}},"type":"cond-expr","locations":[{"start":{"line":70,"column":17},"end":{"line":70,"column":18}},{"start":{"line":70,"column":17},"end":{"line":70,"column":18}}]},"2":{"loc":{"start":{"line":70,"column":13},"end":{"line":70,"column":17}},"type":"binary-expr","locations":[{"start":{"line":70,"column":13},"end":{"line":70,"column":18}},{"start":{"line":70,"column":13},"end":{"line":70,"column":17}}]},"3":{"loc":{"start":{"line":74,"column":13},"end":{"line":74,"column":18}},"type":"cond-expr","locations":[{"start":{"line":74,"column":17},"end":{"line":74,"column":18}},{"start":{"line":74,"column":17},"end":{"line":74,"column":18}}]},"4":{"loc":{"start":{"line":74,"column":13},"end":{"line":74,"column":17}},"type":"binary-expr","locations":[{"start":{"line":74,"column":13},"end":{"line":74,"column":18}},{"start":{"line":74,"column":13},"end":{"line":74,"column":17}}]},"5":{"loc":{"start":{"line":77,"column":13},"end":{"line":77,"column":18}},"type":"cond-expr","locations":[{"start":{"line":77,"column":17},"end":{"line":77,"column":18}},{"start":{"line":77,"column":17},"end":{"line":77,"column":18}}]},"6":{"loc":{"start":{"line":77,"column":13}
[...]
d":{"line":92,"column":44}},"39":{"start":{"line":96,"column":17},"end":{"line":98,"column":6}},"40":{"start":{"line":100,"column":4},"end":{"line":102,"column":5}},"41":{"start":{"line":101,"column":6},"end":{"line":101,"column":52}},"42":{"start":{"line":104,"column":4},"end":{"line":104,"column":49}},"43":{"start":{"line":12,"column":13},"end":{"line":12,"column":25}},"44":{"start":{"line":12,"column":13},"end":{"line":106,"column":null}}},"fnMap":{"0":{"name":"(anonymous_13)","decl":{"start":{"line":13,"column":2},"end":{"line":13,"column":null}},"loc":{"start":{"line":15,"column":51},"end":{"line":16,"column":6}}},"1":{"name":"(anonymous_14)","decl":{"start":{"line":18,"column":2},"end":{"line":18,"column":7}},"loc":{"start":{"line":18,"column":43},"end":{"line":34,"column":3}}},"2":{"name":"(anonymous_15)","decl":{"start":{"line":36,"column":2},"end":{"line":36,"column":7}},"loc":{"start":{"line":36,"column":15},"end":{"line":39,"column":3}}},"3":{"name":"(anonymous_16)","decl":{"start":{"line":38,"column":21},"end":{"line":38,"column":25}},"loc":{"start":{"line":38,"column":29},"end":{"line":38,"column":54}}},"4":{"name":"(anonymous_17)","decl":{"start":{"line":41,"column":2},"end":{"line":41,"column":7}},"loc":{"start":{"line":41,"column":26},"end":{"line":47,"column":3}}},"5":{"name":"(anonymous_18)","decl":{"start":{"line":49,"column":2},"end":{"line":49,"column":7}},"loc":{"start":{"line":49,"column":37},"end":{"line":59,"column":3}}},"6":{"name":"(anonymous_19)","decl":{"start":{"line":61,"column":2},"end":{"line":61,"column":7}},"loc":{"start":{"line":61,"column":33},"end":{"line":63,"column":3}}},"7":{"name":"(anonymous_20)","decl":{"start":{"line":65,"column":2},"end":{"line":65,"column":7}},"loc":{"start":{"line":65,"column":55},"end":{"line":93,"column":3}}},"8":{"name":"(anonymous_21)","decl":{"start":{"line":95,"column":2},"end":{"line":95,"column":7}},"loc":{"start":{"line":95,"column":25},"end":{"line":105,"column":3}}}},"branchMap":{"0":{"loc":{"start":{"line":21,"column":4},"end":{"line":23,"column":5}},"type":"if","locations":[{"start":{"line":21,"column":4},"end":{"line":23,"column":5}},{"start":{},"end":{}}]},"1":{"loc":{"start":{"line":46,"column":11},"end":{"line":46,"column":23}},"type":"binary-expr","locations":[{"start":{"line":46,"column":11},"end":{"line":46,"column":15}},{"start":{"line":46,"column":19},"end":{"line":46,"column":23}}]},"2":{"loc":{"start":{"line":54,"column":4},"end":{"line":56,"column":5}},"type":"if","locations":[{"start":{"line":54,"column":4},"end":{"line":56,"column":5}},{"start":{},"end":{}}]},"3":{"loc":{"start":{"line":70,"column":4},"end":{"line":72,"column":5}},"type":"if","locations":[{"start":{"line":70,"column":4},"end":{"line":72,"column":5}},{"start":{},"end":{}}]},"4":{"loc":{"start":{"line":74,"column":4},"end":{"line":79,"column":5}},"type":"if","locations":[{"start":{"line":74,"column":4},"end":{"line":79,"column":5}},{"start":{},"end":{}}]},"5":{"loc":{"start":{"line":74,"column":8},"end":{"line":74,"column":65}},"type":"binary-expr","locations":[{"start":{"line":74,"column":8},"end":{"line":74,"column":27}},{"start":{"line":74,"column":31},"end":{"line":74,"column":65}}]},"6":{"loc":{"start":{"line":76,"column":6},"end":{"line":78,"column":7}},"type":"if","locations":[{"start":{"line":76,"column":6},"end":{"line":78,"column":7}},{"start":{},"end":{}}]},"7":{"loc":{"start":{"line":81,"column":4},"end":{"line":83,"column":5}},"type":"if","locations":[{"start":{"line":81,"column":4},"end":{"line":83,"column":5}},{"start":{},"end":{}}]},"8":{"loc":{"start":{"line":88,"column":4},"end":{"line":90,"column":5}},"type":"if","locations":[{"start":{"line":88,"column":4},"end":{"line":90,"column":5}},{"start":{},"end":{}}]},"9":{"loc":{"start":{"line":100,"column":4},"end":{"line":102,"column":5}},"type":"if","locations":[{"start":{"line":100,"column":4},"end":{"line":102,"column":5}},{"start":{},"end":{}}]},"10":{"loc":{"start":{"line":15,"column":37},"end":{"line":15,"column":null}},"type":"cond-expr","locations":[{"start":{"line":15,"column":51},"end":{"line":15,"column":null}},{"start":{"line":15,"column":51},"end":{"line":15,"column":null}}]},"11":{"loc":{"start":{"line":15,"column":37},"end":{"line":15,"column":51}},"type":"binary-expr","locations":[{"start":{"line":15,"column":37},"end":{"line":15,"column":null}},{"start":{"line":15,"column":37},"end":{"line":15,"column":51}}]}},"s":{"0":6,"1":6,"2":6,"3":6,"4":6,"5":6,"6":6,"7":29,"8":4,"9":4,"10":2,"11":2,"12":2,"13":2,"14":2,"15":3,"16":3,"17":3,"18":4,"19":4,"20":2,"21":2,"22":1,"23":1,"24":2,"25":8,"26":8,"27":2,"28":6,"29":4,"30":4,"31":2,"32":4,"33":1,"34":4,"35":4,"36":4,"37":0,"38":4,"39":4,"40":4,"41":2,"42":2,"43":6,"44":6},"f":{"0":29,"1":4,"2":3,"3":3,"4":4,"5":2,"6":2,"7":8,"8":4},"b":{"0":[2,2],"1":[4,2],"2":[1,1],"3":[2,6],"4":[4,2],"5":[6,5],"6":[2,2],"7":[1,3],"8":[0,4],"9":[2,2],"10":[6,0],"11":[6,6]}}
,"C:\\wamp64\\www\\newway\\case-task-manager\\case-task-manager-api\\src\\database\\data-source.ts": {"path":"C:\\wamp64\\www\\newway\\case-task-manager\\case-task-manager-api\\src\\database\\data-source.ts","statementMap":{"0":{"start":{"line":1,"column":0},"end":{"line":1,"column":37}},"1":{"start":{"line":3,"column":0},"end":{"line":3,"column":33}},"2":{"start":{"line":6,"column":0},"end":{"line":6,"column":16}},"3":{"start":{"line":8,"column":13},"end":{"line":19,"column":3}}},"fnMap":{},"branchMap":{"0":{"loc":{"start":{"line":10,"column":8},"end":{"line":10,"column":42}},"type":"binary-expr","locations":[{"start":{"line":10,"column":8},"end":{"line":10,"column":27}},{"start":{"line":10,"column":31},"end":{"line":10,"column":42}}]},"1":{"loc":{"start":{"line":11,"column":17},"end":{"line":11,"column":46}},"type":"binary-expr","locations":[{"start":{"line":11,"column":17},"end":{"line":11,"column":36}},{"start":{"line":11,"column":40},"end":{"line":11,"column":46}}]},"2":{"loc":{"start":{"line":12,"column":12},"end":{"line":12,"column":49}},"type":"binary-expr","locations":[{"start":{"line":12,"column":12},"end":{"line":12,"column":35}},{"start":{"line":12,"column":39},"end":{"line":12,"column":49}}]},"3":{"loc":{"start":{"line":13,"column":12},"end":{"line":13,"column":52}},"type":"binary-expr","locations":[{"start":{"line":13,"column":12},"end":{"line":13,"column":35}},{"start":{"line":13,"column":39},"end":{"line":13,"column":52}}]},"4":{"loc":{"start":{"line":14,"column":12},"end":{"line":14,"column":54}},"type":"binary-expr","locations":[{"start":{"line":14,"column":12},"end":{"line":14,"column":31}},{"start":{"line":14,"column":35},"end":{"line":14,"column":54}}]}},"s":{"0":0,"1":0,"2":0,"3":0},"f":{},"b":{"0":[0,0],"1":[0,0],"2":[0,0],"3":[0,0],"4":[0,0]}}
,"C:\\wamp64\\www\\newway\\case-task-manager\\case-task-manager-api\\src\\database\\migrations\\1729845172000-CreateUsersAndTasks.ts": {"path":"C:\\wamp64\\www\\newway\\case-task-manager\\case-task-manager-api\\src\\database\\migrations\\1729845172000-CreateUsersAndTasks.ts","statementMap":{"0":{"start":{"line":4,"column":9},"end":{"line":4,"column":43}},"1":{"start":{"line":7,"column":4},"end":{"line":9,"column":7}},"2":{"start":{"line":11,"column":4},"end":{"line":23,"column":7}},"3":{"start":{"line":25,"column":4},"end":{"line":27,"column":7}},"4":{"start":{"line":29,"column":4},"end":{"line":31,"column":7}},"5":{"start":{"line":33,"column":4},"end":{"line":48,"column":7}},"6":{"start":{"line":50,"column":4},"end":{"line":54,"column":7}},"7":{"start":{"line":56,"column":4},"end":{"line":60,"column":7}},"8":{"start":{"line":64,"column":4},"end":{"line":66,"column":7}},"9":{"start":{"line":68,"column":4},"end":{"line":70,"column":7}},"10":{"start":{"line":72,"column":4},"end":{"line":72,"column":50}},"11":{"start":{"line":73,"column":4},"end":{"line":73,"column":72}},"12":{"start":{"line":74,"column":4},"end":{"line":74,"column":70}},"13":{"start":{"line":75,"column":4},"end":{"line":75,"column":50}},"14":{"start":{"line":76,"column":4},"end":{"line":76,"column":68}},"15":{"start":{"line":3,"column":0},"end":{"line":3,"column":13}}},"fnMap":{"0":{"name":"(anonymous_0)","decl":{"start":{"line":6,"column":9},"end":{"line":6,"column":14}},"loc":{"start":{"line":6,"column":42},"end":{"line":61,"column":3}}},"1":{"name":"(anonymous_1)","decl":{"start":{"line":63,"column":9},"end":{"line":63,"column":14}},"loc":{"start":{"line":63,"column":44},"end":{"line":77,"column":3}}}},"branchMap":{},"s":{"0":0,"1":0,"2":0,"3":0,"4":0,"5":0,"6":0,"7":0,"8":0,"9":0,"10":0,"11":0,"12":0,"13":0,"14":0,"15":0},"f":{"0":0,"1":0},"b":{}}
,"C:\\wamp64\\www\\newway\\case-task-manager\\case-task-manager-api\\src\\database\\migrations\\1761589174874-AddNameToUsers.ts": {"path":"C:\\wamp64\\www\\newway\\case-task-manager\\case-task-manager-api\\src\\database\\migrations\\1761589174874-AddNameToUsers.ts","statementMap":{"0":{"start":{"line":4,"column":11},"end":{"line":4,"column":40}},"1":{"start":{"line":7,"column":8},"end":{"line":7,"column":104}},"2":{"start":{"line":8,"column":8},"end":{"line":8,"column":94}},"3":{"start":{"line":9,"column":8},"end":{"line":9,"column":78}},"4":{"start":{"line":10,"column":8},"end":{"line":10,"column":93}},"5":{"start":{"line":11,"column":8},"end":{"line":11,"column":102}},"6":{"start":{"line":12,"column":8},"end":{"line":12,"column":78}},"7":{"start":{"line":13,"column":8},"end":{"line":13,"column":80}},"8":{"start":{"line":14,"column":8},"end":{"line":14,"column":80}},"9":{"start":{"line":15,"column":8},"end":{"line":15,"column":105}},"10":{"start":{"line":16,"column":8},"end":{"line":16,"column":80}},"11":{"start":{"line":17,"column":8},"end":{"line":17,"column":105}},"12":{"start":{"line":18,"column":8},"end":{"line":18,"column":80}},"13":{"start":{"line":19,"column":8},"end":{"line":19,"column":82}},"14":{"start":{"line":20,"column":8},"end":{"line":20,"column":80}},"15":{"start":{"line":21,"column":8},"end":{"line":21,"column":105}},"16":{"start":{"line":22,"column":8},"end":{"line":22,"column":80}},"17":{"start":{"line":23,"column":8},"end":{"line":23,"column":105}},"18":{"start":{"line":24,"column":8},"end":{"line":24,"column":80}},"19":{"start":{"line":25,"column":8},"end":{"line":25,"column":82}},"20":{"start":{"line":26,"column":8},"end":{"line":26,"column":192}},"21":{"start":{"line":27,"column":8},"end":{"line":27,"column":196}},"22":{"start":{"line":31,"column":8},"end":{"line":31,"column":104}},"23":{"start":{"line":32,"column":8},"end":{"line":32,"column":104}},"24":{"start":{"line":33,"column":8},"end":{"line":33,"column":80}},"25":{"start":{"line":34,"column":8},"end":{"line":34,"column":97}},"26":{"start":{"line":35,"column":8},"end":{"line":35,"column":80}},"27":{"start":{"line":36,"column":8},"end":{"line":36,"column":120}},"28":{"start":{"line":37,"column":8},"end":{"line":37,"column":80}},"29":{"start":{"line":38,"column":8},"end":{"line":38,"column":120}},"30":{"start":{"line":39,"column":8},"end":{"line":39,"column":80}},"31":{"start":{"line":40,"column":8},"end":{"line":40,"column":97}},"32":{"start":{"line":41,"column":8},"end":{"line":41,"column":80}},"33":{"start":{"line":42,"column":8},"end":{"line":42,"column":120}},"34":{"start":{"line":43,"column":8},"end":{"line":43,"column":80}},"35":{"start":{"line":44,"column":8},"end":{"line":44,"column":120}},"36":{"start":{"line":45,"column":8},"end":{"line":45,"column":78}},"37":{"start":{"line":46,"column":8},"end":{"line":46,"column":95}},"38":{"start":{"line":47,"column":8},"end":{"line":47,"column":83}},"39":{"start":{"line":48,"column":8},"end":{"line":48,"column":74}},"40":{"start":{"line":49,"column":8},"end":{"line":49,"column":97}},"41":{"start":{"line":50,"column":8},"end":{"line":50,"column":185}},"42":{"start":{"line":51,"column":8},"end":{"line":51,"column":192}},"43":{"start":{"line":3,"column":0},"end":{"line":3,"column":13}}},"fnMap":{"0":{"name":"(anonymous_0)","decl":{"start":{"line":6,"column":11},"end":{"line":6,"column":16}},"loc":{"start":{"line":6,"column":44},"end":{"line":28,"column":5}}},"1":{"name":"(anonymous_1)","decl":{"start":{"line":30,"column":11},"end":{"line":30,"column":16}},"loc":{"start":{"line":30,"column":46},"end":{"line":52,"column":5}}}},"branchMap":{},"s":{"0":0,"1":0,"2":0,"3":0,"4":0,"5":0,"6":0,"7":0,"8":0,"9":0,"10":0,"11":0,"12":0,"13":0,"14":0,"15":0,"16":0,"17":0,"18":0,"19":0,"20":0,"21":0,"22":0,"23":0,"24":0,"25":0,"26":0,"27":0,"28":0,"29":0,"30":0,"31":0,"32":0,"33":0,"34":0,"35":0,"36":0,"37":0,"38":0,"39":0,"40":0,"41":0,"42":0,"43":0},"f":{"0":0,"1":0},"b":{}}
,"C:\\wamp64\\www\\newway\\case-task-manager\\case-task-manager-api\\src\\database\\migrations\\1761608583785-AddProfileFieldsToUsers.ts": {"path":"C:\\wamp64\\www\\newway\\case-task-manager\\case-task-manager-api\\src\\database\\migrations\\1761608583785-AddProfileFieldsToUsers.ts","statementMap":{"0":{"start":{"line":4,"column":11},"end":{"line":4,"column":49}},"1":{"start":{"line":7,"column":8},"end":{"line":7,"column":85}},"2":{"start":{"line":8,"column":8},"end":{"line":8,"column":88}},"3":{"start":{"line":9,"column":8},"end":{"line":9,"column":70}},"4":{"start":{"line":13,"column":8},"end":{"line":13,"column":73}},"5":{"start":{"line":14,"column":8},"end":{"line":14,"column":78}},"6":{"start":{"line":15,"column":8},"end":{"line":15,"column":75}},"7":{"start":{"line":3,"column":0},"end":{"line":3,"column":13}}},"fnMap":{"0":{"name":"(anonymous_0)","decl":{"start":{"line":6,"column":11},"end":{"line":6,"column":16}},"loc":{"start":{"line":6,"column":44},"end":{"line":10,"column":5}}},"1":{"name":"(anonymous_1)","decl":{"start":{"line":12,"column":11},"end":{"line":12,"column":16}},"loc":{"start":{"line":12,"column":46},"end":{"line":16,"column":5}}}},"branchMap":{},"s":{"0":0,"1":0,"2":0,"3":0,"4":0,"5":0,"6":0,"7":0},"f":{"0":0,"1":0},"b":{}}
,"C:\\wamp64\\www\\newway\\case-task-manager\\case-task-manager-api\\src\\database\\seeds\\seed.ts": {"path":"C:\\wamp64\\www\\newway\\case-task-manager\\case-task-manager-api\\src\\database\\seeds\\seed.ts","statementMap":{"0":{"start":{"line":1,"column":0},"end":{"line":1,"column":33}},"1":{"start":{"line":2,"column":0},"end":{"line":2,"column":37}},"2":{"start":{"line":3,"column":0},"end":{"line":3,"column":33}},"3":{"start":{"line":4,"column":0},"end":{"line":4,"column":70}},"4":{"start":{"line":5,"column":0},"end":{"line":5,"column":86}},"5":{"start":{"line":8,"column":0},"end":{"line":8,"column":16}},"6":{"start":{"line":10,"column":22},"end":{"line":19,"column":2}},"7":{"start":{"line":22,"column":2},"end":{"line":163,"column":3}},"8":{"start":{"line":23,"column":4},"end":{"line":23,"column":52}},"9":{"start":{"line":26,"column":4},"end":{"line":26,"column":37}},"10":{"start":{"line":27,"column":4},"end":{"line":27,"column":49}},"11":{"start":{"line":29,"column":27},"end":{"line":29,"column":60}},"12":{"start":{"line":30,"column":27},"end":{"line":30,"column":60}},"13":{"start":{"line":33,"column":27},"end":{"line":33,"column":60}},"14":{"start":{"line":36,"column":26},"end":{"line":36,"column":98}},"15":{"start":{"line":37,"column":25},"end":{"line":37,"column":96}},"16":{"start":{"line":43,"column":4},"end":{"line":55,"column":5}},"17":{"start":{"line":44,"column":6},"end":{"line":49,"column":9}},"18":{"start":{"line":50,"column":6},"end":{"line":50,"column":43}},"19":{"start":{"line":51,"column":6},"end":{"line":51,"column":64}},"20":{"start":{"line":53,"column":6},"end":{"line":53,"column":32}},"21":{"start":{"line":54,"column":6},"end":{"line":54,"column":69}},"22":{"start":{"line":58,"column":4},"end":{"line":70,"column":5}},"23":{"start":{"line":59,"column":6},"end":{"line":64,"column":9}},"24":{"start":{"line":65,"column":6},"end":{"line":65,"column":45}},"25":{"start":{"line":66,"column":6},"end":{"line":66,"column":65}},"26":{"start":{"line":68,"column":6},"end":{"line":68,"column":33}},"27":{"start":{"line":69,"column":6},"end":{"line":69,"column":70}},"28":{"start":{"line":73,"column":25},"end":{"line":130,"column":6}},"29":{"start":{"line":133,"column":4},"end":{"line":145,"column":5}},"30":{"start":{"line":134,"column":27},"end":{"line":136,"column":8}},"31":{"start":{"line":138,"column":6},"end":{"line":144,"column":7}},"32":{"start":{"line":139,"column":21},"end":{"line":139,"column":52}},"33":{"start":{"line":140,"column":8},"end":{"line":140,"column":40}},"34":{"start":{"line":141,"column":8},"end":{"line":141,"column":58}},"35":{"start":{"line":143,"column":8},"end":{"line":143,"column":63}},"36":{"start":{"line":147,"column":4},"end":{"line":147,"column":50}},"37":{"start":{"line":148,"column":4},"end":{"line":148,"column":32}},"38":{"start":{"line":149,"column":4},"end":{"line":149,"column":40}},"39":{"start":{"line":150,"column":4},"end":{"line":150,"column":69}},"40":{"start":{"line":151,"column":4},"end":{"line":151,"column":67}},"41":{"start":{"line":152,"column":4},"end":{"line":152,"column":72}},"42":{"start":{"line":155,"column":4},"end":{"line":155,"column":51}},"43":{"start":{"line":156,"column":4},"end":{"line":156,"column":20}},"44":{"start":{"line":159,"column":4},"end":{"line":162,"column":5}},"45":{"start":{"line":160,"column":6},"end":{"line":160,"column":36}},"46":{"start":{"line":161,"column":6},"end":{"line":161,"column":59}},"47":{"start":{"line":167,"column":0},"end":{"line":167,"column":7}}},"fnMap":{"0":{"name":"seed","decl":{"start":{"line":21,"column":15},"end":{"line":21,"column":19}},"loc":{"start":{"line":21,"column":19},"end":{"line":164,"column":1}}}},"branchMap":{"0":{"loc":{"start":{"line":12,"column":8},"end":{"line":12,"column":42}},"type":"binary-expr","locations":[{"start":{"line":12,"column":8},"end":{"line":12,"column":27}},{"start":{"line":12,"column":31},"end":{"line":12,"column":42}}]},"1":{"loc":{"start":{"line":13,"column":17},"end":{"line":13,"column":46}},"type":"binary-expr","locations":[{"start":{"line":13,"column":17},"end":{"line":13,"column":36}},{"start":{"line":13,"column":40},"end":{"line":13,"column":46}}]},"2":{"loc":{"start":{"line":14,"column":12},"end":{"line":14,"column":49}},"type":"binary-expr","locations":[{"start":{"line":14,"column":12},"end":{"line":14,"column":35}},{"start":{"line":14,"column":39},"end":{"line":14,"column":49}}]},"3":{"loc":{"start":{"line":15,"column":12},"end":{"line":15,"column":52}},"type":"binary-expr","locations":[{"start":{"line":15,"column":12},"end":{"line":15,"column":35}},{"start":{"line":15,"column":39},"end":{"line":15,"column":52}}]},"4":{"loc":{"start":{"line":16,"column":12},"end":{"line":16,"column":54}},"type":"binary-expr","locations":[{"start":{"line":16,"column":12},"end":{"line":16,"column":31}},{"start":{"line":16,"column":35},"end":{"line":16,"column":54}}]},"5":{"loc":{"start":{"line":43,"column":4},"end":{"line":55,"column":5}},"type":"if","locations":[{"start":{"line":43,"column":4},"end":{"line":55,"column":5}},{"start":{"line":52,"column":11},"end":{"line":55,"column":5}}]},"6":{"loc":{"start":{"line":58,"column":4},"end":{"line":70,"column":5}},"type":"if","locations":[{"start":{"line":58,"column":4},"end":{"line":70,"column":5}},{"start":{"line":67,"column":11},"end":{"line":70,"column":5}}]},"7":{"loc":{"start":{"line":138,"column":6},"end":{"line":144,"column":7}},"type":"if","locations":[{"start":{"line":138,"column":6},"end":{"line":144,"column":7}},{"start":{"line":142,"column":13},"end":{"line":144,"column":7}}]},"8":{"loc":{"start":{"line":159,"column":4},"end":{"line":162,"column":5}},"type":"if","locations":[{"start":{"line":159,"column":4},"end":{"line":162,"column":5}},{"start":{},"end":{}}]}},"s":{"0":0,"1":0,"2":0,"3":0,"4":0,"5":0,"6":0,"7":0,"8":0,"9":0,"10":0,"11":0,"12":0,"13":0,"14":0,"15":0,"16":0,"17":0,"18":0,"19":0,"20":0,"21":0,"22":0,"23":0,"24":0,"25":0,"26":0,"27":0,"28":0,"29":0,"30":0,"31":0,"32":0,"33":0,"34":0,"35":0,"36":0,"37":0,"38":0,"39":0,"40":0,"41":0,"42":0,"43":0,"44":0,"45":0,"46":0,"47":0},"f":{"0":0},"b":{"0":[0,0],"1":[0,0],"2":[0,0],"3":[0,0],"4":[0,0],"5":[0,0],"6":[0,0],"7":[0,0],"8":[0,0]}}
}
