TN:
SF:src\app.controller.ts
FN:6,(anonymous_2)
FN:9,(anonymous_3)
FNF:2
FNH:2
FNDA:5,(anonymous_2)
FNDA:4,(anonymous_3)
DA:1,1
DA:2,1
DA:5,1
DA:6,5
DA:9,1
DA:10,4
LF:6
LH:6
BRDA:6,0,0,1
BRDA:6,0,1,0
BRDA:6,1,0,1
BRDA:6,1,1,1
BRF:4
BRH:3
end_of_record
TN:
SF:src\app.module.ts
FNF:0
FNH:0
DA:1,0
DA:2,0
DA:3,0
DA:4,0
DA:5,0
DA:6,0
DA:7,0
DA:8,0
DA:35,0
LF:9
LH:0
BRDA:18,0,0,0
BRDA:18,0,1,0
BRDA:19,1,0,0
BRDA:19,1,1,0
BRDA:20,2,0,0
BRDA:20,2,1,0
BRDA:21,3,0,0
BRDA:21,3,1,0
BRDA:22,4,0,0
BRDA:22,4,1,0
BRF:10
BRH:0
end_of_record
TN:
SF:src\app.service.ts
FN:5,(anonymous_1)
FNF:1
FNH:1
FNDA:6,(anonymous_1)
DA:1,2
DA:4,2
DA:6,6
LF:3
LH:3
BRF:0
BRH:0
end_of_record
TN:
SF:src\main.ts
FN:6,bootstrap
FNF:1
FNH:0
FNDA:0,bootstrap
DA:1,0
DA:2,0
DA:3,0
DA:4,0
DA:7,0
DA:10,0
DA:13,0
DA:16,0
DA:25,0
DA:32,0
DA:33,0
DA:35,0
DA:36,0
DA:37,0
DA:39,0
LF:15
LH:0
BRDA:35,0,0,0
BRDA:35,0,1,0
BRF:2
BRH:0
end_of_record
TN:
SF:src\api\auth\auth.module.ts
FN:16,(anonymous_1)
FNF:1
FNH:0
FNDA:0,(anonymous_1)
DA:1,0
DA:2,0
DA:3,0
DA:4,0
DA:5,0
DA:6,0
DA:7,0
DA:8,0
DA:16,0
DA:27,0
LF:10
LH:0
BRDA:17,0,0,0
BRDA:17,0,1,0
BRF:2
BRH:0
end_of_record
TN:
SF:src\api\auth\constants.ts
FN:5,(anonymous_0)
FNF:1
FNH:0
FNDA:0,(anonymous_0)
DA:1,0
DA:2,0
DA:3,0
DA:5,0
DA:6,0
DA:7,0
LF:6
LH:0
BRDA:5,0,0,0
BRDA:5,0,1,0
BRF:2
BRH:0
end_of_record
TN:
SF:src\api\auth\controllers\auth.controller.ts
FN:14,(anonymous_4)
FN:28,(anonymous_5)
FN:45,(anonymous_6)
FN:62,(anonymous_7)
FNF:4
FNH:4
FNDA:10,(anonymous_4)
FNDA:3,(anonymous_5)
FNDA:4,(anonymous_6)
FNDA:3,(anonymous_7)
DA:1,1
DA:2,1
DA:3,1
DA:4,1
DA:5,1
DA:6,1
DA:7,1
DA:8,1
DA:9,1
DA:13,1
DA:14,10
DA:28,1
DA:29,3
DA:45,1
DA:46,4
DA:62,1
DA:63,3
LF:17
LH:17
BRDA:28,0,0,1
BRDA:28,0,1,0
BRDA:28,1,0,1
BRDA:28,1,1,1
BRDA:28,2,0,1
BRDA:28,2,1,0
BRDA:28,3,0,1
BRDA:28,3,1,1
BRDA:45,4,0,1
BRDA:45,4,1,0
BRDA:45,5,0,1
BRDA:45,5,1,1
BRDA:45,6,0,1
BRDA:45,6,1,0
BRDA:45,7,0,1
BRDA:45,7,1,1
BRDA:62,8,0,1
BRDA:62,8,1,0
BRDA:62,9,0,1
BRDA:62,9,1,1
BRDA:62,10,0,1
BRDA:62,10,1,0
BRDA:62,11,0,1
BRDA:62,11,1,1
BRDA:14,12,0,1
BRDA:14,12,1,0
BRDA:14,13,0,1
BRDA:14,13,1,1
BRF:28
BRH:21
end_of_record
TN:
SF:src\api\auth\decorators\current-user.decorator.ts
FN:5,(anonymous_0)
FNF:1
FNH:0
FNDA:0,(anonymous_0)
DA:1,2
DA:4,2
DA:6,0
DA:7,0
LF:4
LH:2
BRF:0
BRH:0
end_of_record
TN:
SF:src\api\auth\decorators\roles.decorator.ts
FN:5,(anonymous_0)
FNF:1
FNH:0
FNDA:0,(anonymous_0)
DA:1,1
DA:4,1
DA:5,1
LF:3
LH:3
BRF:0
BRH:0
end_of_record
TN:
SF:src\api\auth\dtos\auth-response.dto.ts
FNF:0
FNH:0
DA:1,1
DA:2,1
DA:4,1
DA:9,1
DA:15,1
DA:21,1
DA:24,1
DA:29,1
DA:35,1
DA:41,1
LF:10
LH:10
BRDA:21,0,0,1
BRDA:21,0,1,0
BRDA:21,1,0,1
BRDA:21,1,1,1
BRDA:41,2,0,1
BRDA:41,2,1,0
BRDA:41,3,0,1
BRDA:41,3,1,1
BRF:8
BRH:6
end_of_record
TN:
SF:src\api\auth\dtos\index.ts
FNF:0
FNH:0
DA:1,1
DA:2,1
LF:2
LH:2
BRF:0
BRH:0
end_of_record
TN:
SF:src\api\auth\dtos\login-user.dto.ts
FNF:0
FNH:0
DA:1,1
DA:2,1
DA:4,1
DA:10,1
DA:18,1
LF:5
LH:5
BRF:0
BRH:0
end_of_record
TN:
SF:src\api\auth\guards\jwt-auth.guard.ts
FNF:0
FNH:0
DA:1,2
DA:2,2
DA:5,2
LF:3
LH:3
BRF:0
BRH:0
end_of_record
TN:
SF:src\api\auth\guards\roles.guard.ts
FN:8,(anonymous_2)
FN:10,(anonymous_3)
FN:21,(anonymous_4)
FNF:3
FNH:3
FNDA:10,(anonymous_2)
FNDA:10,(anonymous_3)
FNDA:9,(anonymous_4)
DA:1,1
DA:2,1
DA:3,1
DA:7,1
DA:8,10
DA:11,10
DA:16,10
DA:17,1
DA:20,9
DA:21,9
LF:10
LH:10
BRDA:16,0,0,1
BRDA:16,0,1,9
BRDA:8,1,0,1
BRDA:8,1,1,0
BRDA:8,2,0,1
BRDA:8,2,1,1
BRF:6
BRH:5
end_of_record
TN:
SF:src\api\auth\services\auth.service.ts
FN:12,(anonymous_11)
FN:17,(anonymous_12)
FN:43,(anonymous_13)
FN:71,(anonymous_14)
FNF:4
FNH:4
FNDA:10,(anonymous_11)
FNDA:3,(anonymous_12)
FNDA:4,(anonymous_13)
FNDA:3,(anonymous_14)
DA:1,3
DA:2,3
DA:3,3
DA:7,3
DA:8,3
DA:11,3
DA:13,10
DA:14,10
DA:19,3
DA:20,3
DA:21,1
DA:25,2
DA:26,2
DA:29,1
DA:34,1
DA:36,1
DA:45,4
DA:46,4
DA:47,1
DA:51,3
DA:52,2
DA:53,1
DA:57,1
DA:62,1
DA:64,1
DA:72,3
LF:26
LH:26
BRDA:20,0,0,1
BRDA:20,0,1,2
BRDA:46,1,0,1
BRDA:46,1,1,3
BRDA:52,2,0,1
BRDA:52,2,1,1
BRDA:13,3,0,3
BRDA:13,3,1,0
BRDA:13,4,0,3
BRDA:13,4,1,3
BRDA:13,5,0,3
BRDA:13,5,1,0
BRDA:13,6,0,3
BRDA:13,6,1,3
BRF:14
BRH:12
end_of_record
TN:
SF:src\api\auth\strategies\jwt.strategy.ts
FN:17,(anonymous_2)
FN:28,(anonymous_3)
FNF:2
FNH:2
FNDA:10,(anonymous_2)
FNDA:6,(anonymous_3)
DA:1,1
DA:2,1
DA:3,1
DA:4,1
DA:5,1
DA:16,1
DA:18,10
DA:19,10
DA:21,10
DA:29,6
DA:30,5
DA:31,1
DA:33,4
LF:13
LH:13
BRDA:24,0,0,10
BRDA:24,0,1,9
BRDA:30,1,0,1
BRDA:30,1,1,4
BRDA:18,2,0,1
BRDA:18,2,1,0
BRDA:18,3,0,1
BRDA:18,3,1,1
BRDA:18,4,0,1
BRDA:18,4,1,0
BRDA:18,5,0,1
BRDA:18,5,1,1
BRF:12
BRH:10
end_of_record
TN:
SF:src\api\tasks\tasks.module.ts
FNF:0
FNH:0
DA:1,0
DA:2,0
DA:3,0
DA:4,0
DA:5,0
DA:6,0
DA:14,0
LF:7
LH:0
BRF:0
BRH:0
end_of_record
TN:
SF:src\api\tasks\controllers\tasks.controller.ts
FN:32,(anonymous_4)
FN:46,(anonymous_5)
FN:67,(anonymous_6)
FN:91,(anonymous_7)
FN:119,(anonymous_8)
FN:146,(anonymous_9)
FNF:6
FNH:6
FNDA:17,(anonymous_4)
FNDA:2,(anonymous_5)
FNDA:3,(anonymous_6)
FNDA:3,(anonymous_7)
FNDA:4,(anonymous_8)
FNDA:4,(anonymous_9)
DA:1,1
DA:12,1
DA:20,1
DA:21,1
DA:22,1
DA:23,1
DA:24,1
DA:25,1
DA:31,1
DA:32,17
DA:46,1
DA:50,2
DA:67,1
DA:68,3
DA:91,1
DA:95,3
DA:119,1
DA:124,4
DA:146,1
DA:150,4
LF:20
LH:20
BRDA:47,0,0,1
BRDA:47,0,1,0
BRDA:47,1,0,1
BRDA:47,1,1,1
BRDA:47,2,0,1
BRDA:47,2,1,0
BRDA:47,3,0,1
BRDA:47,3,1,1
BRDA:49,4,0,1
BRDA:49,4,1,0
BRDA:49,5,0,1
BRDA:49,5,1,1
BRDA:67,6,0,1
BRDA:67,6,1,0
BRDA:67,7,0,1
BRDA:67,7,1,1
BRDA:67,8,0,1
BRDA:67,8,1,0
BRDA:67,9,0,1
BRDA:67,9,1,1
BRDA:93,10,0,1
BRDA:93,10,1,0
BRDA:93,11,0,1
BRDA:93,11,1,1
BRDA:94,12,0,1
BRDA:94,12,1,0
BRDA:94,13,0,1
BRDA:94,13,1,1
BRDA:121,14,0,1
BRDA:121,14,1,0
BRDA:121,15,0,1
BRDA:121,15,1,1
BRDA:121,16,0,1
BRDA:121,16,1,0
BRDA:121,17,0,1
BRDA:121,17,1,1
BRDA:123,18,0,1
BRDA:123,18,1,0
BRDA:123,19,0,1
BRDA:123,19,1,1
BRDA:148,20,0,1
BRDA:148,20,1,0
BRDA:148,21,0,1
BRDA:148,21,1,1
BRDA:149,22,0,1
BRDA:149,22,1,0
BRDA:149,23,0,1
BRDA:149,23,1,1
BRDA:32,24,0,1
BRDA:32,24,1,0
BRDA:32,25,0,1
BRDA:32,25,1,1
BRF:52
BRH:39
end_of_record
TN:
SF:src\api\tasks\dtos\create-task.dto.ts
FN:63,(anonymous_2)
FNF:1
FNH:0
FNDA:0,(anonymous_2)
DA:1,1
DA:2,1
DA:3,1
DA:4,1
DA:6,1
DA:15,1
DA:24,1
DA:34,1
DA:44,1
DA:53,1
DA:63,0
DA:64,1
LF:12
LH:11
BRDA:34,0,0,0
BRDA:34,0,1,1
BRDA:34,1,0,1
BRDA:34,1,1,1
BRDA:44,2,0,0
BRDA:44,2,1,1
BRDA:44,3,0,1
BRDA:44,3,1,1
BRF:8
BRH:6
end_of_record
TN:
SF:src\api\tasks\dtos\index.ts
FNF:0
FNH:0
DA:1,1
DA:2,1
LF:2
LH:2
BRF:0
BRH:0
end_of_record
TN:
SF:src\api\tasks\dtos\update-task.dto.ts
FNF:0
FNH:0
DA:1,1
DA:2,1
DA:4,1
LF:3
LH:3
BRF:0
BRH:0
end_of_record
TN:
SF:src\api\tasks\entities\task.entity.ts
FN:14,(anonymous_2)
FN:21,(anonymous_3)
FN:94,(anonymous_4)
FN:96,(anonymous_5)
FN:96,(anonymous_6)
FN:102,(anonymous_7)
FN:105,(anonymous_8)
FNF:7
FNH:2
FNDA:10,(anonymous_2)
FNDA:10,(anonymous_3)
FNDA:0,(anonymous_4)
FNDA:0,(anonymous_5)
FNDA:0,(anonymous_6)
FNDA:0,(anonymous_7)
FNDA:0,(anonymous_8)
DA:1,10
DA:11,10
DA:12,10
DA:14,10
DA:15,10
DA:16,10
DA:17,10
DA:18,10
DA:21,10
DA:22,10
DA:23,10
DA:24,10
DA:25,10
DA:29,10
DA:32,10
DA:36,10
DA:40,10
DA:52,10
DA:64,10
DA:68,10
DA:76,10
DA:79,10
DA:83,10
DA:87,10
DA:90,10
DA:94,0
DA:96,0
DA:98,10
DA:102,0
DA:105,0
DA:107,10
LF:31
LH:27
BRDA:14,0,0,10
BRDA:14,0,1,10
BRDA:21,1,0,10
BRDA:21,1,1,10
BRDA:68,2,0,10
BRDA:68,2,1,0
BRDA:68,3,0,10
BRDA:68,3,1,10
BRDA:83,4,0,10
BRDA:83,4,1,0
BRDA:83,5,0,10
BRDA:83,5,1,10
BRDA:87,6,0,10
BRDA:87,6,1,0
BRDA:87,7,0,10
BRDA:87,7,1,10
BRDA:90,8,0,10
BRDA:90,8,1,0
BRDA:90,9,0,10
BRDA:90,9,1,10
BRDA:98,10,0,2
BRDA:98,10,1,8
BRDA:98,11,0,10
BRDA:98,11,1,2
BRDA:107,12,0,2
BRDA:107,12,1,8
BRDA:107,13,0,10
BRDA:107,13,1,2
BRF:28
BRH:24
end_of_record
TN:
SF:src\api\tasks\repositories\task.repository.ts
FN:11,(anonymous_4)
FN:16,(anonymous_5)
FN:24,(anonymous_6)
FN:32,(anonymous_7)
FN:43,(anonymous_8)
FN:50,(anonymous_9)
FN:61,(anonymous_10)
FN:66,(anonymous_11)
FN:70,(anonymous_12)
FNF:9
FNH:0
FNDA:0,(anonymous_4)
FNDA:0,(anonymous_5)
FNDA:0,(anonymous_6)
FNDA:0,(anonymous_7)
FNDA:0,(anonymous_8)
FNDA:0,(anonymous_9)
FNDA:0,(anonymous_10)
FNDA:0,(anonymous_11)
FNDA:0,(anonymous_12)
DA:1,2
DA:2,2
DA:3,2
DA:4,2
DA:10,2
DA:13,0
DA:17,0
DA:21,0
DA:25,0
DA:33,0
DA:44,0
DA:51,0
DA:62,0
DA:63,0
DA:67,0
DA:71,0
LF:16
LH:5
BRDA:13,0,0,2
BRDA:13,0,1,0
BRDA:13,1,0,2
BRDA:13,1,1,2
BRF:4
BRH:3
end_of_record
TN:
SF:src\api\tasks\services\tasks.service.ts
FN:10,(anonymous_2)
FN:12,(anonymous_3)
FN:16,(anonymous_4)
FN:24,(anonymous_5)
FN:40,(anonymous_6)
FN:56,(anonymous_7)
FNF:6
FNH:6
FNDA:14,(anonymous_2)
FNDA:2,(anonymous_3)
FNDA:2,(anonymous_4)
FNDA:9,(anonymous_5)
FNDA:3,(anonymous_6)
FNDA:3,(anonymous_7)
DA:1,2
DA:2,2
DA:6,2
DA:9,2
DA:10,14
DA:13,2
DA:17,2
DA:18,1
DA:21,1
DA:27,9
DA:28,3
DA:30,6
DA:33,9
DA:34,3
DA:37,6
DA:41,3
DA:43,2
DA:44,0
DA:47,2
DA:49,2
DA:50,0
DA:53,2
DA:57,3
DA:59,2
DA:60,0
DA:63,2
LF:26
LH:23
BRDA:17,0,0,1
BRDA:17,0,1,1
BRDA:27,1,0,3
BRDA:27,1,1,6
BRDA:33,2,0,3
BRDA:33,2,1,6
BRDA:43,3,0,0
BRDA:43,3,1,2
BRDA:43,4,0,2
BRDA:43,4,1,1
BRDA:49,5,0,0
BRDA:49,5,1,2
BRDA:59,6,0,0
BRDA:59,6,1,2
BRDA:59,7,0,2
BRDA:59,7,1,1
BRDA:10,8,0,2
BRDA:10,8,1,0
BRDA:10,9,0,2
BRDA:10,9,1,2
BRF:20
BRH:16
end_of_record
TN:
SF:src\api\users\constants.ts
FNF:0
FNH:0
DA:1,6
LF:1
LH:1
BRF:0
BRH:0
end_of_record
TN:
SF:src\api\users\users.module.ts
FNF:0
FNH:0
DA:1,0
DA:2,0
DA:3,0
DA:4,0
DA:5,0
DA:6,0
DA:14,0
LF:7
LH:0
BRF:0
BRH:0
end_of_record
TN:
SF:src\api\users\users.provider.ts
FN:8,(anonymous_0)
FNF:1
FNH:0
FNDA:0,(anonymous_0)
DA:1,0
DA:2,0
DA:3,0
DA:5,0
DA:8,0
LF:5
LH:0
BRF:0
BRH:0
end_of_record
TN:
SF:src\api\users\controllers\users.controller.ts
FN:29,(anonymous_4)
FN:43,(anonymous_5)
FN:54,(anonymous_6)
FN:70,(anonymous_7)
FN:91,(anonymous_8)
FN:109,(anonymous_9)
FNF:6
FNH:6
FNDA:21,(anonymous_4)
FNDA:4,(anonymous_5)
FNDA:3,(anonymous_6)
FNDA:3,(anonymous_7)
FNDA:6,(anonymous_8)
FNDA:5,(anonymous_9)
DA:1,1
DA:13,1
DA:20,1
DA:21,1
DA:22,1
DA:23,1
DA:28,1
DA:29,21
DA:43,1
DA:44,4
DA:54,1
DA:55,3
DA:70,1
DA:71,3
DA:91,1
DA:95,6
DA:109,1
DA:110,5
LF:18
LH:18
BRDA:43,0,0,1
BRDA:43,0,1,0
BRDA:43,1,0,1
BRDA:43,1,1,1
BRDA:43,2,0,1
BRDA:43,2,1,0
BRDA:43,3,0,1
BRDA:43,3,1,1
BRDA:54,4,0,1
BRDA:54,4,1,0
BRDA:54,5,0,1
BRDA:54,5,1,1
BRDA:70,6,0,1
BRDA:70,6,1,0
BRDA:70,7,0,1
BRDA:70,7,1,1
BRDA:93,8,0,1
BRDA:93,8,1,0
BRDA:93,9,0,1
BRDA:93,9,1,1
BRDA:94,10,0,1
BRDA:94,10,1,0
BRDA:94,11,0,1
BRDA:94,11,1,1
BRDA:109,12,0,1
BRDA:109,12,1,0
BRDA:109,13,0,1
BRDA:109,13,1,1
BRDA:29,14,0,1
BRDA:29,14,1,0
BRDA:29,15,0,1
BRDA:29,15,1,1
BRF:32
BRH:24
end_of_record
TN:
SF:src\api\users\dtos\create-user.dto.ts
FNF:0
FNH:0
DA:1,2
DA:2,2
DA:3,2
DA:5,2
DA:12,2
DA:22,2
DA:30,2
DA:40,2
DA:49,2
DA:58,2
DA:67,2
LF:11
LH:11
BRDA:40,0,0,0
BRDA:40,0,1,2
BRDA:40,1,0,2
BRDA:40,1,1,2
BRF:4
BRH:3
end_of_record
TN:
SF:src\api\users\dtos\update-user.dto.ts
FNF:0
FNH:0
DA:1,1
DA:2,1
DA:4,1
LF:3
LH:3
BRF:0
BRH:0
end_of_record
TN:
SF:src\api\users\dtos\user-response.dto.ts
FN:57,(anonymous_2)
FNF:1
FNH:1
FNDA:17,(anonymous_2)
DA:1,6
DA:2,6
DA:3,6
DA:5,6
DA:8,6
DA:12,6
DA:16,6
DA:19,6
DA:26,6
DA:33,6
DA:40,6
DA:47,6
DA:51,6
DA:55,6
DA:58,17
LF:15
LH:15
BRDA:26,0,0,0
BRDA:26,0,1,6
BRDA:26,1,0,6
BRDA:26,1,1,6
BRDA:51,2,0,6
BRDA:51,2,1,0
BRDA:51,3,0,6
BRDA:51,3,1,6
BRDA:55,4,0,6
BRDA:55,4,1,0
BRDA:55,5,0,6
BRDA:55,5,1,6
BRF:12
BRH:9
end_of_record
TN:
SF:src\api\users\entities\user.entity.ts
FN:13,(anonymous_2)
FN:81,(anonymous_3)
FN:83,(anonymous_4)
FN:83,(anonymous_5)
FNF:4
FNH:1
FNDA:10,(anonymous_2)
FNDA:0,(anonymous_3)
FNDA:0,(anonymous_4)
FNDA:0,(anonymous_5)
DA:1,10
DA:10,10
DA:11,10
DA:13,10
DA:14,10
DA:15,10
DA:19,10
DA:22,10
DA:26,10
DA:30,10
DA:33,10
DA:45,10
DA:52,10
DA:59,10
DA:66,10
DA:70,10
DA:74,10
DA:77,10
DA:81,0
DA:83,0
DA:84,10
LF:21
LH:19
BRDA:13,0,0,10
BRDA:13,0,1,10
BRDA:70,1,0,10
BRDA:70,1,1,0
BRDA:70,2,0,10
BRDA:70,2,1,10
BRDA:74,3,0,10
BRDA:74,3,1,0
BRDA:74,4,0,10
BRDA:74,4,1,10
BRDA:77,5,0,10
BRDA:77,5,1,0
BRDA:77,6,0,10
BRDA:77,6,1,10
BRF:14
BRH:11
end_of_record
TN:
SF:src\api\users\repositories\user.repository.ts
FN:7,(anonymous_2)
FN:11,(anonymous_3)
FN:15,(anonymous_4)
FN:19,(anonymous_5)
FNF:4
FNH:4
FNDA:16,(anonymous_2)
FNDA:4,(anonymous_3)
FNDA:4,(anonymous_4)
FNDA:6,(anonymous_5)
DA:1,7
DA:2,7
DA:3,7
DA:6,7
DA:7,16
DA:8,16
DA:12,4
DA:16,4
DA:20,6
LF:9
LH:9
BRDA:7,0,0,7
BRDA:7,0,1,0
BRDA:7,1,0,7
BRDA:7,1,1,7
BRF:4
BRH:3
end_of_record
TN:
SF:src\api\users\services\users.service.ts
FN:13,(anonymous_13)
FN:18,(anonymous_14)
FN:36,(anonymous_15)
FN:38,(anonymous_16)
FN:41,(anonymous_17)
FN:49,(anonymous_18)
FN:61,(anonymous_19)
FN:65,(anonymous_20)
FN:95,(anonymous_21)
FNF:9
FNH:9
FNDA:29,(anonymous_13)
FNDA:4,(anonymous_14)
FNDA:3,(anonymous_15)
FNDA:3,(anonymous_16)
FNDA:4,(anonymous_17)
FNDA:2,(anonymous_18)
FNDA:2,(anonymous_19)
FNDA:8,(anonymous_20)
FNDA:4,(anonymous_21)
DA:1,6
DA:2,6
DA:3,6
DA:6,6
DA:8,6
DA:9,6
DA:12,6
DA:15,29
DA:19,4
DA:21,4
DA:22,2
DA:25,2
DA:27,2
DA:32,2
DA:33,2
DA:37,3
DA:38,3
DA:42,4
DA:46,4
DA:50,2
DA:54,2
DA:55,1
DA:58,1
DA:62,2
DA:66,8
DA:70,8
DA:71,2
DA:74,6
DA:75,4
DA:76,4
DA:77,2
DA:81,4
DA:82,1
DA:85,4
DA:86,4
DA:88,4
DA:89,0
DA:92,4
DA:96,4
DA:100,4
DA:101,2
DA:104,2
LF:42
LH:41
BRDA:21,0,0,2
BRDA:21,0,1,2
BRDA:46,1,0,4
BRDA:46,1,1,2
BRDA:54,2,0,1
BRDA:54,2,1,1
BRDA:70,3,0,2
BRDA:70,3,1,6
BRDA:74,4,0,4
BRDA:74,4,1,2
BRDA:74,5,0,6
BRDA:74,5,1,5
BRDA:76,6,0,2
BRDA:76,6,1,2
BRDA:81,7,0,1
BRDA:81,7,1,3
BRDA:88,8,0,0
BRDA:88,8,1,4
BRDA:100,9,0,2
BRDA:100,9,1,2
BRDA:15,10,0,6
BRDA:15,10,1,0
BRDA:15,11,0,6
BRDA:15,11,1,6
BRF:24
BRH:22
end_of_record
TN:
SF:src\database\data-source.ts
FNF:0
FNH:0
DA:1,0
DA:3,0
DA:6,0
DA:8,0
LF:4
LH:0
BRDA:10,0,0,0
BRDA:10,0,1,0
BRDA:11,1,0,0
BRDA:11,1,1,0
BRDA:12,2,0,0
BRDA:12,2,1,0
BRDA:13,3,0,0
BRDA:13,3,1,0
BRDA:14,4,0,0
BRDA:14,4,1,0
BRF:10
BRH:0
end_of_record
TN:
SF:src\database\migrations\1729845172000-CreateUsersAndTasks.ts
FN:6,(anonymous_0)
FN:63,(anonymous_1)
FNF:2
FNH:0
FNDA:0,(anonymous_0)
FNDA:0,(anonymous_1)
DA:3,0
DA:4,0
DA:7,0
DA:11,0
DA:25,0
DA:29,0
DA:33,0
DA:50,0
DA:56,0
DA:64,0
DA:68,0
DA:72,0
DA:73,0
DA:74,0
DA:75,0
DA:76,0
LF:16
LH:0
BRF:0
BRH:0
end_of_record
TN:
SF:src\database\migrations\1761589174874-AddNameToUsers.ts
FN:6,(anonymous_0)
FN:30,(anonymous_1)
FNF:2
FNH:0
FNDA:0,(anonymous_0)
FNDA:0,(anonymous_1)
DA:3,0
DA:4,0
DA:7,0
DA:8,0
DA:9,0
DA:10,0
DA:11,0
DA:12,0
DA:13,0
DA:14,0
DA:15,0
DA:16,0
DA:17,0
DA:18,0
DA:19,0
DA:20,0
DA:21,0
DA:22,0
DA:23,0
DA:24,0
DA:25,0
DA:26,0
DA:27,0
DA:31,0
DA:32,0
DA:33,0
DA:34,0
DA:35,0
DA:36,0
DA:37,0
DA:38,0
DA:39,0
DA:40,0
DA:41,0
DA:42,0
DA:43,0
DA:44,0
DA:45,0
DA:46,0
DA:47,0
DA:48,0
DA:49,0
DA:50,0
DA:51,0
LF:44
LH:0
BRF:0
BRH:0
end_of_record
TN:
SF:src\database\migrations\1761608583785-AddProfileFieldsToUsers.ts
FN:6,(anonymous_0)
FN:12,(anonymous_1)
FNF:2
FNH:0
FNDA:0,(anonymous_0)
FNDA:0,(anonymous_1)
DA:3,0
DA:4,0
DA:7,0
DA:8,0
DA:9,0
DA:13,0
DA:14,0
DA:15,0
LF:8
LH:0
BRF:0
BRH:0
end_of_record
TN:
SF:src\database\seeds\seed.ts
FN:21,seed
FNF:1
FNH:0
FNDA:0,seed
DA:1,0
DA:2,0
DA:3,0
DA:4,0
DA:5,0
DA:8,0
DA:10,0
DA:22,0
DA:23,0
DA:26,0
DA:27,0
DA:29,0
DA:30,0
DA:33,0
DA:36,0
DA:37,0
DA:43,0
DA:44,0
DA:50,0
DA:51,0
DA:53,0
DA:54,0
DA:58,0
DA:59,0
DA:65,0
DA:66,0
DA:68,0
DA:69,0
DA:73,0
DA:133,0
DA:134,0
DA:138,0
DA:139,0
DA:140,0
DA:141,0
DA:143,0
DA:147,0
DA:148,0
DA:149,0
DA:150,0
DA:151,0
DA:152,0
DA:155,0
DA:156,0
DA:159,0
DA:160,0
DA:161,0
DA:167,0
LF:48
LH:0
BRDA:12,0,0,0
BRDA:12,0,1,0
BRDA:13,1,0,0
BRDA:13,1,1,0
BRDA:14,2,0,0
BRDA:14,2,1,0
BRDA:15,3,0,0
BRDA:15,3,1,0
BRDA:16,4,0,0
BRDA:16,4,1,0
BRDA:43,5,0,0
BRDA:43,5,1,0
BRDA:58,6,0,0
BRDA:58,6,1,0
BRDA:138,7,0,0
BRDA:138,7,1,0
BRDA:159,8,0,0
BRDA:159,8,1,0
BRF:18
BRH:0
end_of_record
