{"C:\\wamp64\\www\\newway\\case-task-manager\\case-task-manager-front\\src\\app\\page.tsx": {"path":"C:\\wamp64\\www\\newway\\case-task-manager\\case-task-manager-front\\src\\app\\page.tsx","statementMap":{"0":{"start":{"line":8,"column":24},"end":{"line":8,"column":null}},"1":{"start":{"line":3,"column":26},"end":{"line":3,"column":null}},"2":{"start":{"line":4,"column":26},"end":{"line":4,"column":null}},"3":{"start":{"line":5,"column":24},"end":{"line":5,"column":null}},"4":{"start":{"line":6,"column":31},"end":{"line":6,"column":null}},"5":{"start":{"line":9,"column":17},"end":{"line":9,"column":null}},"6":{"start":{"line":10,"column":28},"end":{"line":10,"column":null}},"7":{"start":{"line":12,"column":2},"end":{"line":20,"column":null}},"8":{"start":{"line":13,"column":4},"end":{"line":19,"column":null}},"9":{"start":{"line":14,"column":6},"end":{"line":18,"column":null}},"10":{"start":{"line":15,"column":8},"end":{"line":15,"column":null}},"11":{"start":{"line":17,"column":8},"end":{"line":17,"column":null}},"12":{"start":{"line":22,"column":2},"end":{"line":31,"column":null}},"13":{"start":{"line":33,"column":2},"end":{"line":33,"column":null}}},"fnMap":{"0":{"name":"HomePage","decl":{"start":{"line":8,"column":24},"end":{"line":8,"column":null}},"loc":{"start":{"line":8,"column":24},"end":{"line":34,"column":null}}},"1":{"name":"(anonymous_2)","decl":{"start":{"line":12,"column":12},"end":{"line":12,"column":null}},"loc":{"start":{"line":12,"column":12},"end":{"line":20,"column":5}}}},"branchMap":{"0":{"loc":{"start":{"line":13,"column":4},"end":{"line":19,"column":null}},"type":"if","locations":[{"start":{"line":13,"column":4},"end":{"line":19,"column":null}},{"start":{},"end":{}}]},"1":{"loc":{"start":{"line":14,"column":6},"end":{"line":18,"column":null}},"type":"if","locations":[{"start":{"line":14,"column":6},"end":{"line":18,"column":null}},{"start":{"line":16,"column":13},"end":{"line":18,"column":null}}]},"2":{"loc":{"start":{"line":22,"column":2},"end":{"line":31,"column":null}},"type":"if","locations":[{"start":{"line":22,"column":2},"end":{"line":31,"column":null}},{"start":{},"end":{}}]}},"s":{"0":0,"1":0,"2":0,"3":0,"4":0,"5":0,"6":0,"7":0,"8":0,"9":0,"10":0,"11":0,"12":0,"13":0},"f":{"0":0,"1":0},"b":{"0":[0,0],"1":[0,0],"2":[0,0]}}
,"C:\\wamp64\\www\\newway\\case-task-manager\\case-task-manager-front\\src\\app\\(auth)\\login\\page.tsx": {"path":"C:\\wamp64\\www\\newway\\case-task-manager\\case-task-manager-front\\src\\app\\(auth)\\login\\page.tsx","statementMap":{"0":{"start":{"line":12,"column":24},"end":{"line":12,"column":null}},"1":{"start":{"line":3,"column":25},"end":{"line":3,"column":null}},"2":{"start":{"line":4,"column":17},"end":{"line":4,"column":null}},"3":{"start":{"line":5,"column":26},"end":{"line":5,"column":null}},"4":{"start":{"line":6,"column":26},"end":{"line":6,"column":null}},"5":{"start":{"line":7,"column":29},"end":{"line":7,"column":null}},"6":{"start":{"line":8,"column":31},"end":{"line":8,"column":null}},"7":{"start":{"line":9,"column":24},"end":{"line":9,"column":null}},"8":{"start":{"line":13,"column":48},"end":{"line":13,"column":null}},"9":{"start":{"line":14,"column":46},"end":{"line":14,"column":null}},"10":{"start":{"line":15,"column":17},"end":{"line":15,"column":null}},"11":{"start":{"line":17,"column":22},"end":{"line":34,"column":null}},"12":{"start":{"line":18,"column":4},"end":{"line":33,"column":null}},"13":{"start":{"line":19,"column":6},"end":{"line":19,"column":null}},"14":{"start":{"line":20,"column":6},"end":{"line":20,"column":null}},"15":{"start":{"line":22,"column":6},"end":{"line":22,"column":null}},"16":{"start":{"line":24,"column":6},"end":{"line":24,"column":null}},"17":{"start":{"line":27,"column":6},"end":{"line":29,"column":null}},"18":{"start":{"line":28,"column":8},"end":{"line":28,"column":null}},"19":{"start":{"line":31,"column":6},"end":{"line":31,"column":null}},"20":{"start":{"line":49,"column":27},"end":{"line":49,"column":null}}},"fnMap":{"0":{"name":"LoginPage","decl":{"start":{"line":12,"column":24},"end":{"line":12,"column":null}},"loc":{"start":{"line":12,"column":24},"end":{"line":68,"column":null}}},"1":{"name":"(anonymous_3)","decl":{"start":{"line":17,"column":22},"end":{"line":17,"column":29}},"loc":{"start":{"line":17,"column":29},"end":{"line":34,"column":null}}},"2":{"name":"(anonymous_4)","decl":{"start":{"line":27,"column":17},"end":{"line":27,"column":null}},"loc":{"start":{"line":27,"column":17},"end":{"line":29,"column":9}}},"3":{"name":"(anonymous_5)","decl":{"start":{"line":49,"column":21},"end":{"line":49,"column":27}},"loc":{"start":{"line":49,"column":27},"end":{"line":49,"column":null}}}},"branchMap":{"0":{"loc":{"start":{"line":38,"column":7},"end":{"line":38,"column":null}},"type":"binary-expr","locations":[{"start":{"line":38,"column":7},"end":{"line":38,"column":null}}]},"1":{"loc":{"start":{"line":46,"column":7},"end":{"line":46,"column":null}},"type":"binary-expr","locations":[{"start":{"line":46,"column":7},"end":{"line":46,"column":null}}]}},"s":{"0":14,"1":2,"2":2,"3":2,"4":2,"5":2,"6":2,"7":2,"8":23,"9":23,"10":23,"11":23,"12":4,"13":4,"14":4,"15":4,"16":3,"17":3,"18":3,"19":1,"20":1},"f":{"0":23,"1":4,"2":3,"3":1},"b":{"0":[23],"1":[23]}}
,"C:\\wamp64\\www\\newway\\case-task-manager\\case-task-manager-front\\src\\app\\(auth)\\register\\page.tsx": {"path":"C:\\wamp64\\www\\newway\\case-task-manager\\case-task-manager-front\\src\\app\\(auth)\\register\\page.tsx","statementMap":{"0":{"start":{"line":12,"column":24},"end":{"line":12,"column":null}},"1":{"start":{"line":3,"column":25},"end":{"line":3,"column":null}},"2":{"start":{"line":4,"column":17},"end":{"line":4,"column":null}},"3":{"start":{"line":5,"column":26},"end":{"line":5,"column":null}},"4":{"start":{"line":6,"column":29},"end":{"line":6,"column":null}},"5":{"start":{"line":7,"column":29},"end":{"line":7,"column":null}},"6":{"start":{"line":8,"column":31},"end":{"line":8,"column":null}},"7":{"start":{"line":9,"column":24},"end":{"line":9,"column":null}},"8":{"start":{"line":13,"column":51},"end":{"line":13,"column":null}},"9":{"start":{"line":14,"column":46},"end":{"line":14,"column":null}},"10":{"start":{"line":15,"column":17},"end":{"line":15,"column":null}},"11":{"start":{"line":17,"column":25},"end":{"line":34,"column":null}},"12":{"start":{"line":18,"column":4},"end":{"line":33,"column":null}},"13":{"start":{"line":19,"column":6},"end":{"line":19,"column":null}},"14":{"start":{"line":20,"column":6},"end":{"line":20,"column":null}},"15":{"start":{"line":22,"column":6},"end":{"line":22,"column":null}},"16":{"start":{"line":24,"column":6},"end":{"line":24,"column":null}},"17":{"start":{"line":27,"column":6},"end":{"line":29,"column":null}},"18":{"start":{"line":28,"column":8},"end":{"line":28,"column":null}},"19":{"start":{"line":31,"column":6},"end":{"line":31,"column":null}},"20":{"start":{"line":49,"column":27},"end":{"line":49,"column":null}}},"fnMap":{"0":{"name":"RegisterPage","decl":{"start":{"line":12,"column":24},"end":{"line":12,"column":null}},"loc":{"start":{"line":12,"column":24},"end":{"line":68,"column":null}}},"1":{"name":"(anonymous_3)","decl":{"start":{"line":17,"column":25},"end":{"line":17,"column":32}},"loc":{"start":{"line":17,"column":32},"end":{"line":34,"column":null}}},"2":{"name":"(anonymous_4)","decl":{"start":{"line":27,"column":17},"end":{"line":27,"column":null}},"loc":{"start":{"line":27,"column":17},"end":{"line":29,"column":9}}},"3":{"name":"(anonymous_5)","decl":{"start":{"line":49,"column":21},"end":{"line":49,"column":27}},"loc":{"start":{"line":49,"column":27},"end":{"line":49,"column":null}}}},"branchMap":{"0":{"loc":{"start":{"line":38,"column":7},"end":{"line":38,"column":null}},"type":"binary-expr","locations":[{"start":{"line":38,"column":7},"end":{"line":38,"column":null}}]},"1":{"loc":{"start":{"line":46,"column":7},"end":{"line":46,"column":null}},"type":"binary-expr","locations":[{"start":{"line":46,"column":7},"end":{"line":46,"column":null}}]}},"s":{"0":15,"1":2,"2":2,"3":2,"4":2,"5":2,"6":2,"7":2,"8":26,"9":26,"10":26,"11":26,"12":5,"13":5,"14":5,"15":5,"16":4,"17":4,"18":4,"19":1,"20":1},"f":{"0":26,"1":5,"2":4,"3":1},"b":{"0":[26],"1":[26]}}
,"C:\\wamp64\\www\\newway\\case-task-manager\\case-task-manager-front\\src\\app\\(authenticated)\\dashboard\\page.tsx": {"path":"C:\\wamp64\\www\\newway\\case-task-manager\\case-task-manager-front\\src\\app\\(authenticated)\\dashboard\\page.tsx","statementMap":{"0":{"start":{"line":14,"column":24},"end":{"line":14,"column":null}},"1":{"start":{"line":3,"column":36},"end":{"line":3,"column":null}},"2":{"start":{"line":4,"column":108},"end":{"line":4,"column":null}},"3":{"start":{"line":5,"column":24},"end":{"line":5,"column":null}},"4":{"start":{"line":6,"column":31},"end":{"line":6,"column":null}},"5":{"start":{"line":7,"column":29},"end":{"line":7,"column":null}},"6":{"start":{"line":8,"column":31},"end":{"line":8,"column":null}},"7":{"start":{"line":9,"column":26},"end":{"line":9,"column":null}},"8":{"start":{"line":10,"column":35},"end":{"line":10,"column":null}},"9":{"start":{"line":12,"column":25},"end":{"line":12,"column":null}},"10":{"start":{"line":15,"column":19},"end":{"line":15,"column":null}},"11":{"start":{"line":16,"column":28},"end":{"line":16,"column":null}},"12":{"start":{"line":17,"column":44},"end":{"line":17,"column":null}},"13":{"start":{"line":18,"column":32},"end":{"line":18,"column":null}},"14":{"start":{"line":19,"column":28},"end":{"line":19,"column":null}},"15":{"start":{"line":20,"column":46},"end":{"line":20,"column":null}},"16":{"start":{"line":21,"column":38},"end":{"line":21,"column":null}},"17":{"start":{"line":22,"column":42},"end":{"line":22,"column":null}},"18":{"start":{"line":23,"column":46},"end":{"line":23,"column":null}},"19":{"start":{"line":24,"column":48},"end":{"line":24,"column":null}},"20":{"start":{"line":25,"column":40},"end":{"line":25,"column":null}},"21":{"start":{"line":26,"column":52},"end":{"line":26,"column":null}},"22":{"start":{"line":27,"column":42},"end":{"line":27,"column":null}},"23":{"start":{"line":28,"column":42},"end":{"line":28,"column":null}},"24":{"start":{"line":30,"column":2},"end":{"line":32,"column":null}},"25":{"start":{"line":31,"column":4},"end":{"line":31,"column":null}},"26":{"start":{"line":34,"column":2},"end":{"line":36,"column":null}},"27":{"start":{"line":35,"column":4},"end":{"line":35,"column":null}},"28":{"start":{"line":38,"column":20},"end":{"line":50,"column":null}},"29":{"start":{"line":39,"column":4},"end":{"line":49,"column":null}},"30":{"start":{"line":40,"column":6},"end":{"line":40,"column":null}},"31":{"start":{"line":41,"column":6},"end":{"line":41,"column":null}},"32":{"start":{"line":42,"column":20},"end":{"line":42,"column":null}},"33":{"start":{"line":43,"column":6},"end":{"line":43,"column":null}},"34":{"start":{"line":45,"column":6},"end":{"line":45,"column":null}},"35":{"start":{"line":46,"column":6},"end":{"line":46,"column":null}},"36":{"start":{"line":48,"column":6},"end":{"line":48,"column":null}},"37":{"start":{"line":52,"column":22},"end":{"line":71,"column":null}},"38":{"start":{"line":53,"column":19},"end":{"line":53,"column":null}},"39":{"start":{"line":55,"column":4},"end":{"line":60,"column":null}},"40":{"start":{"line":56,"column":6},"end":{"line":58,"column":null}},"41":{"start":{"line":57,"column":8},"end":{"line":58,"column":null}},"42":{"start":{"line":62,"column":4},"end":{"line":64,"column":null}},"43":{"start":{"line":63,"column":6},"end":{"line":63,"column":null}},"44":{"start":{"line":63,"column":41},"end":{"line":63,"column":null}},"45":{"start":{"line":66,"column":4},"end":{"line":68,"column":null}},"46":{"start":{"line":67,"column":6},"end":{"line":67,"column":null}},"47":{"start":{"line":67,"column":41},"end":{"line":67,"column":null}},"48":{"start":{"line":70,"column":4},"end":{"line":70,"column":null}},"49":{"start":{"line":73,"column":27},"end":{"line":76,"column":null}},"50":{"start":{"line":74,"column":4},"end":{"line":74,"column":null}},"51":{"start":{"line":75,"column":4},"end":{"line":75,"column":null}},"52":{"start":{"line":78,"column":25},"end":{"line":82,"column":null}},"53":{"start":{"line":79,"column":4},"end":{"line":79,"column":null}},"54":{"start":{"line":80,"column":4},"end":{"line":80,"column":null}},"55":{"start":{"line":81,"column":4},"end":{"line":81,"column":null}},"56":{"start":{"line":84,"column":27},"end":{"line":88,"column":null}},"57":{"start":{"line":85,"column":4},"end":{"line":85,"column":null}},"58":{"start":{"line":86,"column":4},"end":{"line":86,"column":null}},"59":{"start":{"line":87,"column":4},"end":{"line":87,"column":null}},"60":{"start":{"line":90,"column":27},"end":{"line":112,"column":null}},"61":{"start":{"line":91,"column":4},"end":{"line":111,"column":null}},"62":{"start":{"line":92,"column":6},"end":{"line":92,"column":null}},"63":{"start":{"line":94,"column":6},"end":{"line":104,"column":null}},"64":{"start":{"line":95,"column":28},"end":{"line":95,"column":null}},"65":{"start":{"line":96,"column":8},"end":{"line":97,"column":null}},"66":{"start":{"line":97,"column":10},"end":{"line":97,"column":null}},"67":{"start":{"line":99,"column":8},"end":{"line":99,"column":null}},"68":{"start":{"line":101,"column":24},"end":{"line":101,"column":null}},"69":{"start":{"line":102,"column":8},"end":{"line":102,"column":null}},"70":{"start":{"line":103,"column":8},"end":{"line":103,"column":null}},"71":{"start":{"line":106,"column":6},"end":{"line":106,"column":null}},"72":{"start":{"line":107,"column":6},"end":{"line":107,"column":null}},"73":{"start":{"line":109,"column":6},"end":{"line":109,"column":null}},"74":{"start":{"line":110,"column":6},"end":{"line":110,"column":null}},"75":{"start":{"line":114,"column":28},"end":{"line":128,"column":null}},"76":{"start":{"line":115,"column":4},"end":{"line":115,"column":null}},"77":{"start":{"line":115,"column":23},"end":{"line":115,"column":null}},"78":{"start":{"line":117,"column":4},"end":{"line":127,"column":null}},"79":{"start":{"line":118,"column":6},"end":{"line":118,"column":null}},"80":{"start":{"line":119,"column":6},"end":{"line":119,"column":null}},"81":{"start":{"line":120,"column":6},"end":{"line":120,"column":null}},"82":{"start":{"line":120,"column":36},"end":{"line":120,"column":63}},"83":{"start":{"line":121,"column":6},"end":{"line":121,"column":null}},"84":{"start":{"line":122,"column":6},"end":{"line":122,"column":null}},"85":{"start":{"line":123,"column":6},"end":{"line":123,"column":null}},"86":{"start":{"line":125,"column":6},"end":{"line":125,"column":null}},"87":{"start":{"line":126,"column":6},"end":{"line":126,"column":null}},"88":{"start":{"line":130,"column":25},"end":{"line":141,"column":null}},"89":{"start":{"line":131,"column":4},"end":{"line":140,"column":null}},"90":{"start":{"line":133,"column":8},"end":{"line":133,"column":null}},"91":{"start":{"line":135,"column":8},"end":{"line":135,"column":null}},"92":{"start":{"line":137,"column":8},"end":{"line":137,"column":null}},"93":{"start":{"line":139,"column":8},"end":{"line":139,"column":null}},"94":{"start":{"line":143,"column":27},"end":{"line":154,"column":null}},"95":{"start":{"line":144,"column":4},"end":{"line":153,"column":null}},"96":{"start":{"line":146,"column":8},"end":{"line":146,"column":null}},"97":{"start":{"line":148,"column":8},"end":{"line":148,"column":null}},"98":{"start":{"line":150,"column":8},"end":{"line":150,"column":null}},"99":{"start":{"line":152,"column":8},"end":{"line":152,"column":null}},"100":{"start":{"line":156,"column":24},"end":{"line":167,"column":null}},"101":{"start":{"line":157,"column":4},"end":{"line":166,"column":null}},"102":{"start":{"line":169,"column":21},"end":{"line":171,"column":null}},"103":{"start":{"line":170,"column":4},"end":{"line":170,"column":null}},"104":{"start":{"line":173,"column":24},"end":{"line":184,"column":null}},"105":{"start":{"line":174,"column":4},"end":{"line":183,"column":null}},"106":{"start":{"line":176,"column":8},"end":{"line":176,"column":null}},"107":{"start":{"line":178,"column":8},"end":{"line":178,"column":null}},"108":{"start":{"line":180,"column":8},"end":{"line":180,"column":null}},"109":{"start":{"line":182,"column":8},"end":{"line":182,"column":null}},"110":{"start":{"line":186,"column":26},"end":{"line":197,"column":null}},"111":{"start":{"line":187,"column":4},"end":{"line":196,"column":null}},"112":{"start":{"line":189,"column":8},"end":{"line":189,"column":null}},"113":{"start":{"line":191,"column":8},"end":{"line":191,"column":null}},"114":{"start":{"line":193,"column":8},"end":{"line":193,"column":null}},"115":{"start":{"line":195,"column":8},"end":{"line":195,"column":null}},"116":{"start":{"line":199,"column":2},"end":{"line":205,"column":null}},"117":{"start":{"line":232,"column":27},"end":{"line":232,"column":null}},"118":{"start":{"line":238,"column":27},"end":{"line":238,"column":null}},"119":{"start":{"line":253,"column":33},"end":{"line":253,"column":null}},"120":{"start":{"line":263,"column":31},"end":{"line":263,"column":null}},"121":{"start":{"line":277,"column":31},"end":{"line":277,"column":null}},"122":{"start":{"line":292,"column":10},"end":{"line":293,"column":null}},"123":{"start":{"line":302,"column":33},"end":{"line":302,"column":null}},"124":{"start":{"line":310,"column":37},"end":{"line":310,"column":null}},"125":{"start":{"line":317,"column":37},"end":{"line":317,"column":null}},"126":{"start":{"line":383,"column":10},"end":{"line":383,"column":null}},"127":{"start":{"line":384,"column":10},"end":{"line":384,"column":null}},"128":{"start":{"line":395,"column":10},"end":{"line":395,"column":null}},"129":{"start":{"line":396,"column":10},"end":{"line":396,"column":null}}},"fnMap":{"0":{"name":"DashboardPage","decl":{"start":{"line":14,"column":24},"end":{"line":14,"column":null}},"loc":{"start":{"line":14,"column":24},"end":{"line":403,"column":null}}},"1":{"name":"(anonymous_2)","decl":{"start":{"line":30,"column":12},"end":{"line":30,"column":null}},"loc":{"start":{"line":30,"column":12},"end":{"line":32,"column":5}}},"2":{"name":"(anonymous_3)","decl":{"start":{"line":34,"column":12},"end":{"line":34,"column":null}},"loc":{"start":{"line":34,"column":12},"end":{"line":36,"column":5}}},"3":{"name":"(anonymous_4)","decl":{"start":{"line":38,"column":20},"end":{"line":38,"column":null}},"loc":{"start":{"line":38,"column":20},"end":{"line":50,"column":null}}},"4":{"name":"(anonymous_5)","decl":{"start":{"line":52,"column":22},"end":{"line":52,"column":null}},"loc":{"start":{"line":52,"column":22},"end":{"line":71,"column":null}}},"5":{"name":"(anonymous_6)","decl":{"start":{"line":56,"column":33},"end":{"line":56,"column":null}},"loc":{"start":{"line":57,"column":8},"end":{"line":58,"column":null}}},"6":{"name":"(anonymous_7)","decl":{"start":{"line":63,"column":33},"end":{"line":63,"column":41}},"loc":{"start":{"line":63,"column":41},"end":{"line":63,"column":null}}},"7":{"name":"(anonymous_8)","decl":{"start":{"line":67,"column":33},"end":{"line":67,"column":41}},"loc":{"start":{"line":67,"column":41},"end":{"line":67,"column":null}}},"8":{"name":"(anonymous_9)","decl":{"start":{"line":73,"column":27},"end":{"line":73,"column":null}},"loc":{"start":{"line":73,"column":27},"end":{"line":76,"column":null}}},"9":{"name":"(anonymous_10)","decl":{"start":{"line":78,"column":25},"end":{"line":78,"column":26}},"loc":{"start":{"line":78,"column":26},"end":{"line":82,"column":null}}},"10":{"name":"(anonymous_11)","decl":{"start":{"line":84,"column":27},"end":{"line":84,"column":28}},"loc":{"start":{"line":84,"column":28},"end":{"line":88,"column":null}}},"11":{"name":"(anonymous_12)","decl":{"start":{"line":90,"column":27},"end":{"line":90,"column":34}},"loc":{"start":{"line":90,"column":34},"end":{"line":112,"column":null}}},"12":{"name":"(anonymous_13)","decl":{"start":{"line":96,"column":27},"end":{"line":96,"column":null}},"loc":{"start":{"line":97,"column":10},"end":{"line":97,"column":null}}},"13":{"name":"(anonymous_14)","decl":{"start":{"line":114,"column":28},"end":{"line":114,"column":null}},"loc":{"start":{"line":114,"column":28},"end":{"line":128,"column":null}}},"14":{"name":"(anonymous_15)","decl":{"start":{"line":120,"column":28},"end":{"line":120,"column":36}},"loc":{"start":{"line":120,"column":36},"end":{"line":120,"column":63}}},"15":{"name":"(anonymous_16)","decl":{"start":{"line":130,"column":25},"end":{"line":130,"column":26}},"loc":{"start":{"line":130,"column":26},"end":{"line":141,"column":null}}},"16":{"name":"(anonymous_17)","decl":{"start":{"line":143,"column":27},"end":{"line":143,"column":28}},"loc":{"start":{"line":143,"column":28},"end":{"line":154,"column":null}}},"17":{"name":"(anonymous_18)","decl":{"start":{"line":156,"column":24},"end":{"line":156,"column":25}},"loc":{"start":{"line":156,"column":25},"end":{"line":167,"column":null}}},"18":{"name":"(anonymous_19)","decl":{"start":{"line":169,"column":21},"end":{"line":169,"column":22}},"loc":{"start":{"line":169,"column":22},"end":{"line":171,"column":null}}},"19":{"name":"(anonymous_20)","decl":{"start":{"line":173,"column":24},"end":{"line":173,"column":25}},"loc":{"start":{"line":173,"column":25},"end":{"line":184,"column":null}}},"20":{"name":"(anonymous_21)","decl":{"start":{"line":186,"column":26},"end":{"line":186,"column":27}},"loc":{"start":{"line":186,"column":27},"end":{"line":197,"column":null}}},"21":{"name":"(anonymous_22)","decl":{"start":{"line":232,"column":21},"end":{"line":232,"column":27}},"loc":{"start":{"line":232,"column":27},"end":{"line":232,"column":null}}},"22":{"name":"(anonymous_23)","decl":{"start":{"line":238,"column":21},"end":{"line":238,"column":27}},"loc":{"start":{"line":238,"column":27},"end":{"line":238,"column":null}}},"23":{"name":"(anonymous_24)","decl":{"start":{"line":253,"column":26},"end":{"line":253,"column":27}},"loc":{"start":{"line":253,"column":33},"end":{"line":253,"column":null}}},"24":{"name":"(anonymous_25)","decl":{"start":{"line":263,"column":24},"end":{"line":263,"column":25}},"loc":{"start":{"line":263,"column":31},"end":{"line":263,"column":null}}},"25":{"name":"(anonymous_26)","decl":{"start":{"line":277,"column":24},"end":{"line":277,"column":25}},"loc":{"start":{"line":277,"column":31},"end":{"line":277,"column":null}}},"26":{"name":"(anonymous_27)","decl":{"start":{"line":291,"column":28},"end":{"line":291,"column":29}},"loc":{"start":{"line":292,"column":10},"end":{"line":293,"column":null}}},"27":{"name":"(anonymous_28)","decl":{"start":{"line":302,"column":27},"end":{"line":302,"column":33}},"loc":{"start":{"line":302,"column":33},"end":{"line":302,"column":null}}},"28":{"name":"(anonymous_29)","decl":{"start":{"line":310,"column":31},"end":{"line":310,"column":37}},"loc":{"start":{"line":310,"column":37},"end":{"line":310,"column":null}}},"29":{"name":"(anonymous_30)","decl":{"start":{"line":317,"column":31},"end":{"line":317,"column":37}},"loc":{"start":{"line":317,"column":37},"end":{"line":317,"column":null}}},"30":{"name":"(anonymous_31)","decl":{"start":{"line":382,"column":17},"end":{"line":382,"column":null}},"loc":{"start":{"line":382,"column":17},"end":{"line":385,"column":null}}},"31":{"name":"(anonymous_32)","decl":{"start":{"line":394,"column":17},"end":{"line":394,"column":null}},"loc":{"start":{"line":394,"column":17},"end":{"line":397,"column":null}}}},"branchMap":{"0":{"loc":{"start":{"line":55,"column":4},"end":{"line":60,"column":null}},"type":"if","locations":[{"start":{"line":55,"column":4},"end":{"line":60,"column":null}},{"start":{},"end":{}}]},"1":{"loc":{"start":{"line":57,"column":8},"end":{"line":58,"column":null}},"type":"binary-expr","locations":[{"start":{"line":57,"column":8},"end":{"line":57,"column":null}},{"start":{"line":58,"column":8},"end":{"line":58,"column":null}}]},"2":{"loc":{"start":{"line":62,"column":4},"end":{"line":64,"column":null}},"type":"if","locations":[{"start":{"line":62,"column":4},"end":{"line":64,"column":null}},{"start":{},"end":{}}]},"3":{"loc":{"start":{"line":66,"column":4},"end":{"line":68,"column":null}},"type":"if","locations":[{"start":{"line":66,"column":4},"end":{"line":68,"column":null}},{"start":{},"end":{}}]},"4":{"loc":{"start":{"line":94,"column":6},"end":{"line":104,"column":null}},"type":"if","locations":[{"start":{"line":94,"column":6},"end":{"line":104,"column":null}},{"start":{"line":100,"column":13},"end":{"line":104,"column":null}}]},"5":{"loc":{"start":{"line":97,"column":10},"end":{"line":97,"column":null}},"type":"cond-expr","locations":[{"start":{"line":97,"column":39},"end":{"line":97,"column":53}},{"start":{"line":97,"column":53},"end":{"line":97,"column":null}}]},"6":{"loc":{"start":{"line":115,"column":4},"end":{"line":115,"column":null}},"type":"if","locations":[{"start":{"line":115,"column":4},"end":{"line":115,"column":null}},{"start":{},"end":{}}]},"7":{"loc":{"start":{"line":131,"column":4},"end":{"line":140,"column":null}},"type":"switch","locations":[{"start":{"line":132,"column":6},"end":{"line":133,"column":null}},{"start":{"line":134,"column":6},"end":{"line":135,"column":null}},{"start":{"line":136,"column":6},"end":{"line":137,"column":null}},{"start":{"line":138,"column":6},"end":{"line":139,"column":null}}]},"8":{"loc":{"start":{"line":144,"column":4},"end":{"line":153,"column":null}},"type":"switch","locations":[{"start":{"line":145,"column":6},"end":{"line":146,"column":null}},{"start":{"line":147,"column":6},"end":{"line":148,"column":null}},{"start":{"line":149,"column":6},"end":{"line":150,"column":null}},{"start":{"line":151,"column":6},"end":{"line":152,"column":null}}]},"9":{"loc":{"start":{"line":174,"column":4},"end":{"line":183,"column":null}},"type":"switch","locations":[{"start":{"line":175,"column":6},"end":{"line":176,"column":null}},{"start":{"line":177,"column":6},"end":{"line":178,"column":null}},{"start":{"line":179,"column":6},"end":{"line":180,"column":null}},{"start":{"line":181,"column":6},"end":{"line":182,"column":null}}]},"10":{"loc":{"start":{"line":187,"column":4},"end":{"line":196,"column":null}},"type":"switch","locations":[{"start":{"line":188,"column":6},"end":{"line":189,"column":null}},{"start":{"line":190,"column":6},"end":{"line":191,"column":null}},{"start":{"line":192,"column":6},"end":{"line":193,"column":null}},{"start":{"line":194,"column":6},"end":{"line":195,"column":null}}]},"11":{"loc":{"start":{"line":199,"column":2},"end":{"line":205,"column":null}},"type":"if","locations":[{"start":{"line":199,"column":2},"end":{"line":205,"column":null}},{"start":{},"end":{}}]},"12":{"loc":{"start":{"line":229,"column":7},"end":{"line":229,"column":null}},"type":"binary-expr","locations":[{"start":{"line":229,"column":7},"end":{"line":229,"column":null}}]},"13":{"loc":{"start":{"line":235,"column":7},"end":{"line":235,"column":null}},"type":"binary-expr","locations":[{"start":{"line":235,"column":7},"end":{"line":235,"column":null}}]},"14":{"loc":{"start":{"line":302,"column":49},"end":{"line":302,"column":90}},"type":"cond-expr","locations":[{"start":{"line":302,"column":76},"end":{"line":302,"column":83}},{"start":{"line":302,"column":83},"end":{"line":302,"column":90}}]},"15":{"loc":{"start":{"line":307,"column":17},"end":{"line":307,"column":41}},"type":"binary-expr","locations":[{"start":{"line":307,"column":17},"end":{"line":307,"column":41}}]},"16":{"loc":{"start":{"line":343,"column":15},"end":{"line":343,"column":27}},"type":"binary-expr","locations":[{"start":{"line":343,"column":15},"end":{"line":343,"column":27}}]},"17":{"loc":{"start":{"line":354,"column":7},"end":{"line":354,"column":37}},"type":"binary-expr","locations":[{"start":{"line":354,"column":7},"end":{"line":354,"column":37}},{"start":{"line":354,"column":37},"end":{"line":354,"column":null}}]},"18":{"loc":{"start":{"line":363,"column":13},"end":{"line":365,"column":null}},"type":"cond-expr","locations":[{"start":{"line":364,"column":16},"end":{"line":364,"column":null}},{"start":{"line":365,"column":16},"end":{"line":365,"column":null}}]},"19":{"loc":{"start":{"line":363,"column":13},"end":{"line":363,"column":null}},"type":"binary-expr","locations":[{"start":{"line":363,"column":13},"end":{"line":363,"column":27}},{"start":{"line":363,"column":27},"end":{"line":363,"column":53}},{"start":{"line":363,"column":53},"end":{"line":363,"column":null}}]},"20":{"loc":{"start":{"line":367,"column":11},"end":{"line":367,"column":26}},"type":"binary-expr","locations":[{"start":{"line":367,"column":11},"end":{"line":367,"column":26}},{"start":{"line":367,"column":26},"end":{"line":367,"column":52}},{"start":{"line":367,"column":52},"end":{"line":367,"column":null}}]},"21":{"loc":{"start":{"line":388,"column":14},"end":{"line":388,"column":null}},"type":"cond-expr","locations":[{"start":{"line":388,"column":28},"end":{"line":388,"column":37}},{"start":{"line":388,"column":37},"end":{"line":388,"column":null}}]},"22":{"loc":{"start":{"line":399,"column":19},"end":{"line":399,"column":null}},"type":"binary-expr","locations":[{"start":{"line":399,"column":19},"end":{"line":399,"column":42}},{"start":{"line":399,"column":42},"end":{"line":399,"column":null}}]}},"s":{"0":53,"1":4,"2":4,"3":4,"4":4,"5":4,"6":4,"7":4,"8":4,"9":4,"10":143,"11":140,"12":140,"13":140,"14":140,"15":140,"16":140,"17":140,"18":140,"19":140,"20":140,"21":140,"22":140,"23":140,"24":140,"25":16,"26":140,"27":31,"28":140,"29":16,"30":16,"31":16,"32":16,"33":14,"34":2,"35":2,"36":16,"37":140,"38":31,"39":31,"40":1,"41":2,"42":31,"43":0,"44":0,"45":31,"46":0,"47":0,"48":31,"49":140,"50":4,"51":4,"52":140,"53":0,"54":0,"55":0,"56":140,"57":0,"58":0,"59":0,"60":140,"61":2,"62":2,"63":2,"64":0,"65":0,"66":0,"67":0,"68":2,"69":1,"70":1,"71":1,"72":1,"73":1,"74":1,"75":140,"76":0,"77":0,"78":0,"79":0,"80":0,"81":0,"82":0,"83":0,"84":0,"85":0,"86":0,"87":0,"88":140,"89":35,"90":18,"91":0,"92":17,"93":0,"94":140,"95":35,"96":0,"97":17,"98":18,"99":0,"100":140,"101":35,"102":140,"103":35,"104":140,"105":35,"106":18,"107":0,"108":17,"109":0,"110":140,"111":35,"112":0,"113":17,"114":18,"115":0,"116":140,"117":1,"118":0,"119":1,"120":0,"121":0,"122":35,"123":0,"124":0,"125":0,"126":1,"127":1,"128":0,"129":0},"f":{"0":143,"1":16,"2":31,"3":16,"4":31,"5":2,"6":0,"7":0,"8":4,"9":0,"10":0,"11":2,"12":0,"13":0,"14":0,"15":35,"16":35,"17":35,"18":35,"19":35,"20":35,"21":1,"22":0,"23":1,"24":0,"25":0,"26":35,"27":0,"28":0,"29":0,"30":1,"31":0},"b":{"0":[1,30],"1":[2,1],"2":[0,31],"3":[0,31],"4":[0,2],"5":[0,0],"6":[0,0],"7":[18,0,17,0],"8":[0,17,18,0],"9":[18,0,17,0],"10":[0,17,18,0],"11":[106,34],"12":[34],"13":[34],"14":[0,0],"15":[35],"16":[35],"17":[34,16],"18":[0,16],"19":[16,16,16],"20":[16,16,16],"21":[0,34],"22":[34,34]}}
,"C:\\wamp64\\www\\newway\\case-task-manager\\case-task-manager-front\\src\\app\\(authenticated)\\profile\\page.tsx": {"path":"C:\\wamp64\\www\\newway\\case-task-manager\\case-task-manager-front\\src\\app\\(authenticated)\\profile\\page.tsx","statementMap":{"0":{"start":{"line":29,"column":24},"end":{"line":29,"column":null}},"1":{"start":{"line":3,"column":36},"end":{"line":3,"column":null}},"2":{"start":{"line":4,"column":24},"end":{"line":4,"column":null}},"3":{"start":{"line":5,"column":25},"end":{"line":5,"column":null}},"4":{"start":{"line":6,"column":30},"end":{"line":6,"column":null}},"5":{"start":{"line":7,"column":31},"end":{"line":7,"column":null}},"6":{"start":{"line":8,"column":29},"end":{"line":8,"column":null}},"7":{"start":{"line":9,"column":31},"end":{"line":9,"column":null}},"8":{"start":{"line":30,"column":53},"end":{"line":30,"column":null}},"9":{"start":{"line":31,"column":32},"end":{"line":38,"column":null}},"10":{"start":{"line":39,"column":44},"end":{"line":46,"column":null}},"11":{"start":{"line":47,"column":36},"end":{"line":47,"column":null}},"12":{"start":{"line":48,"column":32},"end":{"line":48,"column":null}},"13":{"start":{"line":49,"column":28},"end":{"line":49,"column":null}},"14":{"start":{"line":50,"column":46},"end":{"line":50,"column":null}},"15":{"start":{"line":51,"column":30},"end":{"line":51,"column":null}},"16":{"start":{"line":53,"column":2},"end":{"line":66,"column":null}},"17":{"start":{"line":54,"column":4},"end":{"line":65,"column":null}},"18":{"start":{"line":55,"column":39},"end":{"line":62,"column":null}},"19":{"start":{"line":63,"column":6},"end":{"line":63,"column":null}},"20":{"start":{"line":64,"column":6},"end":{"line":64,"column":null}},"21":{"start":{"line":68,"column":23},"end":{"line":83,"column":null}},"22":{"start":{"line":69,"column":40},"end":{"line":69,"column":null}},"23":{"start":{"line":71,"column":4},"end":{"line":73,"column":null}},"24":{"start":{"line":72,"column":6},"end":{"line":72,"column":null}},"25":{"start":{"line":75,"column":4},"end":{"line":79,"column":null}},"26":{"start":{"line":76,"column":6},"end":{"line":76,"column":null}},"27":{"start":{"line":77,"column":11},"end":{"line":79,"column":null}},"28":{"start":{"line":78,"column":6},"end":{"line":78,"column":null}},"29":{"start":{"line":81,"column":4},"end":{"line":81,"column":null}},"30":{"start":{"line":82,"column":4},"end":{"line":82,"column":null}},"31":{"start":{"line":85,"column":21},"end":{"line":89,"column":null}},"32":{"start":{"line":86,"column":4},"end":{"line":86,"column":null}},"33":{"start":{"line":87,"column":4},"end":{"line":87,"column":null}},"34":{"start":{"line":88,"column":4},"end":{"line":88,"column":null}},"35":{"start":{"line":91,"column":23},"end":{"line":97,"column":null}},"36":{"start":{"line":92,"column":4},"end":{"line":92,"column":null}},"37":{"start":{"line":93,"column":4},"end":{"line":93,"column":null}},"38":{"start":{"line":94,"column":4},"end":{"line":94,"column":null}},"39":{"start":{"line":95,"column":4},"end":{"line":95,"column":null}},"40":{"start":{"line":96,"column":4},"end":{"line":96,"column":null}},"41":{"start":{"line":99,"column":21},"end":{"line":135,"column":null}},"42":{"start":{"line":100,"column":4},"end":{"line":102,"column":null}},"43":{"start":{"line":101,"column":6},"end":{"line":101,"column":null}},"44":{"start":{"line":104,"column":4},"end":{"line":104,"column":null}},"45":{"start":{"line":105,"column":4},"end":{"line":105,"column":null}},"46":{"start":{"line":106,"column":4},"end":{"line":106,"column":null}},"47":{"start":{"line":108,"column":4},"end":{"line":134,"column":null}},"48":{"start":{"line":109,"column":6},"end":{"line":128,"column":null}},"49":{"start":{"line":110,"column":28},"end":{"line":116,"column":null}},"50":{"start":{"line":118,"column":8},"end":{"line":118,"column":null}},"51":{"start":{"line":119,"column":8},"end":{"line":119,"column":null}},"52":{"start":{"line":120,"column":8},"end":{"line":120,"column":null}},"53":{"start":{"line":121,"column":8},"end":{"line":121,"column":null}},"54":{"start":{"line":123,"column":8},"end":{"line":123,"column":null}},"55":{"start":{"line":125,"column":8},"end":{"line":125,"column":null}},"56":{"start":{"line":127,"column":8},"end":{"line":127,"column":null}},"57":{"start":{"line":130,"column":6},"end":{"line":130,"column":null}},"58":{"start":{"line":131,"column":6},"end":{"line":131,"column":null}},"59":{"start":{"line":133,"column":6},"end":{"line":133,"column":null}},"60":{"start":{"line":137,"column":28},"end":{"line":146,"column":null}},"61":{"start":{"line":138,"column":4},"end":{"line":138,"column":null}},"62":{"start":{"line":138,"column":30},"end":{"line":138,"column":null}},"63":{"start":{"line":139,"column":4},"end":{"line":145,"column":null}},"64":{"start":{"line":140,"column":6},"end":{"line":144,"column":null}},"65":{"start":{"line":141,"column":26},"end":{"line":141,"column":null}},"66":{"start":{"line":142,"column":8},"end":{"line":142,"column":null}},"67":{"start":{"line":143,"column":8},"end":{"line":143,"column":null}},"68":{"start":{"line":148,"column":28},"end":{"line":154,"column":null}},"69":{"start":{"line":149,"column":24},"end":{"line":149,"column":null}},"70":{"start":{"line":150,"column":25},"end":{"line":150,"column":null}},"71":{"start":{"line":151,"column":26},"end":{"line":151,"column":null}},"72":{"start":{"line":153,"column":4},"end":{"line":153,"column":null}},"73":{"start":{"line":168,"column":29},"end":{"line":168,"column":null}},"74":{"start":{"line":176,"column":34},"end":{"line":176,"column":null}},"75":{"start":{"line":239,"column":43},"end":{"line":239,"column":null}},"76":{"start":{"line":255,"column":43},"end":{"line":255,"column":null}},"77":{"start":{"line":271,"column":43},"end":{"line":271,"column":null}},"78":{"start":{"line":287,"column":43},"end":{"line":287,"column":null}},"79":{"start":{"line":303,"column":41},"end":{"line":303,"column":null}},"80":{"start":{"line":320,"column":41},"end":{"line":320,"column":null}}},"fnMap":{"0":{"name":"ProfilePage","decl":{"start":{"line":29,"column":24},"end":{"line":29,"column":null}},"loc":{"start":{"line":29,"column":24},"end":{"line":372,"column":null}}},"1":{"name":"(anonymous_2)","decl":{"start":{"line":53,"column":12},"end":{"line":53,"column":null}},"loc":{"start":{"line":53,"column":12},"end":{"line":66,"column":5}}},"2":{"name":"(anonymous_3)","decl":{"start":{"line":68,"column":23},"end":{"line":68,"column":null}},"loc":{"start":{"line":68,"column":23},"end":{"line":83,"column":null}}},"3":{"name":"(anonymous_4)","decl":{"start":{"line":85,"column":21},"end":{"line":85,"column":null}},"loc":{"start":{"line":85,"column":21},"end":{"line":89,"column":null}}},"4":{"name":"(anonymous_5)","decl":{"start":{"line":91,"column":23},"end":{"line":91,"column":null}},"loc":{"start":{"line":91,"column":23},"end":{"line":97,"column":null}}},"5":{"name":"(anonymous_6)","decl":{"start":{"line":99,"column":21},"end":{"line":99,"column":null}},"loc":{"start":{"line":99,"column":21},"end":{"line":135,"column":null}}},"6":{"name":"(anonymous_7)","decl":{"start":{"line":137,"column":28},"end":{"line":137,"column":29}},"loc":{"start":{"line":137,"column":55},"end":{"line":146,"column":null}}},"7":{"name":"(anonymous_8)","decl":{"start":{"line":138,"column":21},"end":{"line":138,"column":30}},"loc":{"start":{"line":138,"column":30},"end":{"line":138,"column":null}}},"8":{"name":"(anonymous_9)","decl":{"start":{"line":140,"column":16},"end":{"line":140,"column":null}},"loc":{"start":{"line":140,"column":16},"end":{"line":144,"column":null}}},"9":{"name":"(anonymous_10)","decl":{"start":{"line":148,"column":28},"end":{"line":148,"column":29}},"loc":{"start":{"line":148,"column":29},"end":{"line":154,"column":null}}},"10":{"name":"(anonymous_11)","decl":{"start":{"line":168,"column":23},"end":{"line":168,"column":29}},"loc":{"start":{"line":168,"column":29},"end":{"line":168,"column":null}}},"11":{"name":"(anonymous_12)","decl":{"start":{"line":176,"column":28},"end":{"line":176,"column":34}},"loc":{"start":{"line":176,"column":34},"end":{"line":176,"column":null}}},"12":{"name":"(anonymous_13)","decl":{"start":{"line":239,"column":36},"end":{"line":239,"column":37}},"loc":{"start":{"line":239,"column":43},"end":{"line":239,"column":null}}},"13":{"name":"(anonymous_14)","decl":{"start":{"line":255,"column":36},"end":{"line":255,"column":37}},"loc":{"start":{"line":255,"column":43},"end":{"line":255,"column":null}}},"14":{"name":"(anonymous_15)","decl":{"start":{"line":271,"column":36},"end":{"line":271,"column":37}},"loc":{"start":{"line":271,"column":43},"end":{"line":271,"column":null}}},"15":{"name":"(anonymous_16)","decl":{"start":{"line":287,"column":36},"end":{"line":287,"column":37}},"loc":{"start":{"line":287,"column":43},"end":{"line":287,"column":null}}},"16":{"name":"(anonymous_17)","decl":{"start":{"line":303,"column":34},"end":{"line":303,"column":35}},"loc":{"start":{"line":303,"column":41},"end":{"line":303,"column":null}}},"17":{"name":"(anonymous_18)","decl":{"start":{"line":320,"column":34},"end":{"line":320,"column":35}},"loc":{"start":{"line":320,"column":41},"end":{"line":320,"column":null}}}},"branchMap":{"0":{"loc":{"start":{"line":54,"column":4},"end":{"line":65,"column":null}},"type":"if","locations":[{"start":{"line":54,"column":4},"end":{"line":65,"column":null}},{"start":{},"end":{}}]},"1":{"loc":{"start":{"line":56,"column":14},"end":{"line":56,"column":null}},"type":"binary-expr","locations":[{"start":{"line":56,"column":14},"end":{"line":56,"column":23}},{"start":{"line":56,"column":27},"end":{"line":56,"column":null}}]},"2":{"loc":{"start":{"line":57,"column":15},"end":{"line":57,"column":null}},"type":"binary-expr","locations":[{"start":{"line":57,"column":15},"end":{"line":57,"column":25}},{"start":{"line":57,"column":29},"end":{"line":57,"column":null}}]},"3":{"loc":{"start":{"line":58,"column":15},"end":{"line":58,"column":null}},"type":"binary-expr","locations":[{"start":{"line":58,"column":15},"end":{"line":58,"column":25}},{"start":{"line":58,"column":29},"end":{"line":58,"column":null}}]},"4":{"loc":{"start":{"line":59,"column":18},"end":{"line":59,"column":null}},"type":"binary-expr","locations":[{"start":{"line":59,"column":18},"end":{"line":59,"column":31}},{"start":{"line":59,"column":35},"end":{"line":59,"column":null}}]},"5":{"loc":{"start":{"line":60,"column":13},"end":{"line":60,"column":null}},"type":"binary-expr","locations":[{"start":{"line":60,"column":13},"end":{"line":60,"column":21}},{"start":{"line":60,"column":25},"end":{"line":60,"column":null}}]},"6":{"loc":{"start":{"line":61,"column":14},"end":{"line":61,"column":null}},"type":"binary-expr","locations":[{"start":{"line":61,"column":14},"end":{"line":61,"column":23}},{"start":{"line":61,"column":27},"end":{"line":61,"column":null}}]},"7":{"loc":{"start":{"line":71,"column":4},"end":{"line":73,"column":null}},"type":"if","locations":[{"start":{"line":71,"column":4},"end":{"line":73,"column":null}},{"start":{},"end":{}}]},"8":{"loc":{"start":{"line":75,"column":4},"end":{"line":79,"column":null}},"type":"if","locations":[{"start":{"line":75,"column":4},"end":{"line":79,"column":null}},{"start":{"line":77,"column":11},"end":{"line":79,"column":null}}]},"9":{"loc":{"start":{"line":77,"column":11},"end":{"line":79,"column":null}},"type":"if","locations":[{"start":{"line":77,"column":11},"end":{"line":79,"column":null}},{"start":{},"end":{}}]},"10":{"loc":{"start":{"line":100,"column":4},"end":{"line":102,"column":null}},"type":"if","locations":[{"start":{"line":100,"column":4},"end":{"line":102,"column":null}},{"start":{},"end":{}}]},"11":{"loc":{"start":{"line":109,"column":6},"end":{"line":128,"column":null}},"type":"if","locations":[{"start":{"line":109,"column":6},"end":{"line":128,"column":null}},{"start":{"line":126,"column":13},"end":{"line":128,"column":null}}]},"12":{"loc":{"start":{"line":139,"column":4},"end":{"line":145,"column":null}},"type":"if","locations":[{"start":{"line":139,"column":4},"end":{"line":145,"column":null}},{"start":{},"end":{}}]},"13":{"loc":{"start":{"line":153,"column":29},"end":{"line":153,"column":79}},"type":"cond-expr","locations":[{"start":{"line":153,"column":49},"end":{"line":153,"column":64}},{"start":{"line":153,"column":64},"end":{"line":153,"column":79}}]},"14":{"loc":{"start":{"line":160,"column":10},"end":{"line":164,"column":null}},"type":"cond-expr","locations":[{"start":{"line":160,"column":10},"end":{"line":164,"column":null}}]},"15":{"loc":{"start":{"line":165,"column":13},"end":{"line":165,"column":null}},"type":"binary-expr","locations":[{"start":{"line":165,"column":13},"end":{"line":165,"column":null}}]},"16":{"loc":{"start":{"line":173,"column":13},"end":{"line":173,"column":null}},"type":"binary-expr","locations":[{"start":{"line":173,"column":13},"end":{"line":173,"column":null}}]},"17":{"loc":{"start":{"line":185,"column":20},"end":{"line":194,"column":null}},"type":"cond-expr","locations":[{"start":{"line":185,"column":20},"end":{"line":194,"column":null}}]},"18":{"loc":{"start":{"line":209,"column":26},"end":{"line":214,"column":null}},"type":"cond-expr","locations":[{"start":{"line":209,"column":26},"end":{"line":214,"column":null}}]},"19":{"loc":{"start":{"line":236,"column":24},"end":{"line":243,"column":25}},"type":"cond-expr","locations":[{"start":{"line":236,"column":24},"end":{"line":243,"column":25}}]},"20":{"loc":{"start":{"line":252,"column":24},"end":{"line":259,"column":25}},"type":"cond-expr","locations":[{"start":{"line":252,"column":24},"end":{"line":259,"column":25}}]},"21":{"loc":{"start":{"line":268,"column":24},"end":{"line":275,"column":25}},"type":"cond-expr","locations":[{"start":{"line":268,"column":24},"end":{"line":275,"column":25}}]},"22":{"loc":{"start":{"line":284,"column":24},"end":{"line":291,"column":25}},"type":"cond-expr","locations":[{"start":{"line":284,"column":24},"end":{"line":291,"column":25}}]},"23":{"loc":{"start":{"line":301,"column":22},"end":{"line":308,"column":23}},"type":"cond-expr","locations":[{"start":{"line":301,"column":22},"end":{"line":308,"column":23}}]},"24":{"loc":{"start":{"line":317,"column":22},"end":{"line":324,"column":23}},"type":"cond-expr","locations":[{"start":{"line":317,"column":22},"end":{"line":324,"column":23}}]}},"s":{"0":31,"1":2,"2":2,"3":2,"4":2,"5":2,"6":2,"7":2,"8":98,"9":97,"10":97,"11":97,"12":97,"13":97,"14":97,"15":97,"16":97,"17":15,"18":14,"19":14,"20":14,"21":97,"22":8,"23":8,"24":2,"25":8,"26":1,"27":7,"28":1,"29":8,"30":8,"31":97,"32":11,"33":11,"34":11,"35":97,"36":1,"37":1,"38":1,"39":1,"40":1,"41":97,"42":8,"43":3,"44":5,"45":5,"46":5,"47":5,"48":5,"49":4,"50":1,"51":1,"52":1,"53":1,"54":1,"55":1,"56":1,"57":3,"58":3,"59":4,"60":97,"61":13,"62":13,"63":13,"64":1,"65":1,"66":1,"67":1,"68":97,"69":0,"70":0,"71":0,"72":0,"73":1,"74":0,"75":6,"76":3,"77":1,"78":1,"79":1,"80":1},"f":{"0":98,"1":15,"2":8,"3":11,"4":1,"5":8,"6":13,"7":13,"8":1,"9":0,"10":1,"11":0,"12":6,"13":3,"14":1,"15":1,"16":1,"17":1},"b":{"0":[14,1],"1":[14,0],"2":[14,0],"3":[14,1],"4":[14,1],"5":[14,1],"6":[14,1],"7":[2,6],"8":[1,7],"9":[1,6],"10":[3,5],"11":[4,1],"12":[1,12],"13":[0,0],"14":[33],"15":[64],"16":[64],"17":[30],"18":[4],"19":[34],"20":[34],"21":[34],"22":[34],"23":[34],"24":[34]}}
,"C:\\wamp64\\www\\newway\\case-task-manager\\case-task-manager-front\\src\\components\\ClientDateFormatter.tsx": {"path":"C:\\wamp64\\www\\newway\\case-task-manager\\case-task-manager-front\\src\\components\\ClientDateFormatter.tsx","statementMap":{"0":{"start":{"line":10,"column":16},"end":{"line":10,"column":36}},"1":{"start":{"line":3,"column":36},"end":{"line":3,"column":null}},"2":{"start":{"line":11,"column":44},"end":{"line":11,"column":null}},"3":{"start":{"line":12,"column":34},"end":{"line":12,"column":null}},"4":{"start":{"line":14,"column":2},"end":{"line":52,"column":null}},"5":{"start":{"line":15,"column":4},"end":{"line":15,"column":null}},"6":{"start":{"line":17,"column":4},"end":{"line":20,"column":null}},"7":{"start":{"line":18,"column":6},"end":{"line":18,"column":null}},"8":{"start":{"line":19,"column":6},"end":{"line":19,"column":null}},"9":{"start":{"line":22,"column":4},"end":{"line":51,"column":null}},"10":{"start":{"line":23,"column":24},"end":{"line":23,"column":null}},"11":{"start":{"line":24,"column":6},"end":{"line":34,"column":null}},"12":{"start":{"line":25,"column":37},"end":{"line":25,"column":null}},"13":{"start":{"line":26,"column":24},"end":{"line":26,"column":null}},"14":{"start":{"line":27,"column":25},"end":{"line":27,"column":null}},"15":{"start":{"line":28,"column":23},"end":{"line":28,"column":null}},"16":{"start":{"line":30,"column":8},"end":{"line":33,"column":null}},"17":{"start":{"line":31,"column":10},"end":{"line":31,"column":null}},"18":{"start":{"line":32,"column":10},"end":{"line":32,"column":null}},"19":{"start":{"line":36,"column":19},"end":{"line":36,"column":null}},"20":{"start":{"line":38,"column":6},"end":{"line":41,"column":null}},"21":{"start":{"line":39,"column":8},"end":{"line":39,"column":null}},"22":{"start":{"line":40,"column":8},"end":{"line":40,"column":null}},"23":{"start":{"line":43,"column":18},"end":{"line":43,"column":null}},"24":{"start":{"line":44,"column":20},"end":{"line":44,"column":null}},"25":{"start":{"line":45,"column":19},"end":{"line":45,"column":null}},"26":{"start":{"line":47,"column":6},"end":{"line":47,"column":null}},"27":{"start":{"line":49,"column":6},"end":{"line":49,"column":null}},"28":{"start":{"line":50,"column":6},"end":{"line":50,"column":null}},"29":{"start":{"line":54,"column":2},"end":{"line":56,"column":null}}},"fnMap":{"0":{"name":"ClientDateFormatter","decl":{"start":{"line":10,"column":16},"end":{"line":10,"column":36}},"loc":{"start":{"line":10,"column":87},"end":{"line":59,"column":null}}},"1":{"name":"(anonymous_2)","decl":{"start":{"line":14,"column":12},"end":{"line":14,"column":null}},"loc":{"start":{"line":14,"column":12},"end":{"line":52,"column":5}}}},"branchMap":{"0":{"loc":{"start":{"line":17,"column":4},"end":{"line":20,"column":null}},"type":"if","locations":[{"start":{"line":17,"column":4},"end":{"line":20,"column":null}},{"start":{},"end":{}}]},"1":{"loc":{"start":{"line":24,"column":6},"end":{"line":34,"column":null}},"type":"if","locations":[{"start":{"line":24,"column":6},"end":{"line":34,"column":null}},{"start":{},"end":{}}]},"2":{"loc":{"start":{"line":30,"column":8},"end":{"line":33,"column":null}},"type":"if","locations":[{"start":{"line":30,"column":8},"end":{"line":33,"column":null}},{"start":{},"end":{}}]},"3":{"loc":{"start":{"line":30,"column":12},"end":{"line":30,"column":91}},"type":"binary-expr","locations":[{"start":{"line":30,"column":12},"end":{"line":30,"column":27}},{"start":{"line":30,"column":27},"end":{"line":30,"column":44}},{"start":{"line":30,"column":44},"end":{"line":30,"column":62}},{"start":{"line":30,"column":62},"end":{"line":30,"column":77}},{"start":{"line":30,"column":77},"end":{"line":30,"column":91}}]},"4":{"loc":{"start":{"line":38,"column":6},"end":{"line":41,"column":null}},"type":"if","locations":[{"start":{"line":38,"column":6},"end":{"line":41,"column":null}},{"start":{},"end":{}}]},"5":{"loc":{"start":{"line":54,"column":2},"end":{"line":56,"column":null}},"type":"if","locations":[{"start":{"line":54,"column":2},"end":{"line":56,"column":null}},{"start":{},"end":{}}]}},"s":{"0":24,"1":1,"2":48,"3":48,"4":48,"5":24,"6":24,"7":3,"8":3,"9":21,"10":21,"11":21,"12":14,"13":14,"14":14,"15":14,"16":14,"17":10,"18":10,"19":11,"20":11,"21":8,"22":8,"23":3,"24":3,"25":3,"26":3,"27":0,"28":0,"29":48},"f":{"0":48,"1":24},"b":{"0":[3,21],"1":[14,7],"2":[10,4],"3":[14,13,13,11,11],"4":[8,3],"5":[24,24]}}
,"C:\\wamp64\\www\\newway\\case-task-manager\\case-task-manager-front\\src\\components\\forms\\LoginForm.tsx": {"path":"C:\\wamp64\\www\\newway\\case-task-manager\\case-task-manager-front\\src\\components\\forms\\LoginForm.tsx","statementMap":{"0":{"start":{"line":17,"column":16},"end":{"line":17,"column":26}},"1":{"start":{"line":3,"column":25},"end":{"line":3,"column":null}},"2":{"start":{"line":4,"column":35},"end":{"line":4,"column":null}},"3":{"start":{"line":5,"column":89},"end":{"line":5,"column":null}},"4":{"start":{"line":18,"column":42},"end":{"line":18,"column":null}},"5":{"start":{"line":19,"column":34},"end":{"line":22,"column":null}},"6":{"start":{"line":23,"column":30},"end":{"line":23,"column":null}},"7":{"start":{"line":25,"column":23},"end":{"line":40,"column":null}},"8":{"start":{"line":26,"column":46},"end":{"line":26,"column":null}},"9":{"start":{"line":28,"column":4},"end":{"line":32,"column":null}},"10":{"start":{"line":29,"column":6},"end":{"line":29,"column":null}},"11":{"start":{"line":30,"column":11},"end":{"line":32,"column":null}},"12":{"start":{"line":31,"column":6},"end":{"line":31,"column":null}},"13":{"start":{"line":34,"column":4},"end":{"line":36,"column":null}},"14":{"start":{"line":35,"column":6},"end":{"line":35,"column":null}},"15":{"start":{"line":38,"column":4},"end":{"line":38,"column":null}},"16":{"start":{"line":39,"column":4},"end":{"line":39,"column":null}},"17":{"start":{"line":42,"column":23},"end":{"line":54,"column":null}},"18":{"start":{"line":43,"column":4},"end":{"line":43,"column":null}},"19":{"start":{"line":45,"column":4},"end":{"line":47,"column":null}},"20":{"start":{"line":46,"column":6},"end":{"line":46,"column":null}},"21":{"start":{"line":49,"column":4},"end":{"line":53,"column":null}},"22":{"start":{"line":50,"column":6},"end":{"line":50,"column":null}},"23":{"start":{"line":52,"column":6},"end":{"line":52,"column":null}},"24":{"start":{"line":56,"column":28},"end":{"line":69,"column":null}},"25":{"start":{"line":57,"column":28},"end":{"line":57,"column":36}},"26":{"start":{"line":58,"column":4},"end":{"line":61,"column":null}},"27":{"start":{"line":58,"column":25},"end":{"line":61,"column":null}},"28":{"start":{"line":63,"column":4},"end":{"line":68,"column":null}},"29":{"start":{"line":64,"column":6},"end":{"line":67,"column":null}},"30":{"start":{"line":64,"column":25},"end":{"line":67,"column":null}},"31":{"start":{"line":115,"column":31},"end":{"line":115,"column":null}}},"fnMap":{"0":{"name":"LoginForm","decl":{"start":{"line":17,"column":16},"end":{"line":17,"column":26}},"loc":{"start":{"line":17,"column":73},"end":{"line":139,"column":null}}},"1":{"name":"(anonymous_2)","decl":{"start":{"line":25,"column":23},"end":{"line":25,"column":null}},"loc":{"start":{"line":25,"column":23},"end":{"line":40,"column":null}}},"2":{"name":"(anonymous_3)","decl":{"start":{"line":42,"column":23},"end":{"line":42,"column":30}},"loc":{"start":{"line":42,"column":30},"end":{"line":54,"column":null}}},"3":{"name":"(anonymous_4)","decl":{"start":{"line":56,"column":28},"end":{"line":56,"column":29}},"loc":{"start":{"line":56,"column":29},"end":{"line":69,"column":null}}},"4":{"name":"(anonymous_5)","decl":{"start":{"line":58,"column":16},"end":{"line":58,"column":25}},"loc":{"start":{"line":58,"column":25},"end":{"line":61,"column":null}}},"5":{"name":"(anonymous_6)","decl":{"start":{"line":64,"column":16},"end":{"line":64,"column":25}},"loc":{"start":{"line":64,"column":25},"end":{"line":67,"column":null}}},"6":{"name":"(anonymous_7)","decl":{"start":{"line":115,"column":25},"end":{"line":115,"column":31}},"loc":{"start":{"line":115,"column":31},"end":{"line":115,"column":null}}}},"branchMap":{"0":{"loc":{"start":{"line":17,"column":38},"end":{"line":17,"column":55}},"type":"default-arg","locations":[{"start":{"line":17,"column":50},"end":{"line":17,"column":55}}]},"1":{"loc":{"start":{"line":28,"column":4},"end":{"line":32,"column":null}},"type":"if","locations":[{"start":{"line":28,"column":4},"end":{"line":32,"column":null}},{"start":{"line":30,"column":11},"end":{"line":32,"column":null}}]},"2":{"loc":{"start":{"line":30,"column":11},"end":{"line":32,"column":null}},"type":"if","locations":[{"start":{"line":30,"column":11},"end":{"line":32,"column":null}},{"start":{},"end":{}}]},"3":{"loc":{"start":{"line":34,"column":4},"end":{"line":36,"column":null}},"type":"if","locations":[{"start":{"line":34,"column":4},"end":{"line":36,"column":null}},{"start":{},"end":{}}]},"4":{"loc":{"start":{"line":45,"column":4},"end":{"line":47,"column":null}},"type":"if","locations":[{"start":{"line":45,"column":4},"end":{"line":47,"column":null}},{"start":{},"end":{}}]},"5":{"loc":{"start":{"line":63,"column":4},"end":{"line":68,"column":null}},"type":"if","locations":[{"start":{"line":63,"column":4},"end":{"line":68,"column":null}},{"start":{},"end":{}}]},"6":{"loc":{"start":{"line":102,"column":22},"end":{"line":102,"column":null}},"type":"cond-expr","locations":[{"start":{"line":102,"column":37},"end":{"line":102,"column":46}},{"start":{"line":102,"column":46},"end":{"line":102,"column":null}}]},"7":{"loc":{"start":{"line":109,"column":18},"end":{"line":109,"column":null}},"type":"cond-expr","locations":[{"start":{"line":109,"column":36},"end":{"line":109,"column":74}},{"start":{"line":109,"column":74},"end":{"line":109,"column":null}}]},"8":{"loc":{"start":{"line":119,"column":32},"end":{"line":119,"column":56}},"type":"cond-expr","locations":[{"start":{"line":119,"column":32},"end":{"line":119,"column":56}}]},"9":{"loc":{"start":{"line":122,"column":13},"end":{"line":122,"column":28}},"type":"binary-expr","locations":[{"start":{"line":122,"column":13},"end":{"line":122,"column":28}}]},"10":{"loc":{"start":{"line":133,"column":13},"end":{"line":133,"column":null}},"type":"cond-expr","locations":[{"start":{"line":133,"column":25},"end":{"line":133,"column":41}},{"start":{"line":133,"column":41},"end":{"line":133,"column":null}}]}},"s":{"0":8,"1":1,"2":1,"3":1,"4":9,"5":9,"6":9,"7":9,"8":1,"9":1,"10":1,"11":0,"12":0,"13":1,"14":1,"15":1,"16":1,"17":9,"18":1,"19":1,"20":1,"21":0,"22":0,"23":0,"24":9,"25":0,"26":0,"27":0,"28":0,"29":0,"30":0,"31":0},"f":{"0":9,"1":1,"2":1,"3":0,"4":0,"5":0,"6":0},"b":{"0":[0],"1":[1,0],"2":[0,0],"3":[1,0],"4":[1,0],"5":[0,0],"6":[0,9],"7":[1,8],"8":[0],"9":[9],"10":[4,5]}}
,"C:\\wamp64\\www\\newway\\case-task-manager\\case-task-manager-front\\src\\components\\forms\\RegisterForm.tsx": {"path":"C:\\wamp64\\www\\newway\\case-task-manager\\case-task-manager-front\\src\\components\\forms\\RegisterForm.tsx","statementMap":{"0":{"start":{"line":19,"column":16},"end":{"line":19,"column":29}},"1":{"start":{"line":3,"column":25},"end":{"line":3,"column":null}},"2":{"start":{"line":4,"column":38},"end":{"line":4,"column":null}},"3":{"start":{"line":5,"column":89},"end":{"line":5,"column":null}},"4":{"start":{"line":20,"column":42},"end":{"line":20,"column":null}},"5":{"start":{"line":21,"column":56},"end":{"line":21,"column":null}},"6":{"start":{"line":22,"column":34},"end":{"line":27,"column":null}},"7":{"start":{"line":28,"column":30},"end":{"line":28,"column":null}},"8":{"start":{"line":30,"column":23},"end":{"line":59,"column":null}},"9":{"start":{"line":31,"column":49},"end":{"line":31,"column":null}},"10":{"start":{"line":33,"column":4},"end":{"line":37,"column":null}},"11":{"start":{"line":34,"column":6},"end":{"line":34,"column":null}},"12":{"start":{"line":35,"column":11},"end":{"line":37,"column":null}},"13":{"start":{"line":36,"column":6},"end":{"line":36,"column":null}},"14":{"start":{"line":39,"column":4},"end":{"line":43,"column":null}},"15":{"start":{"line":40,"column":6},"end":{"line":40,"column":null}},"16":{"start":{"line":41,"column":11},"end":{"line":43,"column":null}},"17":{"start":{"line":42,"column":6},"end":{"line":42,"column":null}},"18":{"start":{"line":45,"column":4},"end":{"line":49,"column":null}},"19":{"start":{"line":46,"column":6},"end":{"line":46,"column":null}},"20":{"start":{"line":47,"column":11},"end":{"line":49,"column":null}},"21":{"start":{"line":48,"column":6},"end":{"line":48,"column":null}},"22":{"start":{"line":51,"column":4},"end":{"line":55,"column":null}},"23":{"start":{"line":52,"column":6},"end":{"line":52,"column":null}},"24":{"start":{"line":53,"column":11},"end":{"line":55,"column":null}},"25":{"start":{"line":54,"column":6},"end":{"line":54,"column":null}},"26":{"start":{"line":57,"column":4},"end":{"line":57,"column":null}},"27":{"start":{"line":58,"column":4},"end":{"line":58,"column":null}},"28":{"start":{"line":61,"column":23},"end":{"line":74,"column":null}},"29":{"start":{"line":62,"column":4},"end":{"line":62,"column":null}},"30":{"start":{"line":64,"column":4},"end":{"line":66,"column":null}},"31":{"start":{"line":65,"column":6},"end":{"line":65,"column":null}},"32":{"start":{"line":68,"column":4},"end":{"line":73,"column":null}},"33":{"start":{"line":69,"column":49},"end":{"line":69,"column":null}},"34":{"start":{"line":70,"column":6},"end":{"line":70,"column":null}},"35":{"start":{"line":72,"column":6},"end":{"line":72,"column":null}},"36":{"start":{"line":76,"column":28},"end":{"line":89,"column":null}},"37":{"start":{"line":77,"column":28},"end":{"line":77,"column":36}},"38":{"start":{"line":78,"column":4},"end":{"line":81,"column":null}},"39":{"start":{"line":78,"column":25},"end":{"line":81,"column":null}},"40":{"start":{"line":83,"column":4},"end":{"line":88,"column":null}},"41":{"start":{"line":84,"column":6},"end":{"line":87,"column":null}},"42":{"start":{"line":84,"column":25},"end":{"line":87,"column":null}},"43":{"start":{"line":146,"column":31},"end":{"line":146,"column":null}},"44":{"start":{"line":177,"column":31},"end":{"line":177,"column":null}}},"fnMap":{"0":{"name":"RegisterForm","decl":{"start":{"line":19,"column":16},"end":{"line":19,"column":29}},"loc":{"start":{"line":19,"column":79},"end":{"line":201,"column":null}}},"1":{"name":"(anonymous_2)","decl":{"start":{"line":30,"column":23},"end":{"line":30,"column":null}},"loc":{"start":{"line":30,"column":23},"end":{"line":59,"column":null}}},"2":{"name":"(anonymous_3)","decl":{"start":{"line":61,"column":23},"end":{"line":61,"column":30}},"loc":{"start":{"line":61,"column":30},"end":{"line":74,"column":null}}},"3":{"name":"(anonymous_4)","decl":{"start":{"line":76,"column":28},"end":{"line":76,"column":29}},"loc":{"start":{"line":76,"column":29},"end":{"line":89,"column":null}}},"4":{"name":"(anonymous_5)","decl":{"start":{"line":78,"column":16},"end":{"line":78,"column":25}},"loc":{"start":{"line":78,"column":25},"end":{"line":81,"column":null}}},"5":{"name":"(anonymous_6)","decl":{"start":{"line":84,"column":16},"end":{"line":84,"column":25}},"loc":{"start":{"line":84,"column":25},"end":{"line":87,"column":null}}},"6":{"name":"(anonymous_7)","decl":{"start":{"line":146,"column":25},"end":{"line":146,"column":31}},"loc":{"start":{"line":146,"column":31},"end":{"line":146,"column":null}}},"7":{"name":"(anonymous_8)","decl":{"start":{"line":177,"column":25},"end":{"line":177,"column":31}},"loc":{"start":{"line":177,"column":31},"end":{"line":177,"column":null}}}},"branchMap":{"0":{"loc":{"start":{"line":19,"column":41},"end":{"line":19,"column":58}},"type":"default-arg","locations":[{"start":{"line":19,"column":53},"end":{"line":19,"column":58}}]},"1":{"loc":{"start":{"line":33,"column":4},"end":{"line":37,"column":null}},"type":"if","locations":[{"start":{"line":33,"column":4},"end":{"line":37,"column":null}},{"start":{"line":35,"column":11},"end":{"line":37,"column":null}}]},"2":{"loc":{"start":{"line":35,"column":11},"end":{"line":37,"column":null}},"type":"if","locations":[{"start":{"line":35,"column":11},"end":{"line":37,"column":null}},{"start":{},"end":{}}]},"3":{"loc":{"start":{"line":39,"column":4},"end":{"line":43,"column":null}},"type":"if","locations":[{"start":{"line":39,"column":4},"end":{"line":43,"column":null}},{"start":{"line":41,"column":11},"end":{"line":43,"column":null}}]},"4":{"loc":{"start":{"line":41,"column":11},"end":{"line":43,"column":null}},"type":"if","locations":[{"start":{"line":41,"column":11},"end":{"line":43,"column":null}},{"start":{},"end":{}}]},"5":{"loc":{"start":{"line":45,"column":4},"end":{"line":49,"column":null}},"type":"if","locations":[{"start":{"line":45,"column":4},"end":{"line":49,"column":null}},{"start":{"line":47,"column":11},"end":{"line":49,"column":null}}]},"6":{"loc":{"start":{"line":47,"column":11},"end":{"line":49,"column":null}},"type":"if","locations":[{"start":{"line":47,"column":11},"end":{"line":49,"column":null}},{"start":{},"end":{}}]},"7":{"loc":{"start":{"line":51,"column":4},"end":{"line":55,"column":null}},"type":"if","locations":[{"start":{"line":51,"column":4},"end":{"line":55,"column":null}},{"start":{"line":53,"column":11},"end":{"line":55,"column":null}}]},"8":{"loc":{"start":{"line":53,"column":11},"end":{"line":55,"column":null}},"type":"if","locations":[{"start":{"line":53,"column":11},"end":{"line":55,"column":null}},{"start":{},"end":{}}]},"9":{"loc":{"start":{"line":64,"column":4},"end":{"line":66,"column":null}},"type":"if","locations":[{"start":{"line":64,"column":4},"end":{"line":66,"column":null}},{"start":{},"end":{}}]},"10":{"loc":{"start":{"line":83,"column":4},"end":{"line":88,"column":null}},"type":"if","locations":[{"start":{"line":83,"column":4},"end":{"line":88,"column":null}},{"start":{},"end":{}}]},"11":{"loc":{"start":{"line":133,"column":22},"end":{"line":133,"column":null}},"type":"cond-expr","locations":[{"start":{"line":133,"column":37},"end":{"line":133,"column":46}},{"start":{"line":133,"column":46},"end":{"line":133,"column":null}}]},"12":{"loc":{"start":{"line":140,"column":18},"end":{"line":140,"column":null}},"type":"cond-expr","locations":[{"start":{"line":140,"column":36},"end":{"line":140,"column":74}},{"start":{"line":140,"column":74},"end":{"line":140,"column":null}}]},"13":{"loc":{"start":{"line":150,"column":32},"end":{"line":150,"column":56}},"type":"cond-expr","locations":[{"start":{"line":150,"column":32},"end":{"line":150,"column":56}}]},"14":{"loc":{"start":{"line":153,"column":13},"end":{"line":153,"column":28}},"type":"binary-expr","locations":[{"start":{"line":153,"column":13},"end":{"line":153,"column":28}}]},"15":{"loc":{"start":{"line":164,"column":22},"end":{"line":164,"column":null}},"type":"cond-expr","locations":[{"start":{"line":164,"column":44},"end":{"line":164,"column":53}},{"start":{"line":164,"column":53},"end":{"line":164,"column":null}}]},"16":{"loc":{"start":{"line":171,"column":18},"end":{"line":171,"column":null}},"type":"cond-expr","locations":[{"start":{"line":171,"column":43},"end":{"line":171,"column":81}},{"start":{"line":171,"column":81},"end":{"line":171,"column":null}}]},"17":{"loc":{"start":{"line":181,"column":39},"end":{"line":181,"column":63}},"type":"cond-expr","locations":[{"start":{"line":181,"column":39},"end":{"line":181,"column":63}}]},"18":{"loc":{"start":{"line":184,"column":13},"end":{"line":184,"column":35}},"type":"binary-expr","locations":[{"start":{"line":184,"column":13},"end":{"line":184,"column":35}}]},"19":{"loc":{"start":{"line":195,"column":13},"end":{"line":195,"column":null}},"type":"cond-expr","locations":[{"start":{"line":195,"column":25},"end":{"line":195,"column":46}},{"start":{"line":195,"column":46},"end":{"line":195,"column":null}}]}},"s":{"0":8,"1":1,"2":1,"3":1,"4":8,"5":8,"6":8,"7":8,"8":8,"9":0,"10":0,"11":0,"12":0,"13":0,"14":0,"15":0,"16":0,"17":0,"18":0,"19":0,"20":0,"21":0,"22":0,"23":0,"24":0,"25":0,"26":0,"27":0,"28":8,"29":0,"30":0,"31":0,"32":0,"33":0,"34":0,"35":0,"36":8,"37":0,"38":0,"39":0,"40":0,"41":0,"42":0,"43":0,"44":0},"f":{"0":8,"1":0,"2":0,"3":0,"4":0,"5":0,"6":0,"7":0},"b":{"0":[0],"1":[0,0],"2":[0,0],"3":[0,0],"4":[0,0],"5":[0,0],"6":[0,0],"7":[0,0],"8":[0,0],"9":[0,0],"10":[0,0],"11":[0,8],"12":[0,8],"13":[0],"14":[8],"15":[0,8],"16":[0,8],"17":[0],"18":[8],"19":[4,4]}}
,"C:\\wamp64\\www\\newway\\case-task-manager\\case-task-manager-front\\src\\components\\forms\\TaskForm.tsx": {"path":"C:\\wamp64\\www\\newway\\case-task-manager\\case-task-manager-front\\src\\components\\forms\\TaskForm.tsx","statementMap":{"0":{"start":{"line":24,"column":16},"end":{"line":24,"column":25}},"1":{"start":{"line":3,"column":36},"end":{"line":3,"column":null}},"2":{"start":{"line":4,"column":60},"end":{"line":4,"column":null}},"3":{"start":{"line":6,"column":25},"end":{"line":6,"column":null}},"4":{"start":{"line":25,"column":34},"end":{"line":36,"column":null}},"5":{"start":{"line":38,"column":30},"end":{"line":38,"column":null}},"6":{"start":{"line":39,"column":42},"end":{"line":39,"column":null}},"7":{"start":{"line":40,"column":28},"end":{"line":40,"column":null}},"8":{"start":{"line":41,"column":42},"end":{"line":41,"column":null}},"9":{"start":{"line":43,"column":2},"end":{"line":61,"column":null}},"10":{"start":{"line":44,"column":4},"end":{"line":59,"column":null}},"11":{"start":{"line":45,"column":6},"end":{"line":45,"column":null}},"12":{"start":{"line":47,"column":6},"end":{"line":58,"column":null}},"13":{"start":{"line":60,"column":4},"end":{"line":60,"column":null}},"14":{"start":{"line":63,"column":2},"end":{"line":77,"column":null}},"15":{"start":{"line":64,"column":23},"end":{"line":74,"column":null}},"16":{"start":{"line":65,"column":6},"end":{"line":65,"column":null}},"17":{"start":{"line":66,"column":6},"end":{"line":73,"column":null}},"18":{"start":{"line":67,"column":26},"end":{"line":67,"column":null}},"19":{"start":{"line":68,"column":8},"end":{"line":68,"column":null}},"20":{"start":{"line":70,"column":8},"end":{"line":70,"column":null}},"21":{"start":{"line":72,"column":8},"end":{"line":72,"column":null}},"22":{"start":{"line":76,"column":4},"end":{"line":76,"column":null}},"23":{"start":{"line":79,"column":23},"end":{"line":116,"column":null}},"24":{"start":{"line":80,"column":34},"end":{"line":80,"column":null}},"25":{"start":{"line":82,"column":4},"end":{"line":86,"column":null}},"26":{"start":{"line":83,"column":6},"end":{"line":83,"column":null}},"27":{"start":{"line":84,"column":11},"end":{"line":86,"column":null}},"28":{"start":{"line":85,"column":6},"end":{"line":85,"column":null}},"29":{"start":{"line":88,"column":4},"end":{"line":90,"column":null}},"30":{"start":{"line":89,"column":6},"end":{"line":89,"column":null}},"31":{"start":{"line":92,"column":4},"end":{"line":102,"column":null}},"32":{"start":{"line":93,"column":22},"end":{"line":93,"column":null}},"33":{"start":{"line":94,"column":20},"end":{"line":94,"column":null}},"34":{"start":{"line":95,"column":6},"end":{"line":95,"column":null}},"35":{"start":{"line":97,"column":6},"end":{"line":101,"column":null}},"36":{"start":{"line":98,"column":8},"end":{"line":98,"column":null}},"37":{"start":{"line":99,"column":13},"end":{"line":101,"column":null}},"38":{"start":{"line":100,"column":8},"end":{"line":100,"column":null}},"39":{"start":{"line":104,"column":4},"end":{"line":112,"column":null}},"40":{"start":{"line":105,"column":28},"end":{"line":107,"column":29}},"41":{"start":{"line":109,"column":6},"end":{"line":111,"column":null}},"42":{"start":{"line":110,"column":8},"end":{"line":110,"column":null}},"43":{"start":{"line":114,"column":4},"end":{"line":114,"column":null}},"44":{"start":{"line":115,"column":4},"end":{"line":115,"column":null}},"45":{"start":{"line":118,"column":23},"end":{"line":146,"column":null}},"46":{"start":{"line":119,"column":4},"end":{"line":119,"column":null}},"47":{"start":{"line":121,"column":4},"end":{"line":123,"column":null}},"48":{"start":{"line":122,"column":6},"end":{"line":122,"column":null}},"49":{"start":{"line":125,"column":28},"end":{"line":125,"column":null}},"50":{"start":{"line":126,"column":4},"end":{"line":126,"column":null}},"51":{"start":{"line":126,"column":25},"end":{"line":126,"column":null}},"52":{"start":{"line":128,"column":4},"end":{"line":128,"column":null}},"53":{"start":{"line":130,"column":4},"end":{"line":145,"column":null}},"54":{"start":{"line":131,"column":23},"end":{"line":138,"column":null}},"55":{"start":{"line":140,"column":6},"end":{"line":140,"column":null}},"56":{"start":{"line":142,"column":6},"end":{"line":142,"column":null}},"57":{"start":{"line":144,"column":6},"end":{"line":144,"column":null}},"58":{"start":{"line":148,"column":28},"end":{"line":160,"column":null}},"59":{"start":{"line":149,"column":4},"end":{"line":152,"column":null}},"60":{"start":{"line":149,"column":25},"end":{"line":152,"column":null}},"61":{"start":{"line":154,"column":4},"end":{"line":159,"column":null}},"62":{"start":{"line":155,"column":6},"end":{"line":158,"column":null}},"63":{"start":{"line":155,"column":25},"end":{"line":158,"column":null}},"64":{"start":{"line":162,"column":28},"end":{"line":168,"column":null}},"65":{"start":{"line":163,"column":24},"end":{"line":163,"column":null}},"66":{"start":{"line":164,"column":25},"end":{"line":164,"column":null}},"67":{"start":{"line":165,"column":26},"end":{"line":165,"column":null}},"68":{"start":{"line":167,"column":4},"end":{"line":167,"column":null}},"69":{"start":{"line":180,"column":27},"end":{"line":180,"column":null}},"70":{"start":{"line":203,"column":27},"end":{"line":203,"column":null}},"71":{"start":{"line":228,"column":29},"end":{"line":228,"column":null}},"72":{"start":{"line":246,"column":29},"end":{"line":246,"column":null}},"73":{"start":{"line":267,"column":29},"end":{"line":267,"column":null}},"74":{"start":{"line":288,"column":29},"end":{"line":288,"column":null}},"75":{"start":{"line":294,"column":14},"end":{"line":294,"column":36}}},"fnMap":{"0":{"name":"TaskForm","decl":{"start":{"line":24,"column":16},"end":{"line":24,"column":25}},"loc":{"start":{"line":24,"column":111},"end":{"line":343,"column":null}}},"1":{"name":"(anonymous_2)","decl":{"start":{"line":43,"column":12},"end":{"line":43,"column":null}},"loc":{"start":{"line":43,"column":12},"end":{"line":61,"column":5}}},"2":{"name":"(anonymous_3)","decl":{"start":{"line":63,"column":12},"end":{"line":63,"column":null}},"loc":{"start":{"line":63,"column":12},"end":{"line":77,"column":5}}},"3":{"name":"(anonymous_4)","decl":{"start":{"line":64,"column":23},"end":{"line":64,"column":null}},"loc":{"start":{"line":64,"column":23},"end":{"line":74,"column":null}}},"4":{"name":"(anonymous_5)","decl":{"start":{"line":79,"column":23},"end":{"line":79,"column":null}},"loc":{"start":{"line":79,"column":23},"end":{"line":116,"column":null}}},"5":{"name":"(anonymous_6)","decl":{"start":{"line":118,"column":23},"end":{"line":118,"column":30}},"loc":{"start":{"line":118,"column":30},"end":{"line":146,"column":null}}},"6":{"name":"(anonymous_7)","decl":{"start":{"line":148,"column":28},"end":{"line":148,"column":29}},"loc":{"start":{"line":148,"column":48},"end":{"line":160,"column":null}}},"7":{"name":"(anonymous_8)","decl":{"start":{"line":149,"column":16},"end":{"line":149,"column":25}},"loc":{"start":{"line":149,"column":25},"end":{"line":152,"column":null}}},"8":{"name":"(anonymous_9)","decl":{"start":{"line":155,"column":16},"end":{"line":155,"column":25}},"loc":{"start":{"line":155,"column":25},"end":{"line":158,"column":null}}},"9":{"name":"(anonymous_10)","decl":{"start":{"line":162,"column":28},"end":{"line":162,"column":29}},"loc":{"start":{"line":162,"column":29},"end":{"line":168,"column":null}}},"10":{"name":"(anonymous_11)","decl":{"start":{"line":180,"column":20},"end":{"line":180,"column":21}},"loc":{"start":{"line":180,"column":27},"end":{"line":180,"column":null}}},"11":{"name":"(anonymous_12)","decl":{"start":{"line":203,"column":20},"end":{"line":203,"column":21}},"loc":{"start":{"line":203,"column":27},"end":{"line":203,"column":null}}},"12":{"name":"(anonymous_13)","decl":{"start":{"line":228,"column":22},"end":{"line":228,"column":23}},"loc":{"start":{"line":228,"column":29},"end":{"line":228,"column":null}}},"13":{"name":"(anonymous_14)","decl":{"start":{"line":246,"column":22},"end":{"line":246,"column":23}},"loc":{"start":{"line":246,"column":29},"end":{"line":246,"column":null}}},"14":{"name":"(anonymous_15)","decl":{"start":{"line":267,"column":22},"end":{"line":267,"column":23}},"loc":{"start":{"line":267,"column":29},"end":{"line":267,"column":null}}},"15":{"name":"(anonymous_16)","decl":{"start":{"line":288,"column":22},"end":{"line":288,"column":23}},"loc":{"start":{"line":288,"column":29},"end":{"line":288,"column":null}}},"16":{"name":"(anonymous_17)","decl":{"start":{"line":293,"column":23},"end":{"line":293,"column":24}},"loc":{"start":{"line":294,"column":14},"end":{"line":294,"column":36}}}},"branchMap":{"0":{"loc":{"start":{"line":24,"column":59},"end":{"line":24,"column":74}},"type":"default-arg","locations":[{"start":{"line":24,"column":69},"end":{"line":24,"column":74}}]},"1":{"loc":{"start":{"line":24,"column":76},"end":{"line":24,"column":94}},"type":"default-arg","locations":[{"start":{"line":24,"column":90},"end":{"line":24,"column":94}}]},"2":{"loc":{"start":{"line":44,"column":4},"end":{"line":59,"column":null}},"type":"if","locations":[{"start":{"line":44,"column":4},"end":{"line":59,"column":null}},{"start":{"line":46,"column":11},"end":{"line":59,"column":null}}]},"3":{"loc":{"start":{"line":44,"column":8},"end":{"line":44,"column":33}},"type":"binary-expr","locations":[{"start":{"line":44,"column":8},"end":{"line":44,"column":16}},{"start":{"line":44,"column":16},"end":{"line":44,"column":33}}]},"4":{"loc":{"start":{"line":82,"column":4},"end":{"line":86,"column":null}},"type":"if","locations":[{"start":{"line":82,"column":4},"end":{"line":86,"column":null}},{"start":{"line":84,"column":11},"end":{"line":86,"column":null}}]},"5":{"loc":{"start":{"line":84,"column":11},"end":{"line":86,"column":null}},"type":"if","locations":[{"start":{"line":84,"column":11},"end":{"line":86,"column":null}},{"start":{},"end":{}}]},"6":{"loc":{"start":{"line":88,"column":4},"end":{"line":90,"column":null}},"type":"if","locations":[{"start":{"line":88,"column":4},"end":{"line":90,"column":null}},{"start":{},"end":{}}]},"7":{"loc":{"start":{"line":88,"column":8},"end":{"line":88,"column":67}},"type":"binary-expr","locations":[{"start":{"line":88,"column":8},"end":{"line":88,"column":28}},{"start":{"line":88,"column":32},"end":{"line":88,"column":67}}]},"8":{"loc":{"start":{"line":92,"column":4},"end":{"line":102,"column":null}},"type":"if","locations":[{"start":{"line":92,"column":4},"end":{"line":102,"column":null}},{"start":{},"end":{}}]},"9":{"loc":{"start":{"line":97,"column":6},"end":{"line":101,"column":null}},"type":"if","locations":[{"start":{"line":97,"column":6},"end":{"line":101,"column":null}},{"start":{"line":99,"column":13},"end":{"line":101,"column":null}}]},"10":{"loc":{"start":{"line":99,"column":13},"end":{"line":101,"column":null}},"type":"if","locations":[{"start":{"line":99,"column":13},"end":{"line":101,"column":null}},{"start":{},"end":{}}]},"11":{"loc":{"start":{"line":104,"column":4},"end":{"line":112,"column":null}},"type":"if","locations":[{"start":{"line":104,"column":4},"end":{"line":112,"column":null}},{"start":{},"end":{}}]},"12":{"loc":{"start":{"line":105,"column":28},"end":{"line":107,"column":29}},"type":"cond-expr","locations":[{"start":{"line":106,"column":10},"end":{"line":106,"column":null}},{"start":{"line":107,"column":10},"end":{"line":107,"column":29}}]},"13":{"loc":{"start":{"line":109,"column":6},"end":{"line":111,"column":null}},"type":"if","locations":[{"start":{"line":109,"column":6},"end":{"line":111,"column":null}},{"start":{},"end":{}}]},"14":{"loc":{"start":{"line":109,"column":10},"end":{"line":109,"column":90}},"type":"binary-expr","locations":[{"start":{"line":109,"column":10},"end":{"line":109,"column":34}},{"start":{"line":109,"column":34},"end":{"line":109,"column":70}},{"start":{"line":109,"column":70},"end":{"line":109,"column":90}}]},"15":{"loc":{"start":{"line":121,"column":4},"end":{"line":123,"column":null}},"type":"if","locations":[{"start":{"line":121,"column":4},"end":{"line":123,"column":null}},{"start":{},"end":{}}]},"16":{"loc":{"start":{"line":125,"column":28},"end":{"line":125,"column":null}},"type":"binary-expr","locations":[{"start":{"line":125,"column":28},"end":{"line":125,"column":39}},{"start":{"line":125,"column":39},"end":{"line":125,"column":null}}]},"17":{"loc":{"start":{"line":126,"column":4},"end":{"line":126,"column":null}},"type":"if","locations":[{"start":{"line":126,"column":4},"end":{"line":126,"column":null}},{"start":{},"end":{}}]},"18":{"loc":{"start":{"line":133,"column":21},"end":{"line":133,"column":null}},"type":"binary-expr","locations":[{"start":{"line":133,"column":21},"end":{"line":133,"column":41}},{"start":{"line":133,"column":45},"end":{"line":133,"column":null}}]},"19":{"loc":{"start":{"line":136,"column":17},"end":{"line":136,"column":null}},"type":"binary-expr","locations":[{"start":{"line":136,"column":17},"end":{"line":136,"column":33}},{"start":{"line":136,"column":37},"end":{"line":136,"column":null}}]},"20":{"loc":{"start":{"line":137,"column":20},"end":{"line":137,"column":null}},"type":"binary-expr","locations":[{"start":{"line":137,"column":20},"end":{"line":137,"column":39}},{"start":{"line":137,"column":43},"end":{"line":137,"column":null}}]},"21":{"loc":{"start":{"line":154,"column":4},"end":{"line":159,"column":null}},"type":"if","locations":[{"start":{"line":154,"column":4},"end":{"line":159,"column":null}},{"start":{},"end":{}}]
[...]
,"C:\\wamp64\\www\\newway\\case-task-manager\\case-task-manager-front\\src\\lib\\auth.ts": {"path":"C:\\wamp64\\www\\newway\\case-task-manager\\case-task-manager-front\\src\\lib\\auth.ts","statementMap":{"0":{"start":{"line":28,"column":13},"end":{"line":28,"column":27}},"1":{"start":{"line":76,"column":13},"end":{"line":76,"column":30}},"2":{"start":{"line":10,"column":13},"end":{"line":10,"column":24}},"3":{"start":{"line":59,"column":13},"end":{"line":59,"column":32}},"4":{"start":{"line":4,"column":13},"end":{"line":4,"column":31}},"5":{"start":{"line":46,"column":13},"end":{"line":46,"column":30}},"6":{"start":{"line":93,"column":13},"end":{"line":93,"column":35}},"7":{"start":{"line":87,"column":13},"end":{"line":87,"column":31}},"8":{"start":{"line":21,"column":13},"end":{"line":21,"column":27}},"9":{"start":{"line":100,"column":13},"end":{"line":100,"column":27}},"10":{"start":{"line":110,"column":13},"end":{"line":110,"column":28}},"11":{"start":{"line":15,"column":13},"end":{"line":15,"column":24}},"12":{"start":{"line":4,"column":31},"end":{"line":8,"column":null}},"13":{"start":{"line":5,"column":2},"end":{"line":5,"column":null}},"14":{"start":{"line":5,"column":37},"end":{"line":5,"column":null}},"15":{"start":{"line":6,"column":16},"end":{"line":6,"column":null}},"16":{"start":{"line":7,"column":2},"end":{"line":7,"column":null}},"17":{"start":{"line":10,"column":24},"end":{"line":13,"column":null}},"18":{"start":{"line":11,"column":2},"end":{"line":11,"column":null}},"19":{"start":{"line":11,"column":37},"end":{"line":11,"column":null}},"20":{"start":{"line":12,"column":2},"end":{"line":12,"column":null}},"21":{"start":{"line":15,"column":24},"end":{"line":19,"column":null}},"22":{"start":{"line":16,"column":2},"end":{"line":18,"column":null}},"23":{"start":{"line":17,"column":4},"end":{"line":17,"column":null}},"24":{"start":{"line":21,"column":27},"end":{"line":25,"column":null}},"25":{"start":{"line":22,"column":2},"end":{"line":24,"column":null}},"26":{"start":{"line":23,"column":4},"end":{"line":23,"column":null}},"27":{"start":{"line":28,"column":27},"end":{"line":43,"column":null}},"28":{"start":{"line":29,"column":2},"end":{"line":42,"column":null}},"29":{"start":{"line":30,"column":22},"end":{"line":30,"column":41}},"30":{"start":{"line":31,"column":19},"end":{"line":31,"column":null}},"31":{"start":{"line":32,"column":24},"end":{"line":36,"column":null}},"32":{"start":{"line":35,"column":20},"end":{"line":35,"column":null}},"33":{"start":{"line":38,"column":4},"end":{"line":38,"column":null}},"34":{"start":{"line":40,"column":4},"end":{"line":40,"column":null}},"35":{"start":{"line":41,"column":4},"end":{"line":41,"column":null}},"36":{"start":{"line":46,"column":30},"end":{"line":56,"column":null}},"37":{"start":{"line":47,"column":2},"end":{"line":55,"column":null}},"38":{"start":{"line":48,"column":20},"end":{"line":48,"column":null}},"39":{"start":{"line":49,"column":4},"end":{"line":49,"column":null}},"40":{"start":{"line":49,"column":34},"end":{"line":49,"column":null}},"41":{"start":{"line":51,"column":24},"end":{"line":51,"column":null}},"42":{"start":{"line":52,"column":4},"end":{"line":52,"column":null}},"43":{"start":{"line":54,"column":4},"end":{"line":54,"column":null}},"44":{"start":{"line":59,"column":32},"end":{"line":73,"column":null}},"45":{"start":{"line":60,"column":2},"end":{"line":72,"column":null}},"46":{"start":{"line":61,"column":20},"end":{"line":61,"column":null}},"47":{"start":{"line":62,"column":4},"end":{"line":62,"column":null}},"48":{"start":{"line":62,"column":18},"end":{"line":62,"column":null}},"49":{"start":{"line":64,"column":4},"end":{"line":68,"column":null}},"50":{"start":{"line":70,"column":4},"end":{"line":70,"column":null}},"51":{"start":{"line":71,"column":4},"end":{"line":71,"column":null}},"52":{"start":{"line":76,"column":30},"end":{"line":84,"column":null}},"53":{"start":{"line":77,"column":16},"end":{"line":77,"column":null}},"54":{"start":{"line":78,"column":2},"end":{"line":81,"column":null}},"55":{"start":{"line":79,"column":4},"end":{"line":79,"column":null}},"56":{"start":{"line":80,"column":4},"end":{"line":80,"column":null}},"57":{"start":{"line":83,"column":2},"end":{"line":83,"column":null}},"58":{"start":{"line":87,"column":31},"end":{"line":91,"column":null}},"59":{"start":{"line":88,"column":2},"end":{"line":90,"column":null}},"60":{"start":{"line":89,"column":4},"end":{"line":89,"column":null}},"61":{"start":{"line":93,"column":35},"end":{"line":97,"column":null}},"62":{"start":{"line":94,"column":2},"end":{"line":96,"column":null}},"63":{"start":{"line":95,"column":4},"end":{"line":95,"column":null}},"64":{"start":{"line":100,"column":27},"end":{"line":107,"column":null}},"65":{"start":{"line":101,"column":24},"end":{"line":101,"column":null}},"66":{"start":{"line":102,"column":2},"end":{"line":105,"column":null}},"67":{"start":{"line":103,"column":4},"end":{"line":103,"column":null}},"68":{"start":{"line":104,"column":4},"end":{"line":104,"column":null}},"69":{"start":{"line":106,"column":2},"end":{"line":106,"column":null}},"70":{"start":{"line":110,"column":28},"end":{"line":117,"column":null}},"71":{"start":{"line":111,"column":24},"end":{"line":111,"column":null}},"72":{"start":{"line":112,"column":2},"end":{"line":115,"column":null}},"73":{"start":{"line":113,"column":4},"end":{"line":113,"column":null}},"74":{"start":{"line":114,"column":4},"end":{"line":114,"column":null}},"75":{"start":{"line":116,"column":2},"end":{"line":116,"column":null}}},"fnMap":{"0":{"name":"(anonymous_13)","decl":{"start":{"line":4,"column":31},"end":{"line":4,"column":null}},"loc":{"start":{"line":4,"column":31},"end":{"line":8,"column":null}}},"1":{"name":"(anonymous_14)","decl":{"start":{"line":10,"column":24},"end":{"line":10,"column":null}},"loc":{"start":{"line":10,"column":24},"end":{"line":13,"column":null}}},"2":{"name":"(anonymous_15)","decl":{"start":{"line":15,"column":24},"end":{"line":15,"column":25}},"loc":{"start":{"line":15,"column":25},"end":{"line":19,"column":null}}},"3":{"name":"(anonymous_16)","decl":{"start":{"line":21,"column":27},"end":{"line":21,"column":null}},"loc":{"start":{"line":21,"column":27},"end":{"line":25,"column":null}}},"4":{"name":"(anonymous_17)","decl":{"start":{"line":28,"column":27},"end":{"line":28,"column":28}},"loc":{"start":{"line":28,"column":28},"end":{"line":43,"column":null}}},"5":{"name":"(anonymous_18)","decl":{"start":{"line":35,"column":13},"end":{"line":35,"column":14}},"loc":{"start":{"line":35,"column":20},"end":{"line":35,"column":null}}},"6":{"name":"(anonymous_19)","decl":{"start":{"line":46,"column":30},"end":{"line":46,"column":31}},"loc":{"start":{"line":46,"column":31},"end":{"line":56,"column":null}}},"7":{"name":"(anonymous_20)","decl":{"start":{"line":59,"column":32},"end":{"line":59,"column":33}},"loc":{"start":{"line":59,"column":33},"end":{"line":73,"column":null}}},"8":{"name":"(anonymous_21)","decl":{"start":{"line":76,"column":30},"end":{"line":76,"column":null}},"loc":{"start":{"line":76,"column":30},"end":{"line":84,"column":null}}},"9":{"name":"(anonymous_22)","decl":{"start":{"line":87,"column":31},"end":{"line":87,"column":null}},"loc":{"start":{"line":87,"column":31},"end":{"line":91,"column":null}}},"10":{"name":"(anonymous_23)","decl":{"start":{"line":93,"column":35},"end":{"line":93,"column":null}},"loc":{"start":{"line":93,"column":35},"end":{"line":97,"column":null}}},"11":{"name":"(anonymous_24)","decl":{"start":{"line":100,"column":27},"end":{"line":100,"column":null}},"loc":{"start":{"line":100,"column":27},"end":{"line":107,"column":null}}},"12":{"name":"(anonymous_25)","decl":{"start":{"line":110,"column":28},"end":{"line":110,"column":null}},"loc":{"start":{"line":110,"column":28},"end":{"line":117,"column":null}}}},"branchMap":{"0":{"loc":{"start":{"line":5,"column":2},"end":{"line":5,"column":null}},"type":"if","locations":[{"start":{"line":5,"column":2},"end":{"line":5,"column":null}},{"start":{},"end":{}}]},"1":{"loc":{"start":{"line":11,"column":2},"end":{"line":11,"column":null}},"type":"if","locations":[{"start":{"line":11,"column":2},"end":{"line":11,"column":null}},{"start":{},"end":{}}]},"2":{"loc":{"start":{"line":16,"column":2},"end":{"line":18,"column":null}},"type":"if","locations":[{"start":{"line":16,"column":2},"end":{"line":18,"column":null}},{"start":{},"end":{}}]},"3":{"loc":{"start":{"line":22,"column":2},"end":{"line":24,"column":null}},"type":"if","locations":[{"start":{"line":22,"column":2},"end":{"line":24,"column":null}},{"start":{},"end":{}}]},"4":{"loc":{"start":{"line":49,"column":4},"end":{"line":49,"column":null}},"type":"if","locations":[{"start":{"line":49,"column":4},"end":{"line":49,"column":null}},{"start":{},"end":{}}]},"5":{"loc":{"start":{"line":49,"column":8},"end":{"line":49,"column":32}},"type":"binary-expr","locations":[{"start":{"line":49,"column":8},"end":{"line":49,"column":20}},{"start":{"line":49,"column":20},"end":{"line":49,"column":32}}]},"6":{"loc":{"start":{"line":62,"column":4},"end":{"line":62,"column":null}},"type":"if","locations":[{"start":{"line":62,"column":4},"end":{"line":62,"column":null}},{"start":{},"end":{}}]},"7":{"loc":{"start":{"line":65,"column":10},"end":{"line":65,"column":35}},"type":"binary-expr","locations":[{"start":{"line":65,"column":10},"end":{"line":65,"column":20}},{"start":{"line":65,"column":24},"end":{"line":65,"column":35}}]},"8":{"loc":{"start":{"line":78,"column":2},"end":{"line":81,"column":null}},"type":"if","locations":[{"start":{"line":78,"column":2},"end":{"line":81,"column":null}},{"start":{},"end":{}}]},"9":{"loc":{"start":{"line":78,"column":6},"end":{"line":78,"column":39}},"type":"binary-expr","locations":[{"start":{"line":78,"column":6},"end":{"line":78,"column":16}},{"start":{"line":78,"column":16},"end":{"line":78,"column":39}}]},"10":{"loc":{"start":{"line":88,"column":2},"end":{"line":90,"column":null}},"type":"if","locations":[{"start":{"line":88,"column":2},"end":{"line":90,"column":null}},{"start":{},"end":{}}]},"11":{"loc":{"start":{"line":94,"column":2},"end":{"line":96,"column":null}},"type":"if","locations":[{"start":{"line":94,"column":2},"end":{"line":96,"column":null}},{"start":{},"end":{}}]},"12":{"loc":{"start":{"line":102,"column":2},"end":{"line":105,"column":null}},"type":"if","locations":[{"start":{"line":102,"column":2},"end":{"line":105,"column":null}},{"start":{},"end":{}}]},"13":{"loc":{"start":{"line":112,"column":2},"end":{"line":115,"column":null}},"type":"if","locations":[{"start":{"line":112,"column":2},"end":{"line":115,"column":null}},{"start":{},"end":{}}]}},"s":{"0":1,"1":1,"2":1,"3":1,"4":5,"5":1,"6":1,"7":1,"8":2,"9":1,"10":1,"11":2,"12":1,"13":7,"14":0,"15":7,"16":7,"17":1,"18":6,"19":0,"20":6,"21":1,"22":2,"23":2,"24":1,"25":4,"26":4,"27":1,"28":13,"29":13,"30":13,"31":10,"32":424,"33":9,"34":4,"35":4,"36":1,"37":6,"38":6,"39":6,"40":2,"41":4,"42":4,"43":0,"44":1,"45":4,"46":4,"47":4,"48":1,"49":3,"50":0,"51":0,"52":1,"53":3,"54":3,"55":2,"56":2,"57":1,"58":1,"59":0,"60":0,"61":1,"62":0,"63":0,"64":1,"65":0,"66":0,"67":0,"68":0,"69":0,"70":1,"71":0,"72":0,"73":0,"74":0,"75":0},"f":{"0":7,"1":6,"2":2,"3":4,"4":13,"5":424,"6":6,"7":4,"8":3,"9":0,"10":0,"11":0,"12":0},"b":{"0":[0,7],"1":[0,6],"2":[2,0],"3":[4,0],"4":[2,4],"5":[6,5],"6":[1,3],"7":[3,1],"8":[2,1],"9":[3,2],"10":[0,0],"11":[0,0],"12":[0,0],"13":[0,0]}}
,"C:\\wamp64\\www\\newway\\case-task-manager\\case-task-manager-front\\src\\lib\\utils.ts": {"path":"C:\\wamp64\\www\\newway\\case-task-manager\\case-task-manager-front\\src\\lib\\utils.ts","statementMap":{"0":{"start":{"line":4,"column":16},"end":{"line":4,"column":19}},"1":{"start":{"line":15,"column":16},"end":{"line":15,"column":29}},"2":{"start":{"line":1,"column":38},"end":{"line":1,"column":null}},"3":{"start":{"line":2,"column":24},"end":{"line":2,"column":null}},"4":{"start":{"line":5,"column":2},"end":{"line":5,"column":null}},"5":{"start":{"line":16,"column":2},"end":{"line":18,"column":null}},"6":{"start":{"line":17,"column":4},"end":{"line":17,"column":null}},"7":{"start":{"line":20,"column":2},"end":{"line":84,"column":null}},"8":{"start":{"line":22,"column":22},"end":{"line":22,"column":null}},"9":{"start":{"line":23,"column":4},"end":{"line":41,"column":null}},"10":{"start":{"line":24,"column":35},"end":{"line":24,"column":null}},"11":{"start":{"line":26,"column":22},"end":{"line":26,"column":null}},"12":{"start":{"line":27,"column":23},"end":{"line":27,"column":null}},"13":{"start":{"line":28,"column":21},"end":{"line":28,"column":null}},"14":{"start":{"line":31,"column":6},"end":{"line":39,"column":null}},"15":{"start":{"line":33,"column":21},"end":{"line":33,"column":null}},"16":{"start":{"line":34,"column":8},"end":{"line":38,"column":null}},"17":{"start":{"line":37,"column":10},"end":{"line":37,"column":null}},"18":{"start":{"line":40,"column":6},"end":{"line":40,"column":null}},"19":{"start":{"line":44,"column":21},"end":{"line":44,"column":null}},"20":{"start":{"line":45,"column":4},"end":{"line":60,"column":null}},"21":{"start":{"line":46,"column":35},"end":{"line":46,"column":null}},"22":{"start":{"line":47,"column":22},"end":{"line":47,"column":null}},"23":{"start":{"line":48,"column":23},"end":{"line":48,"column":null}},"24":{"start":{"line":49,"column":21},"end":{"line":49,"column":null}},"25":{"start":{"line":51,"column":6},"end":{"line":58,"column":null}},"26":{"start":{"line":52,"column":21},"end":{"line":52,"column":null}},"27":{"start":{"line":53,"column":8},"end":{"line":57,"column":null}},"28":{"start":{"line":56,"column":10},"end":{"line":56,"column":null}},"29":{"start":{"line":59,"column":6},"end":{"line":59,"column":null}},"30":{"start":{"line":63,"column":4},"end":{"line":65,"column":null}},"31":{"start":{"line":64,"column":6},"end":{"line":64,"column":null}},"32":{"start":{"line":69,"column":17},"end":{"line":69,"column":null}},"33":{"start":{"line":72,"column":4},"end":{"line":74,"column":null}},"34":{"start":{"line":73,"column":6},"end":{"line":73,"column":null}},"35":{"start":{"line":77,"column":16},"end":{"line":77,"column":null}},"36":{"start":{"line":78,"column":18},"end":{"line":78,"column":null}},"37":{"start":{"line":79,"column":17},"end":{"line":79,"column":null}},"38":{"start":{"line":81,"column":4},"end":{"line":81,"column":null}},"39":{"start":{"line":83,"column":4},"end":{"line":83,"column":null}}},"fnMap":{"0":{"name":"cn","decl":{"start":{"line":4,"column":16},"end":{"line":4,"column":19}},"loc":{"start":{"line":4,"column":42},"end":{"line":6,"column":null}}},"1":{"name":"formatDateBR","decl":{"start":{"line":15,"column":16},"end":{"line":15,"column":29}},"loc":{"start":{"line":15,"column":66},"end":{"line":85,"column":null}}}},"branchMap":{"0":{"loc":{"start":{"line":16,"column":2},"end":{"line":18,"column":null}},"type":"if","locations":[{"start":{"line":16,"column":2},"end":{"line":18,"column":null}},{"start":{},"end":{}}]},"1":{"loc":{"start":{"line":23,"column":4},"end":{"line":41,"column":null}},"type":"if","locations":[{"start":{"line":23,"column":4},"end":{"line":41,"column":null}},{"start":{},"end":{}}]},"2":{"loc":{"start":{"line":31,"column":6},"end":{"line":39,"column":null}},"type":"if","locations":[{"start":{"line":31,"column":6},"end":{"line":39,"column":null}},{"start":{},"end":{}}]},"3":{"loc":{"start":{"line":31,"column":10},"end":{"line":31,"column":89}},"type":"binary-expr","locations":[{"start":{"line":31,"column":10},"end":{"line":31,"column":25}},{"start":{"line":31,"column":25},"end":{"line":31,"column":42}},{"start":{"line":31,"column":42},"end":{"line":31,"column":60}},{"start":{"line":31,"column":60},"end":{"line":31,"column":75}},{"start":{"line":31,"column":75},"end":{"line":31,"column":89}}]},"4":{"loc":{"start":{"line":34,"column":8},"end":{"line":38,"column":null}},"type":"if","locations":[{"start":{"line":34,"column":8},"end":{"line":38,"column":null}},{"start":{},"end":{}}]},"5":{"loc":{"start":{"line":34,"column":12},"end":{"line":36,"column":39}},"type":"binary-expr","locations":[{"start":{"line":34,"column":12},"end":{"line":34,"column":null}},{"start":{"line":35,"column":12},"end":{"line":35,"column":null}},{"start":{"line":36,"column":12},"end":{"line":36,"column":39}}]},"6":{"loc":{"start":{"line":45,"column":4},"end":{"line":60,"column":null}},"type":"if","locations":[{"start":{"line":45,"column":4},"end":{"line":60,"column":null}},{"start":{},"end":{}}]},"7":{"loc":{"start":{"line":51,"column":6},"end":{"line":58,"column":null}},"type":"if","locations":[{"start":{"line":51,"column":6},"end":{"line":58,"column":null}},{"start":{},"end":{}}]},"8":{"loc":{"start":{"line":51,"column":10},"end":{"line":51,"column":89}},"type":"binary-expr","locations":[{"start":{"line":51,"column":10},"end":{"line":51,"column":25}},{"start":{"line":51,"column":25},"end":{"line":51,"column":42}},{"start":{"line":51,"column":42},"end":{"line":51,"column":60}},{"start":{"line":51,"column":60},"end":{"line":51,"column":75}},{"start":{"line":51,"column":75},"end":{"line":51,"column":89}}]},"9":{"loc":{"start":{"line":53,"column":8},"end":{"line":57,"column":null}},"type":"if","locations":[{"start":{"line":53,"column":8},"end":{"line":57,"column":null}},{"start":{},"end":{}}]},"10":{"loc":{"start":{"line":53,"column":12},"end":{"line":55,"column":39}},"type":"binary-expr","locations":[{"start":{"line":53,"column":12},"end":{"line":53,"column":null}},{"start":{"line":54,"column":12},"end":{"line":54,"column":null}},{"start":{"line":55,"column":12},"end":{"line":55,"column":39}}]},"11":{"loc":{"start":{"line":63,"column":4},"end":{"line":65,"column":null}},"type":"if","locations":[{"start":{"line":63,"column":4},"end":{"line":65,"column":null}},{"start":{},"end":{}}]},"12":{"loc":{"start":{"line":63,"column":8},"end":{"line":63,"column":74}},"type":"binary-expr","locations":[{"start":{"line":63,"column":8},"end":{"line":63,"column":45}},{"start":{"line":63,"column":45},"end":{"line":63,"column":74}}]},"13":{"loc":{"start":{"line":72,"column":4},"end":{"line":74,"column":null}},"type":"if","locations":[{"start":{"line":72,"column":4},"end":{"line":74,"column":null}},{"start":{},"end":{}}]}},"s":{"0":187,"1":39,"2":7,"3":7,"4":187,"5":39,"6":3,"7":36,"8":36,"9":36,"10":29,"11":29,"12":29,"13":29,"14":29,"15":25,"16":25,"17":22,"18":7,"19":7,"20":7,"21":1,"22":1,"23":1,"24":1,"25":1,"26":1,"27":1,"28":1,"29":0,"30":6,"31":1,"32":5,"33":5,"34":5,"35":0,"36":0,"37":0,"38":0,"39":0},"f":{"0":187,"1":39},"b":{"0":[3,36],"1":[29,7],"2":[25,4],"3":[29,28,28,26,26],"4":[22,3],"5":[25,24,22],"6":[1,6],"7":[1,0],"8":[1,1,1,1,1],"9":[1,0],"10":[1,1,1],"11":[1,5],"12":[6,5],"13":[5,0]}}
}
