TN:
SF:src\app\page.tsx
FN:8,HomePage
FN:12,(anonymous_2)
FNF:2
FNH:0
FNDA:0,HomePage
FNDA:0,(anonymous_2)
DA:3,0
DA:4,0
DA:5,0
DA:6,0
DA:8,0
DA:9,0
DA:10,0
DA:12,0
DA:13,0
DA:14,0
DA:15,0
DA:17,0
DA:22,0
DA:33,0
LF:14
LH:0
BRDA:13,0,0,0
BRDA:13,0,1,0
BRDA:14,1,0,0
BRDA:14,1,1,0
BRDA:22,2,0,0
BRDA:22,2,1,0
BRF:6
BRH:0
end_of_record
TN:
SF:src\app\(auth)\login\page.tsx
FN:12,LoginPage
FN:17,(anonymous_3)
FN:27,(anonymous_4)
FN:49,(anonymous_5)
FNF:4
FNH:4
FNDA:23,LoginPage
FNDA:4,(anonymous_3)
FNDA:3,(anonymous_4)
FNDA:1,(anonymous_5)
DA:3,2
DA:4,2
DA:5,2
DA:6,2
DA:7,2
DA:8,2
DA:9,2
DA:12,14
DA:13,23
DA:14,23
DA:15,23
DA:17,23
DA:18,4
DA:19,4
DA:20,4
DA:22,4
DA:24,3
DA:27,3
DA:28,3
DA:31,1
DA:49,1
LF:21
LH:21
BRDA:38,0,0,23
BRDA:46,1,0,23
BRF:2
BRH:2
end_of_record
TN:
SF:src\app\(auth)\register\page.tsx
FN:12,RegisterPage
FN:17,(anonymous_3)
FN:27,(anonymous_4)
FN:49,(anonymous_5)
FNF:4
FNH:4
FNDA:26,RegisterPage
FNDA:5,(anonymous_3)
FNDA:4,(anonymous_4)
FNDA:1,(anonymous_5)
DA:3,2
DA:4,2
DA:5,2
DA:6,2
DA:7,2
DA:8,2
DA:9,2
DA:12,15
DA:13,26
DA:14,26
DA:15,26
DA:17,26
DA:18,5
DA:19,5
DA:20,5
DA:22,5
DA:24,4
DA:27,4
DA:28,4
DA:31,1
DA:49,1
LF:21
LH:21
BRDA:38,0,0,26
BRDA:46,1,0,26
BRF:2
BRH:2
end_of_record
TN:
SF:src\app\(authenticated)\dashboard\page.tsx
FN:14,DashboardPage
FN:30,(anonymous_2)
FN:34,(anonymous_3)
FN:38,(anonymous_4)
FN:52,(anonymous_5)
FN:56,(anonymous_6)
FN:63,(anonymous_7)
FN:67,(anonymous_8)
FN:73,(anonymous_9)
FN:78,(anonymous_10)
FN:84,(anonymous_11)
FN:90,(anonymous_12)
FN:96,(anonymous_13)
FN:114,(anonymous_14)
FN:120,(anonymous_15)
FN:130,(anonymous_16)
FN:143,(anonymous_17)
FN:156,(anonymous_18)
FN:169,(anonymous_19)
FN:173,(anonymous_20)
FN:186,(anonymous_21)
FN:232,(anonymous_22)
FN:238,(anonymous_23)
FN:253,(anonymous_24)
FN:263,(anonymous_25)
FN:277,(anonymous_26)
FN:291,(anonymous_27)
FN:302,(anonymous_28)
FN:310,(anonymous_29)
FN:317,(anonymous_30)
FN:382,(anonymous_31)
FN:394,(anonymous_32)
FNF:32
FNH:18
FNDA:143,DashboardPage
FNDA:16,(anonymous_2)
FNDA:31,(anonymous_3)
FNDA:16,(anonymous_4)
FNDA:31,(anonymous_5)
FNDA:2,(anonymous_6)
FNDA:0,(anonymous_7)
FNDA:0,(anonymous_8)
FNDA:4,(anonymous_9)
FNDA:0,(anonymous_10)
FNDA:0,(anonymous_11)
FNDA:2,(anonymous_12)
FNDA:0,(anonymous_13)
FNDA:0,(anonymous_14)
FNDA:0,(anonymous_15)
FNDA:35,(anonymous_16)
FNDA:35,(anonymous_17)
FNDA:35,(anonymous_18)
FNDA:35,(anonymous_19)
FNDA:35,(anonymous_20)
FNDA:35,(anonymous_21)
FNDA:1,(anonymous_22)
FNDA:0,(anonymous_23)
FNDA:1,(anonymous_24)
FNDA:0,(anonymous_25)
FNDA:0,(anonymous_26)
FNDA:35,(anonymous_27)
FNDA:0,(anonymous_28)
FNDA:0,(anonymous_29)
FNDA:0,(anonymous_30)
FNDA:1,(anonymous_31)
FNDA:0,(anonymous_32)
DA:3,4
DA:4,4
DA:5,4
DA:6,4
DA:7,4
DA:8,4
DA:9,4
DA:10,4
DA:12,4
DA:14,53
DA:15,143
DA:16,140
DA:17,140
DA:18,140
DA:19,140
DA:20,140
DA:21,140
DA:22,140
DA:23,140
DA:24,140
DA:25,140
DA:26,140
DA:27,140
DA:28,140
DA:30,140
DA:31,16
DA:34,140
DA:35,31
DA:38,140
DA:39,16
DA:40,16
DA:41,16
DA:42,16
DA:43,14
DA:45,2
DA:46,2
DA:48,16
DA:52,140
DA:53,31
DA:55,31
DA:56,1
DA:57,2
DA:62,31
DA:63,0
DA:66,31
DA:67,0
DA:70,31
DA:73,140
DA:74,4
DA:75,4
DA:78,140
DA:79,0
DA:80,0
DA:81,0
DA:84,140
DA:85,0
DA:86,0
DA:87,0
DA:90,140
DA:91,2
DA:92,2
DA:94,2
DA:95,0
DA:96,0
DA:97,0
DA:99,0
DA:101,2
DA:102,1
DA:103,1
DA:106,1
DA:107,1
DA:109,1
DA:110,1
DA:114,140
DA:115,0
DA:117,0
DA:118,0
DA:119,0
DA:120,0
DA:121,0
DA:122,0
DA:123,0
DA:125,0
DA:126,0
DA:130,140
DA:131,35
DA:133,18
DA:135,0
DA:137,17
DA:139,0
DA:143,140
DA:144,35
DA:146,0
DA:148,17
DA:150,18
DA:152,0
DA:156,140
DA:157,35
DA:169,140
DA:170,35
DA:173,140
DA:174,35
DA:176,18
DA:178,0
DA:180,17
DA:182,0
DA:186,140
DA:187,35
DA:189,0
DA:191,17
DA:193,18
DA:195,0
DA:199,140
DA:232,1
DA:238,0
DA:253,1
DA:263,0
DA:277,0
DA:292,35
DA:302,0
DA:310,0
DA:317,0
DA:383,1
DA:384,1
DA:395,0
DA:396,0
LF:126
LH:88
BRDA:55,0,0,1
BRDA:55,0,1,30
BRDA:57,1,0,2
BRDA:57,1,1,1
BRDA:62,2,0,0
BRDA:62,2,1,31
BRDA:66,3,0,0
BRDA:66,3,1,31
BRDA:94,4,0,0
BRDA:94,4,1,2
BRDA:97,5,0,0
BRDA:97,5,1,0
BRDA:115,6,0,0
BRDA:115,6,1,0
BRDA:131,7,0,18
BRDA:131,7,1,0
BRDA:131,7,2,17
BRDA:131,7,3,0
BRDA:144,8,0,0
BRDA:144,8,1,17
BRDA:144,8,2,18
BRDA:144,8,3,0
BRDA:174,9,0,18
BRDA:174,9,1,0
BRDA:174,9,2,17
BRDA:174,9,3,0
BRDA:187,10,0,0
BRDA:187,10,1,17
BRDA:187,10,2,18
BRDA:187,10,3,0
BRDA:199,11,0,106
BRDA:199,11,1,34
BRDA:229,12,0,34
BRDA:235,13,0,34
BRDA:302,14,0,0
BRDA:302,14,1,0
BRDA:307,15,0,35
BRDA:343,16,0,35
BRDA:354,17,0,34
BRDA:354,17,1,16
BRDA:363,18,0,0
BRDA:363,18,1,16
BRDA:363,19,0,16
BRDA:363,19,1,16
BRDA:363,19,2,16
BRDA:367,20,0,16
BRDA:367,20,1,16
BRDA:367,20,2,16
BRDA:388,21,0,0
BRDA:388,21,1,34
BRDA:399,22,0,34
BRDA:399,22,1,34
BRF:52
BRH:33
end_of_record
TN:
SF:src\app\(authenticated)\profile\page.tsx
FN:29,ProfilePage
FN:53,(anonymous_2)
FN:68,(anonymous_3)
FN:85,(anonymous_4)
FN:91,(anonymous_5)
FN:99,(anonymous_6)
FN:137,(anonymous_7)
FN:138,(anonymous_8)
FN:140,(anonymous_9)
FN:148,(anonymous_10)
FN:168,(anonymous_11)
FN:176,(anonymous_12)
FN:239,(anonymous_13)
FN:255,(anonymous_14)
FN:271,(anonymous_15)
FN:287,(anonymous_16)
FN:303,(anonymous_17)
FN:320,(anonymous_18)
FNF:18
FNH:16
FNDA:98,ProfilePage
FNDA:15,(anonymous_2)
FNDA:8,(anonymous_3)
FNDA:11,(anonymous_4)
FNDA:1,(anonymous_5)
FNDA:8,(anonymous_6)
FNDA:13,(anonymous_7)
FNDA:13,(anonymous_8)
FNDA:1,(anonymous_9)
FNDA:0,(anonymous_10)
FNDA:1,(anonymous_11)
FNDA:0,(anonymous_12)
FNDA:6,(anonymous_13)
FNDA:3,(anonymous_14)
FNDA:1,(anonymous_15)
FNDA:1,(anonymous_16)
FNDA:1,(anonymous_17)
FNDA:1,(anonymous_18)
DA:3,2
DA:4,2
DA:5,2
DA:6,2
DA:7,2
DA:8,2
DA:9,2
DA:29,31
DA:30,98
DA:31,97
DA:39,97
DA:47,97
DA:48,97
DA:49,97
DA:50,97
DA:51,97
DA:53,97
DA:54,15
DA:55,14
DA:63,14
DA:64,14
DA:68,97
DA:69,8
DA:71,8
DA:72,2
DA:75,8
DA:76,1
DA:77,7
DA:78,1
DA:81,8
DA:82,8
DA:85,97
DA:86,11
DA:87,11
DA:88,11
DA:91,97
DA:92,1
DA:93,1
DA:94,1
DA:95,1
DA:96,1
DA:99,97
DA:100,8
DA:101,3
DA:104,5
DA:105,5
DA:106,5
DA:108,5
DA:109,5
DA:110,4
DA:118,1
DA:119,1
DA:120,1
DA:121,1
DA:123,1
DA:125,1
DA:127,1
DA:130,3
DA:131,3
DA:133,4
DA:137,97
DA:138,13
DA:139,13
DA:140,1
DA:141,1
DA:142,1
DA:143,1
DA:148,97
DA:149,0
DA:150,0
DA:151,0
DA:153,0
DA:168,1
DA:176,0
DA:239,6
DA:255,3
DA:271,1
DA:287,1
DA:303,1
DA:320,1
LF:80
LH:75
BRDA:54,0,0,14
BRDA:54,0,1,1
BRDA:56,1,0,14
BRDA:56,1,1,0
BRDA:57,2,0,14
BRDA:57,2,1,0
BRDA:58,3,0,14
BRDA:58,3,1,1
BRDA:59,4,0,14
BRDA:59,4,1,1
BRDA:60,5,0,14
BRDA:60,5,1,1
BRDA:61,6,0,14
BRDA:61,6,1,1
BRDA:71,7,0,2
BRDA:71,7,1,6
BRDA:75,8,0,1
BRDA:75,8,1,7
BRDA:77,9,0,1
BRDA:77,9,1,6
BRDA:100,10,0,3
BRDA:100,10,1,5
BRDA:109,11,0,4
BRDA:109,11,1,1
BRDA:139,12,0,1
BRDA:139,12,1,12
BRDA:153,13,0,0
BRDA:153,13,1,0
BRDA:160,14,0,33
BRDA:165,15,0,64
BRDA:173,16,0,64
BRDA:185,17,0,30
BRDA:209,18,0,4
BRDA:236,19,0,34
BRDA:252,20,0,34
BRDA:268,21,0,34
BRDA:284,22,0,34
BRDA:301,23,0,34
BRDA:317,24,0,34
BRF:39
BRH:35
end_of_record
TN:
SF:src\components\ClientDateFormatter.tsx
FN:10,ClientDateFormatter
FN:14,(anonymous_2)
FNF:2
FNH:2
FNDA:48,ClientDateFormatter
FNDA:24,(anonymous_2)
DA:3,1
DA:10,24
DA:11,48
DA:12,48
DA:14,48
DA:15,24
DA:17,24
DA:18,3
DA:19,3
DA:22,21
DA:23,21
DA:24,21
DA:25,14
DA:26,14
DA:27,14
DA:28,14
DA:30,14
DA:31,10
DA:32,10
DA:36,11
DA:38,11
DA:39,8
DA:40,8
DA:43,3
DA:44,3
DA:45,3
DA:47,3
DA:49,0
DA:50,0
DA:54,48
LF:30
LH:28
BRDA:17,0,0,3
BRDA:17,0,1,21
BRDA:24,1,0,14
BRDA:24,1,1,7
BRDA:30,2,0,10
BRDA:30,2,1,4
BRDA:30,3,0,14
BRDA:30,3,1,13
BRDA:30,3,2,13
BRDA:30,3,3,11
BRDA:30,3,4,11
BRDA:38,4,0,8
BRDA:38,4,1,3
BRDA:54,5,0,24
BRDA:54,5,1,24
BRF:15
BRH:15
end_of_record
TN:
SF:src\components\forms\LoginForm.tsx
FN:17,LoginForm
FN:25,(anonymous_2)
FN:42,(anonymous_3)
FN:56,(anonymous_4)
FN:58,(anonymous_5)
FN:64,(anonymous_6)
FN:115,(anonymous_7)
FNF:7
FNH:3
FNDA:9,LoginForm
FNDA:1,(anonymous_2)
FNDA:1,(anonymous_3)
FNDA:0,(anonymous_4)
FNDA:0,(anonymous_5)
FNDA:0,(anonymous_6)
FNDA:0,(anonymous_7)
DA:3,1
DA:4,1
DA:5,1
DA:17,8
DA:18,9
DA:19,9
DA:23,9
DA:25,9
DA:26,1
DA:28,1
DA:29,1
DA:30,0
DA:31,0
DA:34,1
DA:35,1
DA:38,1
DA:39,1
DA:42,9
DA:43,1
DA:45,1
DA:46,1
DA:49,0
DA:50,0
DA:52,0
DA:56,9
DA:57,0
DA:58,0
DA:63,0
DA:64,0
DA:115,0
LF:30
LH:20
BRDA:17,0,0,0
BRDA:28,1,0,1
BRDA:28,1,1,0
BRDA:30,2,0,0
BRDA:30,2,1,0
BRDA:34,3,0,1
BRDA:34,3,1,0
BRDA:45,4,0,1
BRDA:45,4,1,0
BRDA:63,5,0,0
BRDA:63,5,1,0
BRDA:102,6,0,0
BRDA:102,6,1,9
BRDA:109,7,0,1
BRDA:109,7,1,8
BRDA:119,8,0,0
BRDA:122,9,0,9
BRDA:133,10,0,4
BRDA:133,10,1,5
BRF:19
BRH:9
end_of_record
TN:
SF:src\components\forms\RegisterForm.tsx
FN:19,RegisterForm
FN:30,(anonymous_2)
FN:61,(anonymous_3)
FN:76,(anonymous_4)
FN:78,(anonymous_5)
FN:84,(anonymous_6)
FN:146,(anonymous_7)
FN:177,(anonymous_8)
FNF:8
FNH:1
FNDA:8,RegisterForm
FNDA:0,(anonymous_2)
FNDA:0,(anonymous_3)
FNDA:0,(anonymous_4)
FNDA:0,(anonymous_5)
FNDA:0,(anonymous_6)
FNDA:0,(anonymous_7)
FNDA:0,(anonymous_8)
DA:3,1
DA:4,1
DA:5,1
DA:19,8
DA:20,8
DA:21,8
DA:22,8
DA:28,8
DA:30,8
DA:31,0
DA:33,0
DA:34,0
DA:35,0
DA:36,0
DA:39,0
DA:40,0
DA:41,0
DA:42,0
DA:45,0
DA:46,0
DA:47,0
DA:48,0
DA:51,0
DA:52,0
DA:53,0
DA:54,0
DA:57,0
DA:58,0
DA:61,8
DA:62,0
DA:64,0
DA:65,0
DA:68,0
DA:69,0
DA:70,0
DA:72,0
DA:76,8
DA:77,0
DA:78,0
DA:83,0
DA:84,0
DA:146,0
DA:177,0
LF:43
LH:11
BRDA:19,0,0,0
BRDA:33,1,0,0
BRDA:33,1,1,0
BRDA:35,2,0,0
BRDA:35,2,1,0
BRDA:39,3,0,0
BRDA:39,3,1,0
BRDA:41,4,0,0
BRDA:41,4,1,0
BRDA:45,5,0,0
BRDA:45,5,1,0
BRDA:47,6,0,0
BRDA:47,6,1,0
BRDA:51,7,0,0
BRDA:51,7,1,0
BRDA:53,8,0,0
BRDA:53,8,1,0
BRDA:64,9,0,0
BRDA:64,9,1,0
BRDA:83,10,0,0
BRDA:83,10,1,0
BRDA:133,11,0,0
BRDA:133,11,1,8
BRDA:140,12,0,0
BRDA:140,12,1,8
BRDA:150,13,0,0
BRDA:153,14,0,8
BRDA:164,15,0,0
BRDA:164,15,1,8
BRDA:171,16,0,0
BRDA:171,16,1,8
BRDA:181,17,0,0
BRDA:184,18,0,8
BRDA:195,19,0,4
BRDA:195,19,1,4
BRF:35
BRH:8
end_of_record
TN:
SF:src\components\forms\TaskForm.tsx
FN:24,TaskForm
FN:43,(anonymous_2)
FN:63,(anonymous_3)
FN:64,(anonymous_4)
FN:79,(anonymous_5)
FN:118,(anonymous_6)
FN:148,(anonymous_7)
FN:149,(anonymous_8)
FN:155,(anonymous_9)
FN:162,(anonymous_10)
FN:180,(anonymous_11)
FN:203,(anonymous_12)
FN:228,(anonymous_13)
FN:246,(anonymous_14)
FN:267,(anonymous_15)
FN:288,(anonymous_16)
FN:293,(anonymous_17)
FNF:17
FNH:0
FNDA:0,TaskForm
FNDA:0,(anonymous_2)
FNDA:0,(anonymous_3)
FNDA:0,(anonymous_4)
FNDA:0,(anonymous_5)
FNDA:0,(anonymous_6)
FNDA:0,(anonymous_7)
FNDA:0,(anonymous_8)
FNDA:0,(anonymous_9)
FNDA:0,(anonymous_10)
FNDA:0,(anonymous_11)
FNDA:0,(anonymous_12)
FNDA:0,(anonymous_13)
FNDA:0,(anonymous_14)
FNDA:0,(anonymous_15)
FNDA:0,(anonymous_16)
FNDA:0,(anonymous_17)
DA:3,1
DA:4,1
DA:6,1
DA:24,0
DA:25,0
DA:38,0
DA:39,0
DA:40,0
DA:41,0
DA:43,0
DA:44,0
DA:45,0
DA:47,0
DA:60,0
DA:63,0
DA:64,0
DA:65,0
DA:66,0
DA:67,0
DA:68,0
DA:70,0
DA:72,0
DA:76,0
DA:79,0
DA:80,0
DA:82,0
DA:83,0
DA:84,0
DA:85,0
DA:88,0
DA:89,0
DA:92,0
DA:93,0
DA:94,0
DA:95,0
DA:97,0
DA:98,0
DA:99,0
DA:100,0
DA:104,0
DA:105,0
DA:109,0
DA:110,0
DA:114,0
DA:115,0
DA:118,0
DA:119,0
DA:121,0
DA:122,0
DA:125,0
DA:126,0
DA:128,0
DA:130,0
DA:131,0
DA:140,0
DA:142,0
DA:144,0
DA:148,0
DA:149,0
DA:154,0
DA:155,0
DA:162,0
DA:163,0
DA:164,0
DA:165,0
DA:167,0
DA:180,0
DA:203,0
DA:228,0
DA:246,0
DA:267,0
DA:288,0
DA:294,0
LF:73
LH:3
BRDA:24,0,0,0
BRDA:24,1,0,0
BRDA:44,2,0,0
BRDA:44,2,1,0
BRDA:44,3,0,0
BRDA:44,3,1,0
BRDA:82,4,0,0
BRDA:82,4,1,0
BRDA:84,5,0,0
BRDA:84,5,1,0
BRDA:88,6,0,0
BRDA:88,6,1,0
BRDA:88,7,0,0
BRDA:88,7,1,0
BRDA:92,8,0,0
BRDA:92,8,1,0
BRDA:97,9,0,0
BRDA:97,9,1,0
BRDA:99,10,0,0
BRDA:99,10,1,0
BRDA:104,11,0,0
BRDA:104,11,1,0
BRDA:105,12,0,0
BRDA:105,12,1,0
BRDA:109,13,0,0
BRDA:109,13,1,0
BRDA:109,14,0,0
BRDA:109,14,1,0
BRDA:109,14,2,0
BRDA:121,15,0,0
BRDA:121,15,1,0
BRDA:125,16,0,0
BRDA:125,16,1,0
BRDA:126,17,0,0
BRDA:126,17,1,0
BRDA:133,18,0,0
BRDA:133,18,1,0
BRDA:136,19,0,0
BRDA:136,19,1,0
BRDA:137,20,0,0
BRDA:137,20,1,0
BRDA:154,21,0,0
BRDA:154,21,1,0
BRDA:167,22,0,0
BRDA:167,22,1,0
BRDA:186,23,0,0
BRDA:202,24,0,0
BRDA:202,24,1,0
BRDA:210,25,0,0
BRDA:217,26,0,0
BRDA:217,26,1,0
BRDA:266,27,0,0
BRDA:266,27,1,0
BRDA:272,28,0,0
BRDA:287,29,0,0
BRDA:287,29,1,0
BRDA:290,30,0,0
BRDA:290,30,1,0
BRDA:300,31,0,0
BRDA:307,32,0,0
BRDA:307,32,1,0
BRDA:312,33,0,0
BRDA:318,34,0,0
BRDA:318,34,1,0
BRDA:325,35,0,0
BRDA:325,35,1,0
BRDA:327,36,0,0
BRDA:327,36,1,0
BRDA:331,37,0,0
BRDA:331,37,1,0
BRDA:331,38,0,0
BRDA:331,38,1,0
BRDA:333,39,0,0
BRDA:333,39,1,0
BRF:74
BRH:0
end_of_record
TN:
SF:src\components\modals\DeleteConfirmModal.tsx
FN:14,DeleteConfirmModal
FN:17,(anonymous_2)
FNF:2
FNH:0
FNDA:0,DeleteConfirmModal
FNDA:0,(anonymous_2)
DA:3,1
DA:4,1
DA:14,0
DA:15,0
DA:17,0
DA:18,0
DA:19,0
LF:7
LH:2
BRDA:14,0,0,0
BRDA:15,1,0,0
BRDA:15,1,1,0
BRDA:18,2,0,0
BRDA:18,2,1,0
BRDA:18,3,0,0
BRDA:18,3,1,0
BRDA:74,4,0,0
BRDA:75,5,0,0
BRDA:75,5,1,0
BRF:10
BRH:0
end_of_record
TN:
SF:src\components\modals\TaskModal.tsx
FN:15,TaskModal
FN:18,(anonymous_3)
FN:24,(anonymous_4)
FNF:3
FNH:3
FNDA:16,TaskModal
FNDA:6,(anonymous_3)
FNDA:1,(anonymous_4)
DA:1,2
DA:2,2
DA:3,2
DA:15,16
DA:16,16
DA:18,15
DA:19,6
DA:20,1
DA:24,15
DA:25,1
LF:10
LH:10
BRDA:15,0,0,0
BRDA:16,1,0,1
BRDA:16,1,1,15
BRDA:19,2,0,1
BRDA:19,2,1,5
BRDA:19,3,0,6
BRDA:19,3,1,2
BRDA:37,4,0,12
BRDA:37,4,1,3
BRDA:74,5,0,15
BRDA:78,6,0,4
BRDA:78,6,1,11
BRDA:80,7,0,9
BRDA:80,7,1,2
BRF:14
BRH:13
end_of_record
TN:
SF:src\components\providers\AuthProvider.tsx
FN:10,AuthProvider
FNF:1
FNH:1
FNDA:122,AuthProvider
DA:4,4
DA:10,61
DA:11,122
LF:3
LH:3
BRF:0
BRH:0
end_of_record
TN:
SF:src\components\ui\Button.tsx
FN:11,(anonymous_1)
FNF:1
FNH:1
FNDA:34,(anonymous_1)
DA:1,2
DA:2,2
DA:10,2
DA:12,34
DA:14,34
DA:22,34
DA:49,2
DA:51,34
LF:8
LH:8
BRDA:11,0,0,30
BRDA:11,1,0,31
BRDA:37,2,0,34
BRDA:37,2,1,24
BRDA:40,3,0,34
BRF:5
BRH:5
end_of_record
TN:
SF:src\components\ui\Card.tsx
FNF:0
FNH:0
DA:1,1
DA:2,1
DA:18,1
DA:29,1
DA:40,1
DA:51,1
DA:58,1
DA:69,1
DA:71,17
LF:9
LH:9
BRF:0
BRH:0
end_of_record
TN:
SF:src\components\ui\ErrorMessage.tsx
FN:11,(anonymous_1)
FNF:1
FNH:1
FNDA:11,(anonymous_1)
DA:1,1
DA:2,1
DA:11,11
DA:17,11
LF:4
LH:4
BRDA:15,0,0,9
BRDA:32,1,0,11
BRF:2
BRH:2
end_of_record
TN:
SF:src\components\ui\Input.tsx
FN:11,(anonymous_1)
FNF:1
FNH:1
FNDA:40,(anonymous_1)
DA:1,2
DA:2,2
DA:10,2
DA:12,40
DA:13,40
DA:50,2
DA:52,40
LF:7
LH:7
BRDA:13,0,0,40
BRDA:13,0,1,39
BRDA:17,1,0,40
BRDA:31,2,0,40
BRDA:31,2,1,3
BRDA:38,3,0,40
BRDA:42,4,0,40
BRDA:42,4,1,2
BRF:8
BRH:8
end_of_record
TN:
SF:src\components\ui\Loading.tsx
FN:10,Loading
FN:98,Skeleton
FNF:2
FNH:0
FNDA:0,Loading
FNDA:0,Skeleton
DA:2,1
DA:10,0
DA:17,0
DA:23,0
DA:29,0
DA:52,0
DA:74,0
DA:92,0
DA:98,0
LF:9
LH:1
BRDA:12,0,0,0
BRDA:13,1,0,0
BRDA:29,2,0,0
BRDA:29,2,1,0
BRDA:42,3,0,0
BRDA:52,4,0,0
BRDA:52,4,1,0
BRDA:64,5,0,0
BRDA:74,6,0,0
BRDA:74,6,1,0
BRDA:82,7,0,0
BRF:11
BRH:0
end_of_record
TN:
SF:src\components\ui\LoadingSpinner.tsx
FN:8,(anonymous_1)
FNF:1
FNH:0
FNDA:0,(anonymous_1)
DA:1,0
DA:8,0
DA:9,0
LF:3
LH:0
BRDA:8,0,0,0
BRF:1
BRH:0
end_of_record
TN:
SF:src\components\ui\PriorityBadge.tsx
FN:11,PriorityBadge
FNF:1
FNH:0
FNDA:0,PriorityBadge
DA:3,0
DA:11,0
DA:12,0
DA:35,0
DA:41,0
DA:47,0
DA:48,0
LF:7
LH:0
BRDA:11,0,0,0
BRDA:11,1,0,0
BRDA:47,2,0,0
BRDA:47,2,1,0
BRDA:48,3,0,0
BRDA:48,3,1,0
BRDA:56,4,0,0
BRF:7
BRH:0
end_of_record
TN:
SF:src\components\ui\StatusBadge.tsx
FN:11,StatusBadge
FNF:1
FNH:0
FNDA:0,StatusBadge
DA:3,0
DA:11,0
DA:12,0
DA:35,0
DA:41,0
DA:47,0
DA:48,0
LF:7
LH:0
BRDA:11,0,0,0
BRDA:11,1,0,0
BRDA:47,2,0,0
BRDA:47,2,1,0
BRDA:48,3,0,0
BRDA:48,3,1,0
BRDA:56,4,0,0
BRF:7
BRH:0
end_of_record
TN:
SF:src\components\ui\SuccessMessage.tsx
FN:10,(anonymous_1)
FNF:1
FNH:1
FNDA:10,(anonymous_1)
DA:1,2
DA:2,2
DA:10,10
LF:3
LH:3
BRDA:25,0,0,10
BRF:1
BRH:1
end_of_record
TN:
SF:src\components\ui\index.ts
FNF:0
FNH:0
DA:1,17
DA:4,25
DA:7,17
DA:10,1
LF:4
LH:4
BRF:0
BRH:0
end_of_record
TN:
SF:src\hooks\useAuth.ts
FN:19,(anonymous_4)
FN:27,(anonymous_5)
FN:34,(anonymous_6)
FN:38,(anonymous_7)
FN:55,(anonymous_8)
FN:73,(anonymous_9)
FN:85,(anonymous_10)
FN:106,(anonymous_11)
FN:110,(anonymous_12)
FNF:9
FNH:9
FNDA:126,(anonymous_4)
FNDA:161,(anonymous_5)
FNDA:1,(anonymous_6)
FNDA:6,(anonymous_7)
FNDA:2,(anonymous_8)
FNDA:2,(anonymous_9)
FNDA:21,(anonymous_10)
FNDA:1,(anonymous_11)
FNDA:21,(anonymous_12)
DA:1,5
DA:3,5
DA:17,5
DA:19,126
DA:20,126
DA:21,122
DA:22,0
DA:24,122
DA:27,161
DA:28,161
DA:29,161
DA:30,161
DA:32,161
DA:34,161
DA:35,1
DA:38,161
DA:39,6
DA:40,6
DA:41,6
DA:42,6
DA:43,4
DA:45,2
DA:48,2
DA:49,2
DA:51,6
DA:55,161
DA:56,2
DA:57,2
DA:58,2
DA:59,2
DA:61,1
DA:63,1
DA:66,1
DA:67,1
DA:69,2
DA:73,161
DA:74,2
DA:75,2
DA:76,2
DA:77,1
DA:79,1
DA:81,1
DA:85,161
DA:86,21
DA:87,21
DA:88,21
DA:89,21
DA:90,19
DA:91,19
DA:94,2
DA:95,1
DA:97,1
DA:99,1
DA:100,1
DA:102,21
DA:106,161
DA:107,1
DA:110,161
DA:111,21
DA:114,161
DA:127,122
LF:61
LH:60
BRDA:21,0,0,0
BRDA:21,0,1,122
BRDA:45,1,0,0
BRDA:45,1,1,2
BRDA:63,2,0,0
BRDA:63,2,1,1
BRDA:89,3,0,19
BRDA:89,3,1,2
BRF:8
BRH:5
end_of_record
TN:
SF:src\hooks\useTasks.ts
FN:16,(anonymous_1)
FN:22,(anonymous_2)
FN:39,(anonymous_3)
FN:43,(anonymous_4)
FN:53,(anonymous_5)
FN:57,(anonymous_6)
FN:57,(anonymous_7)
FN:69,(anonymous_8)
FN:73,(anonymous_9)
FN:73,(anonymous_10)
FN:83,(anonymous_11)
FN:87,(anonymous_12)
FN:91,(anonymous_13)
FNF:13
FNH:13
FNDA:41,(anonymous_1)
FNDA:18,(anonymous_2)
FNDA:3,(anonymous_3)
FNDA:2,(anonymous_4)
FNDA:2,(anonymous_5)
FNDA:1,(anonymous_6)
FNDA:2,(anonymous_7)
FNDA:2,(anonymous_8)
FNDA:1,(anonymous_9)
FNDA:2,(anonymous_10)
FNDA:2,(anonymous_11)
FNDA:1,(anonymous_12)
FNDA:16,(anonymous_13)
DA:1,1
DA:3,1
DA:16,41
DA:17,41
DA:18,41
DA:19,41
DA:20,41
DA:22,41
DA:23,18
DA:24,18
DA:25,18
DA:26,18
DA:27,15
DA:29,3
DA:32,3
DA:33,3
DA:35,18
DA:39,41
DA:40,3
DA:41,3
DA:42,3
DA:43,2
DA:45,1
DA:48,1
DA:49,1
DA:53,41
DA:54,2
DA:55,2
DA:56,2
DA:57,1
DA:58,2
DA:61,1
DA:64,1
DA:65,1
DA:69,41
DA:70,2
DA:71,2
DA:72,2
DA:73,2
DA:75,1
DA:78,1
DA:79,1
DA:83,41
DA:84,2
DA:87,41
DA:88,1
DA:91,41
DA:92,16
DA:95,41
LF:49
LH:49
BRDA:20,0,0,41
BRDA:20,0,1,39
BRDA:29,1,0,0
BRDA:29,1,1,3
BRDA:45,2,0,0
BRDA:45,2,1,1
BRDA:58,3,0,1
BRDA:58,3,1,1
BRDA:61,4,0,0
BRDA:61,4,1,1
BRDA:75,5,0,0
BRDA:75,5,1,1
BRF:12
BRH:8
end_of_record
TN:
SF:src\lib\api.ts
FN:17,(anonymous_7)
FN:27,(anonymous_8)
FN:32,(anonymous_9)
FN:80,(anonymous_10)
FN:96,(anonymous_11)
FN:109,(anonymous_12)
FN:115,(anonymous_13)
FN:119,(anonymous_14)
FN:136,(anonymous_15)
FN:140,(anonymous_16)
FN:153,(anonymous_17)
FN:157,(anonymous_18)
FN:164,(anonymous_19)
FN:171,(anonymous_20)
FN:179,(anonymous_21)
FN:183,(anonymous_22)
FN:187,(anonymous_23)
FNF:17
FNH:17
FNDA:5,(anonymous_7)
FNDA:22,(anonymous_8)
FNDA:22,(anonymous_9)
FNDA:3,(anonymous_10)
FNDA:1,(anonymous_11)
FNDA:1,(anonymous_12)
FNDA:6,(anonymous_13)
FNDA:1,(anonymous_14)
FNDA:3,(anonymous_15)
FNDA:6,(anonymous_16)
FNDA:1,(anonymous_17)
FNDA:1,(anonymous_18)
FNDA:1,(anonymous_19)
FNDA:2,(anonymous_20)
FNDA:1,(anonymous_21)
FNDA:1,(anonymous_22)
FNDA:1,(anonymous_23)
DA:14,1
DA:16,4
DA:22,5
DA:23,5
DA:27,1
DA:28,22
DA:29,22
DA:32,1
DA:36,22
DA:38,22
DA:47,22
DA:48,22
DA:51,21
DA:53,21
DA:54,19
DA:56,2
DA:59,21
DA:60,3
DA:61,3
DA:64,18
DA:66,4
DA:67,3
DA:71,1
DA:72,1
DA:79,12
DA:81,3
DA:86,2
DA:87,2
DA:90,2
DA:97,1
DA:103,1
DA:110,1
DA:116,6
DA:120,1
DA:124,1
DA:125,1
DA:128,1
DA:135,8
DA:137,3
DA:139,3
DA:140,2
DA:141,6
DA:142,4
DA:147,3
DA:148,3
DA:150,3
DA:154,1
DA:158,1
DA:165,1
DA:172,2
DA:178,3
DA:180,1
DA:184,1
DA:188,1
DA:195,1
DA:201,1
LF:56
LH:56
BRDA:14,0,0,1
BRDA:14,0,1,0
BRDA:28,1,0,0
BRDA:28,1,1,22
BRDA:34,2,0,12
BRDA:41,3,0,22
BRDA:41,3,1,1
BRDA:53,4,0,19
BRDA:53,4,1,2
BRDA:53,5,0,21
BRDA:53,5,1,21
BRDA:59,6,0,3
BRDA:59,6,1,18
BRDA:60,7,0,3
BRDA:60,7,1,1
BRDA:60,7,2,1
BRDA:66,8,0,3
BRDA:66,8,1,1
BRDA:73,9,0,1
BRDA:73,9,1,0
BRDA:86,10,0,2
BRDA:86,10,1,0
BRDA:124,11,0,1
BRDA:124,11,1,0
BRDA:139,12,0,2
BRDA:139,12,1,1
BRDA:141,13,0,4
BRDA:141,13,1,2
BRDA:141,14,0,6
BRDA:141,14,1,5
BRDA:148,15,0,2
BRDA:148,15,1,1
BRF:32
BRH:27
end_of_record
TN:
SF:src\lib\auth.ts
FN:4,(anonymous_13)
FN:10,(anonymous_14)
FN:15,(anonymous_15)
FN:21,(anonymous_16)
FN:28,(anonymous_17)
FN:35,(anonymous_18)
FN:46,(anonymous_19)
FN:59,(anonymous_20)
FN:76,(anonymous_21)
FN:87,(anonymous_22)
FN:93,(anonymous_23)
FN:100,(anonymous_24)
FN:110,(anonymous_25)
FNF:13
FNH:9
FNDA:7,(anonymous_13)
FNDA:6,(anonymous_14)
FNDA:2,(anonymous_15)
FNDA:4,(anonymous_16)
FNDA:13,(anonymous_17)
FNDA:424,(anonymous_18)
FNDA:6,(anonymous_19)
FNDA:4,(anonymous_20)
FNDA:3,(anonymous_21)
FNDA:0,(anonymous_22)
FNDA:0,(anonymous_23)
FNDA:0,(anonymous_24)
FNDA:0,(anonymous_25)
DA:4,5
DA:5,7
DA:6,7
DA:7,7
DA:10,1
DA:11,6
DA:12,6
DA:15,2
DA:16,2
DA:17,2
DA:21,2
DA:22,4
DA:23,4
DA:28,1
DA:29,13
DA:30,13
DA:31,13
DA:32,10
DA:35,424
DA:38,9
DA:40,4
DA:41,4
DA:46,1
DA:47,6
DA:48,6
DA:49,6
DA:51,4
DA:52,4
DA:54,0
DA:59,1
DA:60,4
DA:61,4
DA:62,4
DA:64,3
DA:70,0
DA:71,0
DA:76,1
DA:77,3
DA:78,3
DA:79,2
DA:80,2
DA:83,1
DA:87,1
DA:88,0
DA:89,0
DA:93,1
DA:94,0
DA:95,0
DA:100,1
DA:101,0
DA:102,0
DA:103,0
DA:104,0
DA:106,0
DA:110,1
DA:111,0
DA:112,0
DA:113,0
DA:114,0
DA:116,0
LF:60
LH:43
BRDA:5,0,0,0
BRDA:5,0,1,7
BRDA:11,1,0,0
BRDA:11,1,1,6
BRDA:16,2,0,2
BRDA:16,2,1,0
BRDA:22,3,0,4
BRDA:22,3,1,0
BRDA:49,4,0,2
BRDA:49,4,1,4
BRDA:49,5,0,6
BRDA:49,5,1,5
BRDA:62,6,0,1
BRDA:62,6,1,3
BRDA:65,7,0,3
BRDA:65,7,1,1
BRDA:78,8,0,2
BRDA:78,8,1,1
BRDA:78,9,0,3
BRDA:78,9,1,2
BRDA:88,10,0,0
BRDA:88,10,1,0
BRDA:94,11,0,0
BRDA:94,11,1,0
BRDA:102,12,0,0
BRDA:102,12,1,0
BRDA:112,13,0,0
BRDA:112,13,1,0
BRF:28
BRH:16
end_of_record
TN:
SF:src\lib\utils.ts
FN:4,cn
FN:15,formatDateBR
FNF:2
FNH:2
FNDA:187,cn
FNDA:39,formatDateBR
DA:1,7
DA:2,7
DA:4,187
DA:5,187
DA:15,39
DA:16,39
DA:17,3
DA:20,36
DA:22,36
DA:23,36
DA:24,29
DA:26,29
DA:27,29
DA:28,29
DA:31,29
DA:33,25
DA:34,25
DA:37,22
DA:40,7
DA:44,7
DA:45,7
DA:46,1
DA:47,1
DA:48,1
DA:49,1
DA:51,1
DA:52,1
DA:53,1
DA:56,1
DA:59,0
DA:63,6
DA:64,1
DA:69,5
DA:72,5
DA:73,5
DA:77,0
DA:78,0
DA:79,0
DA:81,0
DA:83,0
LF:40
LH:34
BRDA:16,0,0,3
BRDA:16,0,1,36
BRDA:23,1,0,29
BRDA:23,1,1,7
BRDA:31,2,0,25
BRDA:31,2,1,4
BRDA:31,3,0,29
BRDA:31,3,1,28
BRDA:31,3,2,28
BRDA:31,3,3,26
BRDA:31,3,4,26
BRDA:34,4,0,22
BRDA:34,4,1,3
BRDA:34,5,0,25
BRDA:34,5,1,24
BRDA:34,5,2,22
BRDA:45,6,0,1
BRDA:45,6,1,6
BRDA:51,7,0,1
BRDA:51,7,1,0
BRDA:51,8,0,1
BRDA:51,8,1,1
BRDA:51,8,2,1
BRDA:51,8,3,1
BRDA:51,8,4,1
BRDA:53,9,0,1
BRDA:53,9,1,0
BRDA:53,10,0,1
BRDA:53,10,1,1
BRDA:53,10,2,1
BRDA:63,11,0,1
BRDA:63,11,1,5
BRDA:63,12,0,6
BRDA:63,12,1,5
BRDA:72,13,0,5
BRDA:72,13,1,0
BRF:36
BRH:33
end_of_record
